\BOOKMARK [-1][-]{part.1}{\376\377\000I\000\040\000P\000r\000e\000c\000\341\000l\000c\000u\000l\000o}{}% 1
\BOOKMARK [0][-]{chapter.1}{\376\377\000T\000e\000o\000r\000\355\000a\000\040\000d\000e\000\040\000c\000o\000n\000j\000u\000n\000t\000o\000s}{part.1}% 2
\BOOKMARK [1][-]{section.1.1}{\376\377\000L\000\363\000g\000i\000c\000a\000\040\000m\000a\000t\000e\000m\000\341\000t\000i\000c\000a}{chapter.1}% 3
\BOOKMARK [1][-]{section.1.2}{\376\377\000T\000e\000o\000r\000\355\000a\000\040\000d\000e\000\040\000C\000o\000n\000j\000u\000n\000t\000o\000s}{chapter.1}% 4
\BOOKMARK [1][-]{section.1.3}{\376\377\000P\000a\000r\000t\000i\000c\000i\000o\000n\000e\000s}{chapter.1}% 5
\BOOKMARK [1][-]{section.1.4}{\376\377\000I\000n\000d\000u\000c\000c\000i\000\363\000n\000\040\000M\000a\000t\000e\000m\000\341\000t\000i\000c\000a}{chapter.1}% 6
\BOOKMARK [1][-]{section.1.5}{\376\377\000R\000e\000l\000a\000c\000i\000o\000n\000e\000s}{chapter.1}% 7
\BOOKMARK [1][-]{section.1.6}{\376\377\000F\000u\000n\000c\000i\000o\000n\000e\000s}{chapter.1}% 8
\BOOKMARK [1][-]{section.1.7}{\376\377\000A\000n\000\341\000l\000i\000s\000i\000s\000\040\000c\000o\000m\000b\000i\000n\000a\000t\000o\000r\000i\000o}{chapter.1}% 9
\BOOKMARK [0][-]{chapter.2}{\376\377\000F\000u\000n\000d\000a\000m\000e\000n\000t\000o\000s\000\040\000d\000e\000\040\000A\000r\000i\000t\000m\000\351\000t\000i\000c\000a}{part.1}% 10
\BOOKMARK [1][-]{section.2.1}{\376\377\000L\000o\000s\000\040\000n\000\372\000m\000e\000r\000o\000s\000\040\000e\000n\000t\000e\000r\000o\000s}{chapter.2}% 11
\BOOKMARK [1][-]{section.2.2}{\376\377\000L\000o\000s\000\040\000n\000\372\000m\000e\000r\000o\000s\000\040\000r\000a\000c\000i\000o\000n\000a\000l\000e\000s}{chapter.2}% 12
\BOOKMARK [1][-]{section.2.3}{\376\377\000R\000a\000z\000o\000n\000e\000s\000\040\000y\000\040\000p\000r\000o\000p\000o\000r\000c\000i\000o\000n\000e\000s}{chapter.2}% 13
\BOOKMARK [1][-]{section.2.4}{\376\377\000T\000e\000o\000r\000e\000m\000a\000\040\000F\000u\000n\000d\000a\000m\000e\000n\000t\000a\000l\000\040\000d\000e\000\040\000l\000a\000\040\000A\000r\000i\000t\000m\000\351\000t\000i\000c\000a}{chapter.2}% 14
\BOOKMARK [0][-]{chapter.3}{\376\377\000S\000i\000s\000t\000e\000m\000a\000s\000\040\000n\000u\000m\000\351\000r\000i\000c\000o\000s}{part.1}% 15
\BOOKMARK [1][-]{section.3.1}{\376\377\000N\000\372\000m\000e\000r\000o\000s\000\040\000R\000e\000a\000l\000e\000s}{chapter.3}% 16
\BOOKMARK [1][-]{section.3.2}{\376\377\000F\000u\000n\000c\000i\000o\000n\000e\000s\000\040\000r\000e\000a\000l\000e\000s}{chapter.3}% 17
\BOOKMARK [1][-]{section.3.3}{\376\377\000N\000\372\000m\000e\000r\000o\000s\000\040\000c\000o\000m\000p\000l\000e\000j\000o\000s}{chapter.3}% 18
\BOOKMARK [0][-]{chapter.4}{\376\377\000\301\000l\000g\000e\000b\000r\000a}{part.1}% 19
\BOOKMARK [1][-]{section.4.1}{\376\377\000R\000e\000d\000u\000c\000c\000i\000\363\000n\000\040\000d\000e\000\040\000t\000\351\000r\000m\000i\000n\000o\000s\000\040\000s\000e\000m\000e\000j\000a\000n\000t\000e\000s}{chapter.4}% 20
\BOOKMARK [1][-]{section.4.2}{\376\377\000S\000u\000p\000r\000e\000s\000i\000\363\000n\000\040\000d\000e\000\040\000s\000i\000g\000n\000o\000s\000\040\000d\000e\000\040\000a\000g\000r\000u\000p\000a\000c\000i\000\363\000n}{chapter.4}% 21
\BOOKMARK [1][-]{section.4.3}{\376\377\000M\000u\000t\000i\000p\000l\000i\000c\000a\000c\000i\000\363\000n\000\040\000d\000e\000\040\000p\000o\000l\000i\000n\000o\000m\000i\000o\000s}{chapter.4}% 22
\BOOKMARK [1][-]{section.4.4}{\376\377\000P\000r\000o\000d\000u\000c\000t\000o\000s\000\040\000n\000o\000t\000a\000b\000l\000e\000s}{chapter.4}% 23
\BOOKMARK [1][-]{section.4.5}{\376\377\000S\000u\000m\000a\000s\000\040\000y\000\040\000d\000i\000f\000e\000r\000e\000n\000c\000i\000a\000s\000\040\000d\000e\000\040\000p\000o\000t\000e\000n\000c\000i\000a\000s}{chapter.4}% 24
\BOOKMARK [0][-]{chapter.5}{\376\377\000F\000a\000c\000t\000o\000r\000i\000z\000a\000c\000i\000\363\000n}{part.1}% 25
\BOOKMARK [1][-]{section.5.1}{\376\377\000M\000\351\000t\000o\000d\000o\000\040\000d\000e\000\040\000H\000o\000r\000n\000e\000r\000\040\000y\000\040\000D\000i\000v\000i\000s\000i\000\363\000n\000\040\000S\000i\000n\000t\000\351\000t\000i\000c\000a}{chapter.5}% 26
\BOOKMARK [1][-]{section.5.2}{\376\377\000T\000e\000o\000r\000e\000m\000a\000\040\000d\000e\000\040\000l\000o\000s\000\040\000c\000e\000r\000o\000s\000\040\000r\000a\000c\000i\000o\000n\000a\000l\000e\000s}{chapter.5}% 27
\BOOKMARK [1][-]{section.5.3}{\376\377\000A\000l\000g\000o\000r\000i\000t\000m\000o\000\040\000d\000e\000\040\000f\000a\000c\000t\000o\000r\000i\000z\000a\000c\000i\000\363\000n}{chapter.5}% 28
\BOOKMARK [1][-]{section.5.4}{\376\377\000C\000r\000i\000t\000e\000r\000i\000o\000s\000\040\000p\000a\000r\000a\000\040\000e\000v\000a\000l\000u\000a\000r\000\040\000r\000a\000\355\000c\000e\000s}{chapter.5}% 29
\BOOKMARK [1][-]{section.5.5}{\376\377\000E\000c\000u\000a\000c\000i\000o\000n\000e\000s\000\040\000d\000e\000\040\000s\000e\000g\000u\000n\000d\000o\000\040\000g\000r\000a\000d\000o}{chapter.5}% 30
\BOOKMARK [0][-]{chapter.6}{\376\377\000T\000r\000i\000g\000o\000n\000o\000m\000e\000t\000r\000\355\000a}{part.1}% 31
\BOOKMARK [1][-]{section.6.1}{\376\377\000L\000a\000\040\000g\000e\000o\000m\000e\000t\000r\000\355\000a\000\040\000d\000e\000\040\000l\000o\000s\000\040\000t\000r\000i\000\341\000n\000g\000u\000l\000o\000s\000:\000\040\000c\000o\000n\000g\000r\000u\000e\000n\000c\000i\000a\000,\000\040\000s\000i\000m\000i\000l\000i\000t\000u\000d\000\040\000y\000\040\000e\000l\000\040\000t\000e\000o\000r\000e\000m\000a\000\040\000d\000e\000\040\000P\000i\000t\000\341\000g\000o\000r\000a\000s}{chapter.6}% 32
\BOOKMARK [1][-]{section.6.2}{\376\377\000L\000o\000s\000\040\000\341\000n\000g\000u\000l\000o\000s\000\040\000y\000\040\000s\000u\000s\000\040\000m\000e\000d\000i\000d\000a\000s}{chapter.6}% 33
\BOOKMARK [1][-]{section.6.3}{\376\377\000F\000u\000n\000c\000i\000o\000n\000e\000s\000\040\000t\000r\000i\000g\000o\000n\000o\000m\000\351\000t\000r\000i\000c\000a\000s\000:\000\040\000E\000l\000\040\000e\000n\000f\000o\000q\000u\000e\000\040\000d\000e\000l\000\040\000c\000\355\000r\000c\000u\000l\000o\000\040\000u\000n\000i\000t\000a\000r\000i\000o}{chapter.6}% 34
\BOOKMARK [1][-]{section.6.4}{\376\377\000F\000u\000n\000c\000i\000o\000n\000e\000s\000\040\000t\000r\000i\000g\000o\000n\000o\000m\000\351\000t\000r\000i\000c\000a\000s\000\040\000i\000n\000v\000e\000r\000s\000a\000s}{chapter.6}% 35
\BOOKMARK [1][-]{section.6.5}{\376\377\000P\000r\000o\000p\000i\000e\000d\000a\000d\000e\000s\000\040\000d\000e\000\040\000f\000u\000n\000c\000i\000o\000n\000e\000s\000\040\000t\000r\000i\000g\000o\000n\000o\000m\000\351\000t\000r\000i\000c\000a\000s}{chapter.6}% 36
\BOOKMARK [1][-]{section.6.6}{\376\377\000S\000u\000m\000a\000\040\000y\000\040\000d\000i\000f\000e\000r\000e\000n\000c\000i\000a\000s\000\040\000d\000e\000\040\000\341\000n\000g\000u\000l\000o\000s}{chapter.6}% 37
\BOOKMARK [-1][-]{part.2}{\376\377\000I\000I\000\040\000\301\000l\000g\000e\000b\000r\000a\000\040\000L\000i\000n\000e\000a\000l}{}% 38
\BOOKMARK [0][-]{chapter.7}{\376\377\000S\000i\000s\000t\000e\000m\000a\000s\000\040\000l\000i\000n\000e\000a\000l\000e\000s}{part.2}% 39
\BOOKMARK [1][-]{section.7.1}{\376\377\000S\000i\000s\000t\000e\000m\000a\000s\000\040\000d\000e\000\040\000E\000c\000u\000a\000c\000i\000o\000n\000e\000s\000\040\000L\000i\000n\000e\000a\000l\000e\000s\000\040\000S\000i\000m\000u\000l\000t\000\341\000n\000e\000a\000s}{chapter.7}% 40
\BOOKMARK [1][-]{section.7.2}{\376\377\000D\000e\000t\000e\000r\000m\000i\000n\000a\000n\000t\000e\000s}{chapter.7}% 41
\BOOKMARK [1][-]{section.7.3}{\376\377\000F\000r\000a\000c\000c\000i\000o\000n\000e\000s\000\040\000p\000a\000r\000c\000i\000a\000l\000e\000s}{chapter.7}% 42
\BOOKMARK [0][-]{chapter.8}{\376\377\000E\000s\000p\000a\000c\000i\000o\000s\000\040\000V\000e\000c\000t\000o\000r\000i\000a\000l\000e\000s}{part.2}% 43
\BOOKMARK [1][-]{section.8.1}{\376\377\000D\000e\000f\000i\000n\000i\000c\000i\000\363\000n\000\040\000y\000\040\000e\000j\000e\000m\000p\000l\000o\000s}{chapter.8}% 44
\BOOKMARK [1][-]{section.8.2}{\376\377\000S\000u\000b\000e\000s\000p\000a\000c\000i\000o\000s\000\040\000v\000e\000c\000t\000o\000r\000i\000a\000l\000e\000s}{chapter.8}% 45
\BOOKMARK [1][-]{section.8.3}{\376\377\000T\000r\000a\000n\000s\000f\000o\000r\000m\000a\000c\000i\000o\000n\000e\000s\000\040\000l\000i\000n\000e\000a\000l\000e\000s}{chapter.8}% 46
\BOOKMARK [1][-]{section.8.4}{\376\377\000N\000\372\000c\000l\000e\000o\000\040\000e\000\040\000i\000m\000a\000g\000e\000n}{chapter.8}% 47
\BOOKMARK [1][-]{section.8.5}{\376\377\000B\000a\000s\000e\000s\000\040\000y\000\040\000d\000i\000m\000e\000n\000s\000i\000\363\000n}{chapter.8}% 48
\BOOKMARK [1][-]{section.8.6}{\376\377\000C\000o\000o\000r\000d\000e\000n\000a\000d\000a\000s\000\040\000y\000\040\000c\000a\000m\000b\000i\000o\000s\000\040\000d\000e\000\040\000b\000a\000s\000e\000.}{chapter.8}% 49
\BOOKMARK [0][-]{chapter.9}{\376\377\000T\000e\000o\000r\000\355\000a\000\040\000e\000s\000p\000e\000c\000t\000r\000a\000l}{part.2}% 50
\BOOKMARK [1][-]{section.9.1}{\376\377\000V\000a\000l\000o\000r\000e\000s\000\040\000p\000r\000o\000p\000i\000o\000s}{chapter.9}% 51
\BOOKMARK [1][-]{section.9.2}{\376\377\000V\000a\000l\000o\000r\000e\000s\000\040\000p\000r\000o\000p\000i\000o\000s}{chapter.9}% 52
\BOOKMARK [1][-]{section.9.3}{\376\377\000V\000e\000c\000t\000o\000r\000e\000s\000\040\000p\000r\000o\000p\000i\000o\000s}{chapter.9}% 53
\BOOKMARK [1][-]{section.9.4}{\376\377\000D\000i\000a\000g\000o\000n\000a\000l\000i\000z\000a\000c\000i\000\363\000n}{chapter.9}% 54
\BOOKMARK [-1][-]{part.3}{\376\377\000I\000I\000I\000\040\000C\000\341\000l\000c\000u\000l\000o}{}% 55
\BOOKMARK [0][-]{chapter.10}{\376\377\000C\000\341\000l\000c\000u\000l\000o\000\040\000D\000i\000f\000e\000r\000e\000n\000c\000i\000a\000l}{part.3}% 56
\BOOKMARK [1][-]{section.10.1}{\376\377\000L\000\355\000m\000i\000t\000e\000s\000\040\000y\000\040\000c\000o\000n\000t\000i\000n\000u\000i\000d\000a\000d}{chapter.10}% 57
\BOOKMARK [1][-]{section.10.2}{\376\377\000D\000e\000r\000i\000v\000a\000d\000a\000s}{chapter.10}% 58
\BOOKMARK [1][-]{section.10.3}{\376\377\000D\000e\000r\000i\000v\000a\000c\000i\000\363\000n\000\040\000i\000m\000p\000l\000\355\000c\000i\000t\000a}{chapter.10}% 59
\BOOKMARK [1][-]{section.10.4}{\376\377\000D\000e\000r\000i\000v\000a\000c\000i\000\363\000n\000\040\000l\000o\000g\000a\000r\000\355\000t\000m\000i\000c\000a}{chapter.10}% 60
\BOOKMARK [1][-]{section.10.5}{\376\377\000L\000i\000n\000e\000a\000l\000i\000z\000a\000c\000i\000\363\000n}{chapter.10}% 61
\BOOKMARK [1][-]{section.10.6}{\376\377\000O\000p\000t\000i\000m\000i\000z\000a\000c\000i\000\363\000n\000\040\000u\000n\000i\000v\000a\000r\000i\000a\000d\000a}{chapter.10}% 62
\BOOKMARK [1][-]{section.10.7}{\376\377\000A\000n\000\341\000l\000i\000s\000i\000s\000\040\000d\000e\000\040\000G\000r\000\341\000f\000i\000c\000a\000s}{chapter.10}% 63
\BOOKMARK [0][-]{chapter.11}{\376\377\000C\000\341\000l\000c\000u\000l\000o\000\040\000I\000n\000t\000e\000g\000r\000a\000l}{part.3}% 64
\BOOKMARK [1][-]{section.11.1}{\376\377\000A\000n\000t\000i\000d\000e\000r\000i\000v\000a\000d\000a\000s}{chapter.11}% 65
\BOOKMARK [1][-]{section.11.2}{\376\377\000L\000a\000\040\000i\000n\000t\000e\000g\000r\000a\000l\000\040\000d\000e\000f\000i\000n\000i\000d\000a}{chapter.11}% 66
\BOOKMARK [1][-]{section.11.3}{\376\377\000E\000l\000\040\000T\000e\000o\000r\000e\000m\000a\000\040\000F\000u\000n\000d\000a\000m\000e\000n\000t\000a\000l\000\040\000d\000e\000l\000\040\000C\000\341\000l\000c\000u\000l\000o}{chapter.11}% 67
\BOOKMARK [1][-]{section.11.4}{\376\377\000I\000n\000t\000e\000g\000r\000a\000c\000i\000\363\000n\000\040\000p\000o\000r\000\040\000p\000a\000r\000t\000e\000s}{chapter.11}% 68
\BOOKMARK [1][-]{section.11.5}{\376\377\000F\000r\000a\000c\000c\000i\000o\000n\000e\000s\000\040\000p\000a\000r\000c\000i\000a\000l\000e\000s}{chapter.11}% 69
\BOOKMARK [1][-]{section.11.6}{\376\377\000T\000\351\000c\000n\000i\000c\000a\000s\000\040\000d\000e\000\040\000i\000n\000t\000e\000g\000a\000c\000i\000\363\000n\000\040\000t\000r\000i\000g\000o\000n\000o\000m\000\351\000t\000r\000i\000c\000a}{chapter.11}% 70
\BOOKMARK [1][-]{section.11.7}{\376\377\000\301\000r\000e\000a\000\040\000y\000\040\000l\000o\000n\000g\000i\000t\000u\000d\000\040\000d\000e\000\040\000a\000r\000c\000o}{chapter.11}% 71
\BOOKMARK [1][-]{section.11.8}{\376\377\000V\000o\000l\000u\000m\000e\000n}{chapter.11}% 72
\BOOKMARK [1][-]{section.11.9}{\376\377\000I\000n\000t\000e\000g\000r\000a\000l\000e\000s\000\040\000i\000m\000p\000r\000o\000p\000i\000a\000s}{chapter.11}% 73
\BOOKMARK [1][-]{section.11.10}{\376\377\000\301\000r\000e\000a\000\040\000d\000e\000\040\000S\000u\000p\000e\000r\000f\000i\000c\000i\000e\000s\000\040\000d\000e\000\040\000R\000e\000v\000o\000l\000u\000c\000i\000\363\000n}{chapter.11}% 74
\BOOKMARK [0][-]{chapter.12}{\376\377\000C\000\341\000l\000c\000u\000l\000o\000\040\000e\000n\000\040\000v\000a\000r\000i\000a\000s\000\040\000v\000a\000r\000i\000a\000b\000l\000e\000s}{part.3}% 75
\BOOKMARK [1][-]{section.12.1}{\376\377\000R\000e\000p\000r\000e\000s\000e\000n\000t\000a\000c\000i\000\363\000n\000\040\000p\000a\000r\000a\000m\000\351\000t\000r\000i\000c\000a\000\040\000d\000e\000\040\000c\000u\000r\000v\000a\000s}{chapter.12}% 76
\BOOKMARK [1][-]{section.12.2}{\376\377\000D\000e\000r\000i\000v\000a\000d\000a\000s\000\040\000P\000a\000r\000c\000i\000a\000l\000e\000s}{chapter.12}% 77
\BOOKMARK [-1][-]{part.4}{\376\377\000I\000V\000\040\000E\000c\000u\000a\000c\000i\000o\000n\000e\000s\000\040\000D\000i\000f\000e\000r\000e\000n\000c\000i\000a\000l\000e\000s}{}% 78
\BOOKMARK [0][-]{chapter.13}{\376\377\000E\000c\000u\000a\000c\000i\000o\000n\000e\000s\000\040\000d\000e\000\040\000p\000r\000i\000m\000e\000r\000\040\000o\000r\000d\000e\000n}{part.4}% 79
\BOOKMARK [1][-]{section.13.1}{\376\377\000F\000u\000n\000d\000a\000m\000e\000n\000t\000o\000s\000\040\000d\000e\000\040\000E\000c\000u\000a\000c\000i\000o\000n\000e\000s\000\040\000D\000i\000f\000e\000r\000e\000n\000c\000i\000a\000l\000e\000s}{chapter.13}% 80
\BOOKMARK [1][-]{section.13.2}{\376\377\000E\000c\000u\000a\000c\000i\000o\000n\000e\000s\000\040\000E\000s\000p\000e\000c\000i\000a\000l\000e\000s\000\040\000d\000e\000\040\000P\000r\000i\000m\000e\000r\000\040\000O\000r\000d\000e\000n}{chapter.13}% 81
\BOOKMARK [1][-]{section.13.3}{\376\377\000A\000p\000l\000i\000c\000a\000c\000i\000o\000n\000e\000s}{chapter.13}% 82
\BOOKMARK [0][-]{chapter.14}{\376\377\000E\000c\000u\000a\000c\000i\000o\000n\000e\000s\000\040\000d\000e\000\040\000O\000r\000d\000e\000n\000\040\000S\000u\000p\000e\000r\000i\000o\000r}{part.4}% 83
\BOOKMARK [1][-]{section.14.1}{\376\377\000E\000c\000u\000a\000c\000i\000o\000n\000e\000s\000\040\000D\000i\000f\000e\000r\000e\000n\000c\000i\000a\000l\000e\000s\000\040\000L\000i\000n\000e\000a\000l\000e\000s}{chapter.14}% 84
\BOOKMARK [1][-]{section.14.2}{\376\377\000E\000c\000u\000a\000c\000i\000o\000n\000e\000s\000\040\000D\000i\000f\000e\000r\000e\000n\000c\000i\000a\000l\000e\000s\000\040\000L\000i\000n\000e\000a\000l\000e\000s\000\040\000H\000o\000m\000o\000g\000\351\000n\000e\000a\000s\000\040\000d\000e\000\040\000S\000e\000g\000u\000n\000d\000o\000\040\000O\000r\000d\000e\000n\000\040\000c\000o\000n\000\040\000C\000o\000e\000f\000i\000c\000i\000e\000n\000t\000e\000s\000\040\000C\000o\000n\000s\000t\000a\000n\000t\000e\000s}{chapter.14}% 85
\BOOKMARK [1][-]{section.14.3}{\376\377\000E\000c\000u\000a\000c\000i\000o\000n\000e\000s\000\040\000D\000i\000f\000e\000r\000e\000n\000c\000i\000a\000l\000e\000s\000\040\000L\000i\000n\000e\000a\000l\000e\000s\000\040\000H\000o\000m\000o\000g\000\351\000n\000e\000a\000s\000\040\000d\000e\000\040\000n\000-\000\351\000s\000i\000m\000o\000\040\000O\000r\000d\000e\000n\000\040\000c\000o\000n\000\040\000C\000o\000e\000f\000i\000c\000i\000e\000n\000t\000e\000s\000\040\000C\000o\000n\000s\000t\000a\000n\000t\000e\000s}{chapter.14}% 86
\BOOKMARK [1][-]{section.14.4}{\376\377\000M\000\351\000t\000o\000d\000o\000\040\000d\000e\000\040\000C\000o\000e\000f\000i\000c\000i\000e\000n\000t\000e\000s\000\040\000I\000n\000d\000e\000t\000e\000r\000m\000i\000n\000a\000d\000o\000s}{chapter.14}% 87
\BOOKMARK [1][-]{section.14.5}{\376\377\000A\000p\000l\000i\000c\000a\000c\000i\000o\000n\000e\000s}{chapter.14}% 88
\BOOKMARK [1][-]{section.14.6}{\376\377\000V\000a\000r\000i\000a\000c\000i\000\363\000n\000\040\000d\000e\000\040\000p\000a\000r\000a\000m\000e\000t\000r\000o\000s}{chapter.14}% 89
\BOOKMARK [0][-]{chapter.15}{\376\377\000T\000r\000a\000n\000s\000f\000o\000r\000m\000a\000d\000a\000\040\000d\000e\000\040\000L\000a\000p\000l\000a\000c\000e}{part.4}% 90
\BOOKMARK [1][-]{section.15.1}{\376\377\000L\000a\000\040\000T\000r\000a\000n\000s\000f\000o\000r\000m\000a\000d\000a\000\040\000d\000e\000\040\000L\000a\000p\000l\000a\000c\000e}{chapter.15}% 91
\BOOKMARK [1][-]{section.15.2}{\376\377\000T\000r\000a\000n\000s\000f\000o\000r\000m\000a\000d\000a\000\040\000I\000n\000v\000e\000r\000s\000a\000\040\000d\000e\000\040\000L\000a\000p\000l\000a\000c\000e}{chapter.15}% 92
\BOOKMARK [1][-]{section.15.3}{\376\377\000E\000.\000D\000.\000\040\000L\000i\000n\000e\000a\000l\000e\000s\000\040\000c\000o\000n\000\040\000C\000o\000e\000f\000i\000c\000i\000e\000n\000t\000e\000s\000\040\000C\000o\000n\000s\000t\000a\000n\000t\000e\000s}{chapter.15}% 93
\BOOKMARK [1][-]{section.15.4}{\376\377\000T\000r\000a\000n\000s\000f\000o\000r\000m\000a\000d\000a\000\040\000d\000e\000\040\000f\000u\000n\000c\000i\000o\000n\000e\000s\000\040\000d\000i\000s\000c\000o\000n\000t\000i\000n\000u\000a\000s}{chapter.15}% 94
\BOOKMARK [0][-]{chapter.16}{\376\377\000S\000i\000s\000t\000e\000m\000a\000s\000\040\000d\000e\000\040\000E\000c\000u\000a\000c\000i\000o\000n\000e\000s\000\040\000D\000i\000f\000e\000r\000e\000n\000c\000i\000a\000l\000e\000s}{part.4}% 95
\BOOKMARK [1][-]{section.16.1}{\376\377\000P\000r\000o\000y\000e\000c\000t\000o\000\040\000f\000i\000n\000a\000l\000:\000\040\000E\000c\000u\000a\000c\000i\000o\000n\000e\000s\000\040\000d\000i\000f\000e\000r\000e\000n\000c\000i\000a\000l\000e\000s}{chapter.16}% 96
\BOOKMARK [1][-]{section.16.2}{\376\377\000S\000o\000l\000u\000c\000i\000\363\000n\000\040\000d\000e\000\040\000S\000i\000s\000t\000e\000m\000a\000s\000\040\000L\000i\000n\000e\000a\000l\000e\000s}{chapter.16}% 97
\BOOKMARK [0][-]{chapter.17}{\376\377\000B\000i\000b\000l\000i\000o\000g\000r\000a\000f\000\355\000a}{part.4}% 98
