\BOOKMARK [0][-]{chapter.1}{\376\377\000T\000e\000o\000r\000\355\000a\000\040\000d\000e\000\040\000c\000o\000n\000j\000u\000n\000t\000o\000s}{}% 1
\BOOKMARK [1][-]{section.1.1}{\376\377\000L\000\363\000g\000i\000c\000a\000\040\000m\000a\000t\000e\000m\000\341\000t\000i\000c\000a}{chapter.1}% 2
\BOOKMARK [1][-]{section.1.2}{\376\377\000T\000e\000o\000r\000\355\000a\000\040\000d\000e\000\040\000C\000o\000n\000j\000u\000n\000t\000o\000s}{chapter.1}% 3
\BOOKMARK [1][-]{section.1.3}{\376\377\000\301\000l\000g\000e\000b\000r\000a\000\040\000d\000e\000\040\000c\000o\000n\000j\000u\000n\000t\000o\000s}{chapter.1}% 4
\BOOKMARK [1][-]{section.1.4}{\376\377\000R\000e\000l\000a\000c\000i\000o\000n\000e\000s}{chapter.1}% 5
\BOOKMARK [0][-]{chapter.2}{\376\377\000C\000o\000m\000b\000i\000n\000a\000t\000o\000r\000i\000a}{}% 6
\BOOKMARK [1][-]{section.2.1}{\376\377\000F\000u\000n\000c\000i\000o\000n\000e\000s}{chapter.2}% 7
\BOOKMARK [1][-]{section.2.2}{\376\377\000P\000a\000r\000t\000i\000c\000i\000o\000n\000e\000s\000\040\000y\000\040\000c\000o\000n\000t\000e\000o}{chapter.2}% 8
\BOOKMARK [1][-]{section.2.3}{\376\377\000A\000n\000\341\000l\000i\000s\000i\000s\000\040\000c\000o\000m\000b\000i\000n\000a\000t\000o\000r\000i\000o}{chapter.2}% 9
\BOOKMARK [0][-]{chapter.3}{\376\377\000A\000r\000i\000t\000m\000\351\000t\000i\000c\000a}{}% 10
\BOOKMARK [1][-]{section.3.1}{\376\377\000L\000o\000s\000\040\000n\000\372\000m\000e\000r\000o\000s\000\040\000e\000n\000t\000e\000r\000o\000s}{chapter.3}% 11
\BOOKMARK [1][-]{section.3.2}{\376\377\000T\000e\000o\000r\000e\000m\000a\000\040\000F\000u\000n\000d\000a\000m\000e\000n\000t\000a\000l\000\040\000d\000e\000\040\000l\000a\000\040\000A\000r\000i\000t\000m\000\351\000t\000i\000c\000a}{chapter.3}% 12
\BOOKMARK [1][-]{section.3.3}{\376\377\000I\000n\000d\000u\000c\000c\000i\000\363\000n\000\040\000M\000a\000t\000e\000m\000\341\000t\000i\000c\000a}{chapter.3}% 13
\BOOKMARK [0][-]{chapter.4}{\376\377\000S\000i\000s\000t\000e\000m\000a\000s\000\040\000n\000u\000m\000\351\000r\000i\000c\000o\000s}{}% 14
\BOOKMARK [1][-]{section.4.1}{\376\377\000L\000o\000s\000\040\000n\000\372\000m\000e\000r\000o\000s\000\040\000r\000a\000c\000i\000o\000n\000a\000l\000e\000s}{chapter.4}% 15
\BOOKMARK [1][-]{section.4.2}{\376\377\000R\000a\000z\000o\000n\000e\000s\000\040\000y\000\040\000p\000r\000o\000p\000o\000r\000c\000i\000o\000n\000e\000s}{chapter.4}% 16
\BOOKMARK [1][-]{section.4.3}{\376\377\000N\000\372\000m\000e\000r\000o\000s\000\040\000R\000e\000a\000l\000e\000s}{chapter.4}% 17
\BOOKMARK [1][-]{section.4.4}{\376\377\000F\000u\000n\000c\000i\000o\000n\000e\000s\000\040\000r\000e\000a\000l\000e\000s}{chapter.4}% 18
\BOOKMARK [0][-]{chapter.5}{\376\377\000S\000i\000s\000t\000e\000m\000a\000s\000\040\000l\000i\000n\000e\000a\000l\000e\000s}{}% 19
\BOOKMARK [1][-]{section.5.1}{\376\377\000S\000i\000s\000t\000e\000m\000a\000s\000\040\000d\000e\000\040\000E\000c\000u\000a\000c\000i\000o\000n\000e\000s\000\040\000L\000i\000n\000e\000a\000l\000e\000s\000\040\000S\000i\000m\000u\000l\000t\000\341\000n\000e\000a\000s}{chapter.5}% 20
\BOOKMARK [1][-]{section.5.2}{\376\377\000D\000e\000t\000e\000r\000m\000i\000n\000a\000n\000t\000e\000s}{chapter.5}% 21
\BOOKMARK [0][-]{chapter.6}{\376\377\000\301\000l\000g\000e\000b\000r\000a}{}% 22
\BOOKMARK [1][-]{section.6.1}{\376\377\000R\000e\000d\000u\000c\000c\000i\000\363\000n\000\040\000d\000e\000\040\000t\000\351\000r\000m\000i\000n\000o\000s\000\040\000s\000e\000m\000e\000j\000a\000n\000t\000e\000s}{chapter.6}% 23
\BOOKMARK [1][-]{section.6.2}{\376\377\000S\000u\000p\000r\000e\000s\000i\000\363\000n\000\040\000d\000e\000\040\000s\000i\000g\000n\000o\000s\000\040\000d\000e\000\040\000a\000g\000r\000u\000p\000a\000c\000i\000\363\000n}{chapter.6}% 24
\BOOKMARK [1][-]{section.6.3}{\376\377\000M\000u\000t\000i\000p\000l\000i\000c\000a\000c\000i\000\363\000n\000\040\000d\000e\000\040\000p\000o\000l\000i\000n\000o\000m\000i\000o\000s}{chapter.6}% 25
\BOOKMARK [1][-]{section.6.4}{\376\377\000P\000r\000o\000d\000u\000c\000t\000o\000s\000\040\000n\000o\000t\000a\000b\000l\000e\000s}{chapter.6}% 26
\BOOKMARK [1][-]{section.6.5}{\376\377\000S\000u\000m\000a\000s\000\040\000y\000\040\000d\000i\000f\000e\000r\000e\000n\000c\000i\000a\000s\000\040\000d\000e\000\040\000p\000o\000t\000e\000n\000c\000i\000a\000s}{chapter.6}% 27
\BOOKMARK [0][-]{chapter.7}{\376\377\000F\000a\000c\000t\000o\000r\000i\000z\000a\000c\000i\000\363\000n}{}% 28
\BOOKMARK [1][-]{section.7.1}{\376\377\000M\000\351\000t\000o\000d\000o\000\040\000d\000e\000\040\000H\000o\000r\000n\000e\000r\000\040\000y\000\040\000D\000i\000v\000i\000s\000i\000\363\000n\000\040\000S\000i\000n\000t\000\351\000t\000i\000c\000a}{chapter.7}% 29
\BOOKMARK [1][-]{section.7.2}{\376\377\000T\000e\000o\000r\000e\000m\000a\000\040\000d\000e\000\040\000l\000o\000s\000\040\000c\000e\000r\000o\000s\000\040\000r\000a\000c\000i\000o\000n\000a\000l\000e\000s}{chapter.7}% 30
\BOOKMARK [1][-]{section.7.3}{\376\377\000A\000l\000g\000o\000r\000i\000t\000m\000o\000\040\000d\000e\000\040\000f\000a\000c\000t\000o\000r\000i\000z\000a\000c\000i\000\363\000n}{chapter.7}% 31
\BOOKMARK [1][-]{section.7.4}{\376\377\000C\000r\000i\000t\000e\000r\000i\000o\000s\000\040\000p\000a\000r\000a\000\040\000e\000v\000a\000l\000u\000a\000r\000\040\000r\000a\000\355\000c\000e\000s}{chapter.7}% 32
\BOOKMARK [1][-]{section.7.5}{\376\377\000E\000c\000u\000a\000c\000i\000o\000n\000e\000s\000\040\000d\000e\000\040\000s\000e\000g\000u\000n\000d\000o\000\040\000g\000r\000a\000d\000o}{chapter.7}% 33
\BOOKMARK [0][-]{chapter.8}{\376\377\000T\000r\000i\000g\000o\000n\000o\000m\000e\000t\000r\000\355\000a}{}% 34
\BOOKMARK [1][-]{section.8.1}{\376\377\000L\000a\000\040\000g\000e\000o\000m\000e\000t\000r\000\355\000a\000\040\000d\000e\000\040\000l\000o\000s\000\040\000t\000r\000i\000\341\000n\000g\000u\000l\000o\000s\000:\000\040\000c\000o\000n\000g\000r\000u\000e\000n\000c\000i\000a\000,\000\040\000s\000i\000m\000i\000l\000i\000t\000u\000d\000\040\000y\000\040\000e\000l\000\040\000t\000e\000o\000r\000e\000m\000a\000\040\000d\000e\000\040\000P\000i\000t\000\341\000g\000o\000r\000a\000s}{chapter.8}% 35
\BOOKMARK [1][-]{section.8.2}{\376\377\000L\000o\000s\000\040\000\341\000n\000g\000u\000l\000o\000s\000\040\000y\000\040\000s\000u\000s\000\040\000m\000e\000d\000i\000d\000a\000s}{chapter.8}% 36
\BOOKMARK [1][-]{section.8.3}{\376\377\000F\000u\000n\000c\000i\000o\000n\000e\000s\000\040\000t\000r\000i\000g\000o\000n\000o\000m\000\351\000t\000r\000i\000c\000a\000s\000:\000\040\000E\000l\000\040\000e\000n\000f\000o\000q\000u\000e\000\040\000d\000e\000l\000\040\000c\000\355\000r\000c\000u\000l\000o\000\040\000u\000n\000i\000t\000a\000r\000i\000o}{chapter.8}% 37
\BOOKMARK [1][-]{section.8.4}{\376\377\000F\000u\000n\000c\000i\000o\000n\000e\000s\000\040\000t\000r\000i\000g\000o\000n\000o\000m\000\351\000t\000r\000i\000c\000a\000s\000\040\000i\000n\000v\000e\000r\000s\000a\000s}{chapter.8}% 38
\BOOKMARK [1][-]{section.8.5}{\376\377\000P\000r\000o\000p\000i\000e\000d\000a\000d\000e\000s\000\040\000d\000e\000\040\000f\000u\000n\000c\000i\000o\000n\000e\000s\000\040\000t\000r\000i\000g\000o\000n\000o\000m\000\351\000t\000r\000i\000c\000a\000s}{chapter.8}% 39
\BOOKMARK [1][-]{section.8.6}{\376\377\000S\000u\000m\000a\000\040\000y\000\040\000d\000i\000f\000e\000r\000e\000n\000c\000i\000a\000s\000\040\000d\000e\000\040\000\341\000n\000g\000u\000l\000o\000s}{chapter.8}% 40
\BOOKMARK [0][-]{chapter.9}{\376\377\000N\000\372\000m\000e\000r\000o\000s\000\040\000c\000o\000m\000p\000l\000e\000j\000o\000s}{}% 41
\BOOKMARK [1][-]{section.9.1}{\376\377\000I\000n\000t\000r\000o\000d\000u\000c\000c\000i\000\363\000n\000\040\000a\000\040\000l\000o\000s\000\040\000n\000\372\000m\000e\000r\000o\000s\000\040\000c\000o\000m\000p\000l\000e\000j\000o\000s}{chapter.9}% 42
\BOOKMARK [1][-]{section.9.2}{\376\377\000E\000s\000t\000r\000u\000c\000t\000u\000r\000a\000\040\000a\000l\000g\000e\000b\000r\000a\000i\000c\000a\000\040\000d\000e\000\040\000C}{chapter.9}% 43
\BOOKMARK [1][-]{section.9.3}{\376\377\000F\000o\000r\000m\000a\000\040\000p\000o\000l\000a\000r\000\040\000d\000e\000\040\000l\000o\000s\000\040\000n\000\372\000m\000e\000r\000o\000s\000\040\000c\000o\000m\000p\000l\000e\000j\000o\000s}{chapter.9}% 44
\BOOKMARK [0][-]{chapter.10}{\376\377\000F\000r\000a\000c\000c\000i\000o\000n\000e\000s\000\040\000p\000a\000r\000c\000i\000a\000l\000e\000s}{}% 45
\BOOKMARK [1][-]{section.10.1}{\376\377\000F\000r\000a\000c\000c\000i\000o\000n\000e\000s\000\040\000p\000a\000r\000c\000i\000a\000l\000e\000s}{chapter.10}% 46
\BOOKMARK [0][-]{chapter.11}{\376\377\000B\000i\000b\000l\000i\000o\000g\000r\000a\000f\000\355\000a}{}% 47
