This is pdfTeX, Version 3.141592653-2.6-1.40.23 (MiKTeX 21.8) (preloaded format=pdflatex 2021.10.15)  23 JAN 2022 11:12
entering extended mode
**./_entornos.tex
(_entornos.tex
LaTeX2e <2021-06-01> patch level 1
L3 programming layer <2021-08-27>
\c@teorema=\count182
\c@lema=\count183
\c@proposicion=\count184
)
! Emergency stop.
<*> ./_entornos.tex
                   
*** (job aborted, no legal \end found)

 
Here is how much of TeX's memory you used:
 36 strings out of 478927
 666 string characters out of 2852534
 290175 words of memory out of 3000000
 17996 multiletter control sequences out of 15000+600000
 403430 words of font info for 27 fonts, out of 8000000 for 9000
 1141 hyphenation exceptions out of 8191
 13i,0n,14p,95b,10s stack positions out of 5000i,500n,10000p,200000b,80000s
!  ==> Fatal error occurred, no output PDF file produced!
