This is pdfTeX, Version 3.141592653-2.6-1.40.23 (MiKTeX 21.8) (preloaded format=pdflatex 2021.10.15)  23 JAN 2022 11:32
entering extended mode
**./_tufte.tex
(_tufte.tex
LaTeX2e <2021-06-01> patch level 1
L3 programming layer <2021-08-27>

! LaTeX Error: \usepackage before \documentclass.

See the LaTeX manual or LaTeX Companion for explanation.
Type  H <return>  for immediate help.
 ...                                              
                                                  
l.2 \usepackage{
                amsthm,thmtools,xcolor}
\usepackage may only appear in the document preamble, i.e.,
between \documentclass and \begin{document}.

! Undefined control sequence.
l.6 \definecolor
                {mycolor1}{RGB}{251, 54, 64}
The control sequence at the end of the top line
of your error message was never \def'ed. If you have
misspelled it (e.g., `\hobx'), type `I' and the correct
spelling (e.g., `I\hbox'). Otherwise just continue,
and I'll forget about whatever was undefined.


! LaTeX Error: Missing \begin{document}.

See the LaTeX manual or LaTeX Companion for explanation.
Type  H <return>  for immediate help.
 ...                                              
                                                  
l.6 \definecolor{m
                  ycolor1}{RGB}{251, 54, 64}
You're in trouble here.  Try typing  <return>  to proceed.
If that doesn't work, type  X <return>  to quit.

Missing character: There is no m in font nullfont!
Missing character: There is no y in font nullfont!
Missing character: There is no c in font nullfont!
Missing character: There is no o in font nullfont!
Missing character: There is no l in font nullfont!
Missing character: There is no o in font nullfont!
Missing character: There is no r in font nullfont!
Missing character: There is no 1 in font nullfont!
Missing character: There is no R in font nullfont!
Missing character: There is no G in font nullfont!
Missing character: There is no B in font nullfont!
Missing character: There is no 2 in font nullfont!
Missing character: There is no 5 in font nullfont!
Missing character: There is no 1 in font nullfont!
Missing character: There is no , in font nullfont!
Missing character: There is no 5 in font nullfont!
Missing character: There is no 4 in font nullfont!
Missing character: There is no , in font nullfont!
Missing character: There is no 6 in font nullfont!
Missing character: There is no 4 in font nullfont!
! Undefined control sequence.
l.7 \definecolor
                {mycolor2}{RGB}{96, 95, 94}
The control sequence at the end of the top line
of your error message was never \def'ed. If you have
misspelled it (e.g., `\hobx'), type `I' and the correct
spelling (e.g., `I\hbox'). Otherwise just continue,
and I'll forget about whatever was undefined.

Missing character: There is no m in font nullfont!
Missing character: There is no y in font nullfont!
Missing character: There is no c in font nullfont!
Missing character: There is no o in font nullfont!
Missing character: There is no l in font nullfont!
Missing character: There is no o in font nullfont!
Missing character: There is no r in font nullfont!
Missing character: There is no 2 in font nullfont!
Missing character: There is no R in font nullfont!
Missing character: There is no G in font nullfont!
Missing character: There is no B in font nullfont!
Missing character: There is no 9 in font nullfont!
Missing character: There is no 6 in font nullfont!
Missing character: There is no , in font nullfont!
Missing character: There is no 9 in font nullfont!
Missing character: There is no 5 in font nullfont!
Missing character: There is no , in font nullfont!
Missing character: There is no 9 in font nullfont!
Missing character: There is no 4 in font nullfont!
! Undefined control sequence.
l.8 \definecolor
                {mycolor3}{RGB}{29, 52, 97}
The control sequence at the end of the top line
of your error message was never \def'ed. If you have
misspelled it (e.g., `\hobx'), type `I' and the correct
spelling (e.g., `I\hbox'). Otherwise just continue,
and I'll forget about whatever was undefined.

Missing character: There is no m in font nullfont!
Missing character: There is no y in font nullfont!
Missing character: There is no c in font nullfont!
Missing character: There is no o in font nullfont!
Missing character: There is no l in font nullfont!
Missing character: There is no o in font nullfont!
Missing character: There is no r in font nullfont!
Missing character: There is no 3 in font nullfont!
Missing character: There is no R in font nullfont!
Missing character: There is no G in font nullfont!
Missing character: There is no B in font nullfont!
Missing character: There is no 2 in font nullfont!
Missing character: There is no 9 in font nullfont!
Missing character: There is no , in font nullfont!
Missing character: There is no 5 in font nullfont!
Missing character: There is no 2 in font nullfont!
Missing character: There is no , in font nullfont!
Missing character: There is no 9 in font nullfont!
Missing character: There is no 7 in font nullfont!
! Undefined control sequence.
l.9 \definecolor
                {mycolor4}{RGB}{31, 72, 126}
The control sequence at the end of the top line
of your error message was never \def'ed. If you have
misspelled it (e.g., `\hobx'), type `I' and the correct
spelling (e.g., `I\hbox'). Otherwise just continue,
and I'll forget about whatever was undefined.

Missing character: There is no m in font nullfont!
Missing character: There is no y in font nullfont!
Missing character: There is no c in font nullfont!
Missing character: There is no o in font nullfont!
Missing character: There is no l in font nullfont!
Missing character: There is no o in font nullfont!
Missing character: There is no r in font nullfont!
Missing character: There is no 4 in font nullfont!
Missing character: There is no R in font nullfont!
Missing character: There is no G in font nullfont!
Missing character: There is no B in font nullfont!
Missing character: There is no 3 in font nullfont!
Missing character: There is no 1 in font nullfont!
Missing character: There is no , in font nullfont!
Missing character: There is no 7 in font nullfont!
Missing character: There is no 2 in font nullfont!
Missing character: There is no , in font nullfont!
Missing character: There is no 1 in font nullfont!
Missing character: There is no 2 in font nullfont!
Missing character: There is no 6 in font nullfont!
! Undefined control sequence.
l.10 \definecolor
                 {mycolor5}{RGB}{36, 123, 160}
The control sequence at the end of the top line
of your error message was never \def'ed. If you have
misspelled it (e.g., `\hobx'), type `I' and the correct
spelling (e.g., `I\hbox'). Otherwise just continue,
and I'll forget about whatever was undefined.

Missing character: There is no m in font nullfont!
Missing character: There is no y in font nullfont!
Missing character: There is no c in font nullfont!
Missing character: There is no o in font nullfont!
Missing character: There is no l in font nullfont!
Missing character: There is no o in font nullfont!
Missing character: There is no r in font nullfont!
Missing character: There is no 5 in font nullfont!
Missing character: There is no R in font nullfont!
Missing character: There is no G in font nullfont!
Missing character: There is no B in font nullfont!
Missing character: There is no 3 in font nullfont!
Missing character: There is no 6 in font nullfont!
Missing character: There is no , in font nullfont!
Missing character: There is no 1 in font nullfont!
Missing character: There is no 2 in font nullfont!
Missing character: There is no 3 in font nullfont!
Missing character: There is no , in font nullfont!
Missing character: There is no 1 in font nullfont!
Missing character: There is no 6 in font nullfont!
Missing character: There is no 0 in font nullfont!

Overfull \hbox (20.0pt too wide) in paragraph at lines 6--11
[]
 []

! Undefined control sequence.
l.12 \colorlet
              {ColorVariable1}{mycolor1}
The control sequence at the end of the top line
of your error message was never \def'ed. If you have
misspelled it (e.g., `\hobx'), type `I' and the correct
spelling (e.g., `I\hbox'). Otherwise just continue,
and I'll forget about whatever was undefined.


! LaTeX Error: Missing \begin{document}.

See the LaTeX manual or LaTeX Companion for explanation.
Type  H <return>  for immediate help.
 ...                                              
                                                  
l.12 \colorlet{C
                olorVariable1}{mycolor1}
You're in trouble here.  Try typing  <return>  to proceed.
If that doesn't work, type  X <return>  to quit.

Missing character: There is no C in font nullfont!
Missing character: There is no o in font nullfont!
Missing character: There is no l in font nullfont!
Missing character: There is no o in font nullfont!
Missing character: There is no r in font nullfont!
Missing character: There is no V in font nullfont!
Missing character: There is no a in font nullfont!
Missing character: There is no r in font nullfont!
Missing character: There is no i in font nullfont!
Missing character: There is no a in font nullfont!
Missing character: There is no b in font nullfont!
Missing character: There is no l in font nullfont!
Missing character: There is no e in font nullfont!
Missing character: There is no 1 in font nullfont!
Missing character: There is no m in font nullfont!
Missing character: There is no y in font nullfont!
Missing character: There is no c in font nullfont!
Missing character: There is no o in font nullfont!
Missing character: There is no l in font nullfont!
Missing character: There is no o in font nullfont!
Missing character: There is no r in font nullfont!
Missing character: There is no 1 in font nullfont!
! Undefined control sequence.
l.13 \colorlet
              {ColorVariable2}{mycolor2}
The control sequence at the end of the top line
of your error message was never \def'ed. If you have
misspelled it (e.g., `\hobx'), type `I' and the correct
spelling (e.g., `I\hbox'). Otherwise just continue,
and I'll forget about whatever was undefined.

Missing character: There is no C in font nullfont!
Missing character: There is no o in font nullfont!
Missing character: There is no l in font nullfont!
Missing character: There is no o in font nullfont!
Missing character: There is no r in font nullfont!
Missing character: There is no V in font nullfont!
Missing character: There is no a in font nullfont!
Missing character: There is no r in font nullfont!
Missing character: There is no i in font nullfont!
Missing character: There is no a in font nullfont!
Missing character: There is no b in font nullfont!
Missing character: There is no l in font nullfont!
Missing character: There is no e in font nullfont!
Missing character: There is no 2 in font nullfont!
Missing character: There is no m in font nullfont!
Missing character: There is no y in font nullfont!
Missing character: There is no c in font nullfont!
Missing character: There is no o in font nullfont!
Missing character: There is no l in font nullfont!
Missing character: There is no o in font nullfont!
Missing character: There is no r in font nullfont!
Missing character: There is no 2 in font nullfont!
! Undefined control sequence.
l.14 \colorlet
              {ColorVariable3}{mycolor3}
The control sequence at the end of the top line
of your error message was never \def'ed. If you have
misspelled it (e.g., `\hobx'), type `I' and the correct
spelling (e.g., `I\hbox'). Otherwise just continue,
and I'll forget about whatever was undefined.

Missing character: There is no C in font nullfont!
Missing character: There is no o in font nullfont!
Missing character: There is no l in font nullfont!
Missing character: There is no o in font nullfont!
Missing character: There is no r in font nullfont!
Missing character: There is no V in font nullfont!
Missing character: There is no a in font nullfont!
Missing character: There is no r in font nullfont!
Missing character: There is no i in font nullfont!
Missing character: There is no a in font nullfont!
Missing character: There is no b in font nullfont!
Missing character: There is no l in font nullfont!
Missing character: There is no e in font nullfont!
Missing character: There is no 3 in font nullfont!
Missing character: There is no m in font nullfont!
Missing character: There is no y in font nullfont!
Missing character: There is no c in font nullfont!
Missing character: There is no o in font nullfont!
Missing character: There is no l in font nullfont!
Missing character: There is no o in font nullfont!
Missing character: There is no r in font nullfont!
Missing character: There is no 3 in font nullfont!
! Undefined control sequence.
l.15 \colorlet
              {ColorVariable4}{mycolor4}
The control sequence at the end of the top line
of your error message was never \def'ed. If you have
misspelled it (e.g., `\hobx'), type `I' and the correct
spelling (e.g., `I\hbox'). Otherwise just continue,
and I'll forget about whatever was undefined.

Missing character: There is no C in font nullfont!
Missing character: There is no o in font nullfont!
Missing character: There is no l in font nullfont!
Missing character: There is no o in font nullfont!
Missing character: There is no r in font nullfont!
Missing character: There is no V in font nullfont!
Missing character: There is no a in font nullfont!
Missing character: There is no r in font nullfont!
Missing character: There is no i in font nullfont!
Missing character: There is no a in font nullfont!
Missing character: There is no b in font nullfont!
Missing character: There is no l in font nullfont!
Missing character: There is no e in font nullfont!
Missing character: There is no 4 in font nullfont!
Missing character: There is no m in font nullfont!
Missing character: There is no y in font nullfont!
Missing character: There is no c in font nullfont!
Missing character: There is no o in font nullfont!
Missing character: There is no l in font nullfont!
Missing character: There is no o in font nullfont!
Missing character: There is no r in font nullfont!
Missing character: There is no 4 in font nullfont!
! Undefined control sequence.
l.16 \colorlet
              {ColorVariable5}{mycolor5}
The control sequence at the end of the top line
of your error message was never \def'ed. If you have
misspelled it (e.g., `\hobx'), type `I' and the correct
spelling (e.g., `I\hbox'). Otherwise just continue,
and I'll forget about whatever was undefined.

Missing character: There is no C in font nullfont!
Missing character: There is no o in font nullfont!
Missing character: There is no l in font nullfont!
Missing character: There is no o in font nullfont!
Missing character: There is no r in font nullfont!
Missing character: There is no V in font nullfont!
Missing character: There is no a in font nullfont!
Missing character: There is no r in font nullfont!
Missing character: There is no i in font nullfont!
Missing character: There is no a in font nullfont!
Missing character: There is no b in font nullfont!
Missing character: There is no l in font nullfont!
Missing character: There is no e in font nullfont!
Missing character: There is no 5 in font nullfont!
Missing character: There is no m in font nullfont!
Missing character: There is no y in font nullfont!
Missing character: There is no c in font nullfont!
Missing character: There is no o in font nullfont!
Missing character: There is no l in font nullfont!
Missing character: There is no o in font nullfont!
Missing character: There is no r in font nullfont!
Missing character: There is no 5 in font nullfont!

Overfull \hbox (20.0pt too wide) in paragraph at lines 12--17
[]
 []

! Undefined control sequence.
l.18 \hypersetup
                {
The control sequence at the end of the top line
of your error message was never \def'ed. If you have
misspelled it (e.g., `\hobx'), type `I' and the correct
spelling (e.g., `I\hbox'). Otherwise just continue,
and I'll forget about whatever was undefined.


! LaTeX Error: Missing \begin{document}.

See the LaTeX manual or LaTeX Companion for explanation.
Type  H <return>  for immediate help.
 ...                                              
                                                  
l.19 	p
       dftitle={Precálculo},
You're in trouble here.  Try typing  <return>  to proceed.
If that doesn't work, type  X <return>  to quit.

Missing character: There is no p in font nullfont!
Missing character: There is no d in font nullfont!
Missing character: There is no f in font nullfont!
Missing character: There is no t in font nullfont!
Missing character: There is no i in font nullfont!
Missing character: There is no t in font nullfont!
Missing character: There is no l in font nullfont!
Missing character: There is no e in font nullfont!
Missing character: There is no = in font nullfont!
Missing character: There is no P in font nullfont!
Missing character: There is no r in font nullfont!
Missing character: There is no e in font nullfont!
Missing character: There is no c in font nullfont!
LaTeX Font Info:    Trying to load font information for +cmr on input line 19.
LaTeX Font Info:    No file cmr.fd. on input line 19.

LaTeX Font Warning: Font shape `/cmr/m/n' undefined
(Font)              using `/cmr/m/n' instead on input line 19.

! Corrupted NFSS tables.
wrong@fontshape ...message {Corrupted NFSS tables}
                                                  error@fontshape else let f...
l.19 	pdftitle={Precá
                      lculo},
This error message was generated by an \errmessage
command, so I can't give any explicit help.
Pretend that you're Hercule Poirot: Examine all clues,
and deduce the truth by order and method.


LaTeX Font Warning: Font shape `/cmr/m/n' undefined
(Font)              using `OT1/cmr/m/n' instead on input line 19.

Missing character: There is no l in font nullfont!
Missing character: There is no c in font nullfont!
Missing character: There is no u in font nullfont!
Missing character: There is no l in font nullfont!
Missing character: There is no o in font nullfont!
Missing character: There is no , in font nullfont!
Missing character: There is no p in font nullfont!
Missing character: There is no d in font nullfont!
Missing character: There is no f in font nullfont!
Missing character: There is no a in font nullfont!
Missing character: There is no u in font nullfont!
Missing character: There is no t in font nullfont!
Missing character: There is no h in font nullfont!
Missing character: There is no o in font nullfont!
Missing character: There is no r in font nullfont!
Missing character: There is no = in font nullfont!
Missing character: There is no J in font nullfont!
Missing character: There is no u in font nullfont!
Missing character: There is no l in font nullfont!
Missing character: There is no i in font nullfont!
Missing character: There is no h in font nullfont!
Missing character: There is no o in font nullfont!
Missing character: There is no C in font nullfont!
Missing character: There is no a in font nullfont!
Missing character: There is no s in font nullfont!
Missing character: There is no t in font nullfont!
Missing character: There is no i in font nullfont!
Missing character: There is no l in font nullfont!
Missing character: There is no l in font nullfont!
Missing character: There is no o in font nullfont!
Missing character: There is no C in font nullfont!
Missing character: There is no o in font nullfont!
Missing character: There is no l in font nullfont!
Missing character: There is no m in font nullfont!
Missing character: There is no e in font nullfont!
Missing character: There is no n in font nullfont!
Missing character: There is no a in font nullfont!
Missing character: There is no r in font nullfont!
Missing character: There is no e in font nullfont!
Missing character: There is no s in font nullfont!
Missing character: There is no , in font nullfont!
Missing character: There is no c in font nullfont!
Missing character: There is no o in font nullfont!
Missing character: There is no l in font nullfont!
Missing character: There is no o in font nullfont!
Missing character: There is no r in font nullfont!
Missing character: There is no l in font nullfont!
Missing character: There is no i in font nullfont!
Missing character: There is no n in font nullfont!
Missing character: There is no k in font nullfont!
Missing character: There is no s in font nullfont!
Missing character: There is no = in font nullfont!
Missing character: There is no t in font nullfont!
Missing character: There is no r in font nullfont!
Missing character: There is no u in font nullfont!
Missing character: There is no e in font nullfont!
Missing character: There is no , in font nullfont!
Missing character: There is no l in font nullfont!
Missing character: There is no i in font nullfont!
Missing character: There is no n in font nullfont!
Missing character: There is no k in font nullfont!
Missing character: There is no c in font nullfont!
Missing character: There is no o in font nullfont!
Missing character: There is no l in font nullfont!
Missing character: There is no o in font nullfont!
Missing character: There is no r in font nullfont!
Missing character: There is no = in font nullfont!
Missing character: There is no C in font nullfont!
Missing character: There is no o in font nullfont!
Missing character: There is no l in font nullfont!
Missing character: There is no o in font nullfont!
Missing character: There is no r in font nullfont!
Missing character: There is no V in font nullfont!
Missing character: There is no a in font nullfont!
Missing character: There is no r in font nullfont!
Missing character: There is no i in font nullfont!
Missing character: There is no a in font nullfont!
Missing character: There is no b in font nullfont!
Missing character: There is no l in font nullfont!
Missing character: There is no e in font nullfont!
Missing character: There is no 5 in font nullfont!
Missing character: There is no , in font nullfont!
Missing character: There is no a in font nullfont!
Missing character: There is no n in font nullfont!
Missing character: There is no c in font nullfont!
Missing character: There is no h in font nullfont!
Missing character: There is no o in font nullfont!
Missing character: There is no r in font nullfont!
Missing character: There is no c in font nullfont!
Missing character: There is no o in font nullfont!
Missing character: There is no l in font nullfont!
Missing character: There is no o in font nullfont!
Missing character: There is no r in font nullfont!
Missing character: There is no = in font nullfont!
Missing character: There is no C in font nullfont!
Missing character: There is no o in font nullfont!
Missing character: There is no l in font nullfont!
Missing character: There is no o in font nullfont!
Missing character: There is no r in font nullfont!
Missing character: There is no V in font nullfont!
Missing character: There is no a in font nullfont!
Missing character: There is no r in font nullfont!
Missing character: There is no i in font nullfont!
Missing character: There is no a in font nullfont!
Missing character: There is no b in font nullfont!
Missing character: There is no l in font nullfont!
Missing character: There is no e in font nullfont!
Missing character: There is no 5 in font nullfont!
Missing character: There is no , in font nullfont!
Missing character: There is no r in font nullfont!
Missing character: There is no u in font nullfont!
Missing character: There is no n in font nullfont!
Missing character: There is no c in font nullfont!
Missing character: There is no o in font nullfont!
Missing character: There is no l in font nullfont!
Missing character: There is no o in font nullfont!
Missing character: There is no r in font nullfont!
Missing character: There is no = in font nullfont!
Missing character: There is no C in font nullfont!
Missing character: There is no o in font nullfont!
Missing character: There is no l in font nullfont!
Missing character: There is no o in font nullfont!
Missing character: There is no r in font nullfont!
Missing character: There is no V in font nullfont!
Missing character: There is no a in font nullfont!
Missing character: There is no r in font nullfont!
Missing character: There is no i in font nullfont!
Missing character: There is no a in font nullfont!
Missing character: There is no b in font nullfont!
Missing character: There is no l in font nullfont!
Missing character: There is no e in font nullfont!
Missing character: There is no 5 in font nullfont!
Missing character: There is no , in font nullfont!
Missing character: There is no f in font nullfont!
Missing character: There is no i in font nullfont!
Missing character: There is no l in font nullfont!
Missing character: There is no e in font nullfont!
Missing character: There is no c in font nullfont!
Missing character: There is no o in font nullfont!
Missing character: There is no l in font nullfont!
Missing character: There is no o in font nullfont!
Missing character: There is no r in font nullfont!
Missing character: There is no = in font nullfont!
Missing character: There is no C in font nullfont!
Missing character: There is no o in font nullfont!
Missing character: There is no l in font nullfont!
Missing character: There is no o in font nullfont!
Missing character: There is no r in font nullfont!
Missing character: There is no V in font nullfont!
Missing character: There is no a in font nullfont!
Missing character: There is no r in font nullfont!
Missing character: There is no i in font nullfont!
Missing character: There is no a in font nullfont!
Missing character: There is no b in font nullfont!
Missing character: There is no l in font nullfont!
Missing character: There is no e in font nullfont!
Missing character: There is no 5 in font nullfont!
Missing character: There is no , in font nullfont!
Missing character: There is no c in font nullfont!
Missing character: There is no i in font nullfont!
Missing character: There is no t in font nullfont!
Missing character: There is no e in font nullfont!
Missing character: There is no c in font nullfont!
Missing character: There is no o in font nullfont!
Missing character: There is no l in font nullfont!
Missing character: There is no o in font nullfont!
Missing character: There is no r in font nullfont!
Missing character: There is no = in font nullfont!
Missing character: There is no C in font nullfont!
Missing character: There is no o in font nullfont!
Missing character: There is no l in font nullfont!
Missing character: There is no o in font nullfont!
Missing character: There is no r in font nullfont!
Missing character: There is no V in font nullfont!
Missing character: There is no a in font nullfont!
Missing character: There is no r in font nullfont!
Missing character: There is no i in font nullfont!
Missing character: There is no a in font nullfont!
Missing character: There is no b in font nullfont!
Missing character: There is no l in font nullfont!
Missing character: There is no e in font nullfont!
Missing character: There is no 5 in font nullfont!
Missing character: There is no , in font nullfont!
Missing character: There is no u in font nullfont!
Missing character: There is no r in font nullfont!
Missing character: There is no l in font nullfont!
Missing character: There is no c in font nullfont!
Missing character: There is no o in font nullfont!
Missing character: There is no l in font nullfont!
Missing character: There is no o in font nullfont!
Missing character: There is no r in font nullfont!
Missing character: There is no = in font nullfont!
Missing character: There is no C in font nullfont!
Missing character: There is no o in font nullfont!
Missing character: There is no l in font nullfont!
Missing character: There is no o in font nullfont!
Missing character: There is no r in font nullfont!
Missing character: There is no V in font nullfont!
Missing character: There is no a in font nullfont!
Missing character: There is no r in font nullfont!
Missing character: There is no i in font nullfont!
Missing character: There is no a in font nullfont!
Missing character: There is no b in font nullfont!
Missing character: There is no l in font nullfont!
Missing character: There is no e in font nullfont!
Missing character: There is no 5 in font nullfont!
Missing character: There is no , in font nullfont!
Missing character: There is no f in font nullfont!
Missing character: There is no r in font nullfont!
Missing character: There is no e in font nullfont!
Missing character: There is no n in font nullfont!
Missing character: There is no c in font nullfont!
Missing character: There is no h in font nullfont!
Missing character: There is no l in font nullfont!
Missing character: There is no i in font nullfont!
Missing character: There is no n in font nullfont!
Missing character: There is no k in font nullfont!
Missing character: There is no s in font nullfont!
Missing character: There is no = in font nullfont!
Missing character: There is no t in font nullfont!
Missing character: There is no r in font nullfont!
Missing character: There is no u in font nullfont!
Missing character: There is no e in font nullfont!

Overfull \hbox (30.00003pt too wide) in paragraph at lines 19--30
[]\/cmr/m/n/10 a
 []

! Undefined control sequence.
l.31 \titleformat
                 {\chapter}%
The control sequence at the end of the top line
of your error message was never \def'ed. If you have
misspelled it (e.g., `\hobx'), type `I' and the correct
spelling (e.g., `I\hbox'). Otherwise just continue,
and I'll forget about whatever was undefined.

! Undefined control sequence.
l.31 \titleformat{\chapter
                          }%
The control sequence at the end of the top line
of your error message was never \def'ed. If you have
misspelled it (e.g., `\hobx'), type `I' and the correct
spelling (e.g., `I\hbox'). Otherwise just continue,
and I'll forget about whatever was undefined.

! Undefined control sequence.
l.32 {\huge
           \rmfamily\itshape\color{ColorVariable1}}% format applied to label...
The control sequence at the end of the top line
of your error message was never \def'ed. If you have
misspelled it (e.g., `\hobx'), type `I' and the correct
spelling (e.g., `I\hbox'). Otherwise just continue,
and I'll forget about whatever was undefined.

! Undefined control sequence.
l.32 {\huge\rmfamily\itshape\color
                                  {ColorVariable1}}% format applied to label...
The control sequence at the end of the top line
of your error message was never \def'ed. If you have
misspelled it (e.g., `\hobx'), type `I' and the correct
spelling (e.g., `I\hbox'). Otherwise just continue,
and I'll forget about whatever was undefined.


! LaTeX Error: Missing \begin{document}.

See the LaTeX manual or LaTeX Companion for explanation.
Type  H <return>  for immediate help.
 ...                                              
                                                  
l.32 {\huge\rmfamily\itshape\color{C
                                    olorVariable1}}% format applied to label...

You're in trouble here.  Try typing  <return>  to proceed.
If that doesn't work, type  X <return>  to quit.

! Undefined control sequence.
<argument> \colorbox 
                     {ColorVariable1}{\parbox {1.5cm}{\hfill \itshape \huge ...
l.33 ...ll\itshape\huge\color{white}\thechapter}}}
                                                  }% label
The control sequence at the end of the top line
of your error message was never \def'ed. If you have
misspelled it (e.g., `\hobx'), type `I' and the correct
spelling (e.g., `I\hbox'). Otherwise just continue,
and I'll forget about whatever was undefined.

Missing character: There is no C in font nullfont!
Missing character: There is no o in font nullfont!
Missing character: There is no l in font nullfont!
Missing character: There is no o in font nullfont!
Missing character: There is no r in font nullfont!
Missing character: There is no V in font nullfont!
Missing character: There is no a in font nullfont!
Missing character: There is no r in font nullfont!
Missing character: There is no i in font nullfont!
Missing character: There is no a in font nullfont!
Missing character: There is no b in font nullfont!
Missing character: There is no l in font nullfont!
Missing character: There is no e in font nullfont!
Missing character: There is no 1 in font nullfont!
! Undefined control sequence.
<argument> ...parboxrestore \hfill \itshape \huge 
                                                  \color {white}\thechapter ...
l.33 ...ll\itshape\huge\color{white}\thechapter}}}
                                                  }% label
The control sequence at the end of the top line
of your error message was never \def'ed. If you have
misspelled it (e.g., `\hobx'), type `I' and the correct
spelling (e.g., `I\hbox'). Otherwise just continue,
and I'll forget about whatever was undefined.

! Undefined control sequence.
<argument> ...estore \hfill \itshape \huge \color 
                                                  {white}\thechapter \@@par 
l.33 ...ll\itshape\huge\color{white}\thechapter}}}
                                                  }% label
The control sequence at the end of the top line
of your error message was never \def'ed. If you have
misspelled it (e.g., `\hobx'), type `I' and the correct
spelling (e.g., `I\hbox'). Otherwise just continue,
and I'll forget about whatever was undefined.

! Undefined control sequence.
<argument> ...ape \huge \color {white}\thechapter 
                                                  \@@par 
l.33 ...ll\itshape\huge\color{white}\thechapter}}}
                                                  }% label
The control sequence at the end of the top line
of your error message was never \def'ed. If you have
misspelled it (e.g., `\hobx'), type `I' and the correct
spelling (e.g., `I\hbox'). Otherwise just continue,
and I'll forget about whatever was undefined.

LaTeX Font Info:    External font `cmex10' loaded for size
(Font)              <7> on input line 33.
LaTeX Font Info:    External font `cmex10' loaded for size
(Font)              <5> on input line 33.
Missing character: There is no 2 in font nullfont!
Missing character: There is no p in font nullfont!
Missing character: There is no t in font nullfont!
Missing character: There is no [ in font nullfont!
Missing character: There is no ] in font nullfont!

Overfull \hbox (85.18846pt too wide) in paragraph at lines 32--37
[]\OT1/cmr/m/it/10 ColorVariable1[] 
 []

! Undefined control sequence.
l.39 \titleformat
                 {\section}%
The control sequence at the end of the top line
of your error message was never \def'ed. If you have
misspelled it (e.g., `\hobx'), type `I' and the correct
spelling (e.g., `I\hbox'). Otherwise just continue,
and I'll forget about whatever was undefined.

! Undefined control sequence.
l.39 \titleformat{\section
                          }%
The control sequence at the end of the top line
of your error message was never \def'ed. If you have
misspelled it (e.g., `\hobx'), type `I' and the correct
spelling (e.g., `I\hbox'). Otherwise just continue,
and I'll forget about whatever was undefined.

! Undefined control sequence.
l.40 {\normalfont\Large
                       \itshape\color{ColorVariable1}}% format applied to la...
The control sequence at the end of the top line
of your error message was never \def'ed. If you have
misspelled it (e.g., `\hobx'), type `I' and the correct
spelling (e.g., `I\hbox'). Otherwise just continue,
and I'll forget about whatever was undefined.

! Undefined control sequence.
l.40 {\normalfont\Large\itshape\color
                                     {ColorVariable1}}% format applied to la...
The control sequence at the end of the top line
of your error message was never \def'ed. If you have
misspelled it (e.g., `\hobx'), type `I' and the correct
spelling (e.g., `I\hbox'). Otherwise just continue,
and I'll forget about whatever was undefined.


! LaTeX Error: Missing \begin{document}.

See the LaTeX manual or LaTeX Companion for explanation.
Type  H <return>  for immediate help.
 ...                                              
                                                  
l.40 {\normalfont\Large\itshape\color{C
                                       olorVariable1}}% format applied to la...

You're in trouble here.  Try typing  <return>  to proceed.
If that doesn't work, type  X <return>  to quit.

! Undefined control sequence.
<argument> \colorbox 
                     {ColorVariable1}{\parbox {1.5cm}{\hfill \color {white}\...
l.41 ...x{1.5cm}{\hfill\color{white}\thesection}}}
                                                  }% label
The control sequence at the end of the top line
of your error message was never \def'ed. If you have
misspelled it (e.g., `\hobx'), type `I' and the correct
spelling (e.g., `I\hbox'). Otherwise just continue,
and I'll forget about whatever was undefined.

Missing character: There is no C in font nullfont!
Missing character: There is no o in font nullfont!
Missing character: There is no l in font nullfont!
Missing character: There is no o in font nullfont!
Missing character: There is no r in font nullfont!
Missing character: There is no V in font nullfont!
Missing character: There is no a in font nullfont!
Missing character: There is no r in font nullfont!
Missing character: There is no i in font nullfont!
Missing character: There is no a in font nullfont!
Missing character: There is no b in font nullfont!
Missing character: There is no l in font nullfont!
Missing character: There is no e in font nullfont!
Missing character: There is no 1 in font nullfont!
! Undefined control sequence.
<argument> ...pdima \@parboxrestore \hfill \color 
                                                  {white}\thesection \@@par 
l.41 ...x{1.5cm}{\hfill\color{white}\thesection}}}
                                                  }% label
The control sequence at the end of the top line
of your error message was never \def'ed. If you have
misspelled it (e.g., `\hobx'), type `I' and the correct
spelling (e.g., `I\hbox'). Otherwise just continue,
and I'll forget about whatever was undefined.

Missing character: There is no w in font nullfont!
Missing character: There is no h in font nullfont!
Missing character: There is no i in font nullfont!
Missing character: There is no t in font nullfont!
Missing character: There is no e in font nullfont!
! Undefined control sequence.
<argument> ...re \hfill \color {white}\thesection 
                                                  \@@par 
l.41 ...x{1.5cm}{\hfill\color{white}\thesection}}}
                                                  }% label
The control sequence at the end of the top line
of your error message was never \def'ed. If you have
misspelled it (e.g., `\hobx'), type `I' and the correct
spelling (e.g., `I\hbox'). Otherwise just continue,
and I'll forget about whatever was undefined.

Missing character: There is no 1 in font nullfont!
Missing character: There is no e in font nullfont!
Missing character: There is no m in font nullfont!
Missing character: There is no [ in font nullfont!
Missing character: There is no ] in font nullfont!

Overfull \hbox (85.18846pt too wide) in paragraph at lines 40--45
[]\OT1/cmr/m/it/10 ColorVariable1[] 
 []

! Undefined control sequence.
l.47 \titleformat
                 {\subsection}%
The control sequence at the end of the top line
of your error message was never \def'ed. If you have
misspelled it (e.g., `\hobx'), type `I' and the correct
spelling (e.g., `I\hbox'). Otherwise just continue,
and I'll forget about whatever was undefined.

! Undefined control sequence.
l.47 \titleformat{\subsection
                             }%
The control sequence at the end of the top line
of your error message was never \def'ed. If you have
misspelled it (e.g., `\hobx'), type `I' and the correct
spelling (e.g., `I\hbox'). Otherwise just continue,
and I'll forget about whatever was undefined.

! Undefined control sequence.
l.48 {\normalfont\large
                       \itshape\color{ColorVariable1}}% format applied to la...
The control sequence at the end of the top line
of your error message was never \def'ed. If you have
misspelled it (e.g., `\hobx'), type `I' and the correct
spelling (e.g., `I\hbox'). Otherwise just continue,
and I'll forget about whatever was undefined.

! Undefined control sequence.
l.48 {\normalfont\large\itshape\color
                                     {ColorVariable1}}% format applied to la...
The control sequence at the end of the top line
of your error message was never \def'ed. If you have
misspelled it (e.g., `\hobx'), type `I' and the correct
spelling (e.g., `I\hbox'). Otherwise just continue,
and I'll forget about whatever was undefined.


! LaTeX Error: Missing \begin{document}.

See the LaTeX manual or LaTeX Companion for explanation.
Type  H <return>  for immediate help.
 ...                                              
                                                  
l.48 {\normalfont\large\itshape\color{C
                                       olorVariable1}}% format applied to la...

You're in trouble here.  Try typing  <return>  to proceed.
If that doesn't work, type  X <return>  to quit.

! Undefined control sequence.
<argument> \colorbox 
                     {ColorVariable1}{\parbox {1.5cm}{\hfill \color {white}\...
l.49 ....5cm}{\hfill\color{white}\thesubsection}}}
                                                  }% label
The control sequence at the end of the top line
of your error message was never \def'ed. If you have
misspelled it (e.g., `\hobx'), type `I' and the correct
spelling (e.g., `I\hbox'). Otherwise just continue,
and I'll forget about whatever was undefined.

Missing character: There is no C in font nullfont!
Missing character: There is no o in font nullfont!
Missing character: There is no l in font nullfont!
Missing character: There is no o in font nullfont!
Missing character: There is no r in font nullfont!
Missing character: There is no V in font nullfont!
Missing character: There is no a in font nullfont!
Missing character: There is no r in font nullfont!
Missing character: There is no i in font nullfont!
Missing character: There is no a in font nullfont!
Missing character: There is no b in font nullfont!
Missing character: There is no l in font nullfont!
Missing character: There is no e in font nullfont!
Missing character: There is no 1 in font nullfont!
! Undefined control sequence.
<argument> ...pdima \@parboxrestore \hfill \color 
                                                  {white}\thesubsection \@@par 
l.49 ....5cm}{\hfill\color{white}\thesubsection}}}
                                                  }% label
The control sequence at the end of the top line
of your error message was never \def'ed. If you have
misspelled it (e.g., `\hobx'), type `I' and the correct
spelling (e.g., `I\hbox'). Otherwise just continue,
and I'll forget about whatever was undefined.

Missing character: There is no w in font nullfont!
Missing character: There is no h in font nullfont!
Missing character: There is no i in font nullfont!
Missing character: There is no t in font nullfont!
Missing character: There is no e in font nullfont!
! Undefined control sequence.
<argument> ...\hfill \color {white}\thesubsection 
                                                  \@@par 
l.49 ....5cm}{\hfill\color{white}\thesubsection}}}
                                                  }% label
The control sequence at the end of the top line
of your error message was never \def'ed. If you have
misspelled it (e.g., `\hobx'), type `I' and the correct
spelling (e.g., `I\hbox'). Otherwise just continue,
and I'll forget about whatever was undefined.

Missing character: There is no 1 in font nullfont!
Missing character: There is no e in font nullfont!
Missing character: There is no m in font nullfont!
Missing character: There is no [ in font nullfont!
Missing character: There is no ] in font nullfont!

Overfull \hbox (85.18846pt too wide) in paragraph at lines 48--53
[]\OT1/cmr/m/it/10 ColorVariable1[] 
 []

! Undefined control sequence.
l.54 \declaretheoremstyle
                         [
The control sequence at the end of the top line
of your error message was never \def'ed. If you have
misspelled it (e.g., `\hobx'), type `I' and the correct
spelling (e.g., `I\hbox'). Otherwise just continue,
and I'll forget about whatever was undefined.


! LaTeX Error: Missing \begin{document}.

See the LaTeX manual or LaTeX Companion for explanation.
Type  H <return>  for immediate help.
 ...                                              
                                                  
l.54 \declaretheoremstyle[
                          
You're in trouble here.  Try typing  <return>  to proceed.
If that doesn't work, type  X <return>  to quit.

Missing character: There is no [ in font nullfont!
Missing character: There is no h in font nullfont!
Missing character: There is no e in font nullfont!
Missing character: There is no a in font nullfont!
Missing character: There is no d in font nullfont!
Missing character: There is no f in font nullfont!
Missing character: There is no o in font nullfont!
Missing character: There is no n in font nullfont!
Missing character: There is no t in font nullfont!
Missing character: There is no = in font nullfont!
! Undefined control sequence.
l.55 headfont=\color
                    {ColorVariable2}\normalfont\bfseries,
The control sequence at the end of the top line
of your error message was never \def'ed. If you have
misspelled it (e.g., `\hobx'), type `I' and the correct
spelling (e.g., `I\hbox'). Otherwise just continue,
and I'll forget about whatever was undefined.

Missing character: There is no C in font nullfont!
Missing character: There is no o in font nullfont!
Missing character: There is no l in font nullfont!
Missing character: There is no o in font nullfont!
Missing character: There is no r in font nullfont!
Missing character: There is no V in font nullfont!
Missing character: There is no a in font nullfont!
Missing character: There is no r in font nullfont!
Missing character: There is no i in font nullfont!
Missing character: There is no a in font nullfont!
Missing character: There is no b in font nullfont!
Missing character: There is no l in font nullfont!
Missing character: There is no e in font nullfont!
Missing character: There is no 2 in font nullfont!
! Undefined control sequence.
l.56 bodyfont=\color
                    {ColorVariable4}\normalfont\itshape,
The control sequence at the end of the top line
of your error message was never \def'ed. If you have
misspelled it (e.g., `\hobx'), type `I' and the correct
spelling (e.g., `I\hbox'). Otherwise just continue,
and I'll forget about whatever was undefined.


Overfull \hbox (20.0pt too wide) in paragraph at lines 54--58
[]
 []


Overfull \hbox (3.19443pt too wide) in paragraph at lines 54--58
\OT1/cmr/bx/n/10 ,
 []


Overfull \hbox (29.06929pt too wide) in paragraph at lines 54--58
\OT1/cmr/bx/n/10 body-
 []


Overfull \hbox (107.00359pt too wide) in paragraph at lines 54--58
\OT1/cmr/bx/n/10 font=ColorVariable4\OT1/cmr/m/it/10 ,
 []


Overfull \hbox (36.41637pt too wide) in paragraph at lines 54--58
\OT1/cmr/m/it/10 ]colored-
 []


Overfull \hbox (5.11108pt too wide) in paragraph at lines 54--58
\OT1/cmr/m/it/10 1 
 []

! Undefined control sequence.
l.59 \declaretheoremstyle
                         [
The control sequence at the end of the top line
of your error message was never \def'ed. If you have
misspelled it (e.g., `\hobx'), type `I' and the correct
spelling (e.g., `I\hbox'). Otherwise just continue,
and I'll forget about whatever was undefined.


! LaTeX Error: Missing \begin{document}.

See the LaTeX manual or LaTeX Companion for explanation.
Type  H <return>  for immediate help.
 ...                                              
                                                  
l.59 \declaretheoremstyle[
                          
You're in trouble here.  Try typing  <return>  to proceed.
If that doesn't work, type  X <return>  to quit.

! Undefined control sequence.
l.60 headfont=\color
                    {ColorVariable3}\normalfont\bfseries,
The control sequence at the end of the top line
of your error message was never \def'ed. If you have
misspelled it (e.g., `\hobx'), type `I' and the correct
spelling (e.g., `I\hbox'). Otherwise just continue,
and I'll forget about whatever was undefined.

! Undefined control sequence.
l.61 bodyfont=\color
                    {ColorVariable5}\normalfont\itshape,
The control sequence at the end of the top line
of your error message was never \def'ed. If you have
misspelled it (e.g., `\hobx'), type `I' and the correct
spelling (e.g., `I\hbox'). Otherwise just continue,
and I'll forget about whatever was undefined.


Overfull \hbox (23.06665pt too wide) in paragraph at lines 59--63
[]\OT1/cmr/m/it/10 [
 []


Overfull \hbox (22.99983pt too wide) in paragraph at lines 59--63
\OT1/cmr/m/it/10 head-
 []


Overfull \hbox (93.17163pt too wide) in paragraph at lines 59--63
\OT1/cmr/m/it/10 font=ColorVariable3\OT1/cmr/bx/n/10 ,
 []


Overfull \hbox (29.06929pt too wide) in paragraph at lines 59--63
\OT1/cmr/bx/n/10 body-
 []


Overfull \hbox (107.00359pt too wide) in paragraph at lines 59--63
\OT1/cmr/bx/n/10 font=ColorVariable5\OT1/cmr/m/it/10 ,
 []


Overfull \hbox (36.41637pt too wide) in paragraph at lines 59--63
\OT1/cmr/m/it/10 ]colored-
 []


Overfull \hbox (5.11108pt too wide) in paragraph at lines 59--63
\OT1/cmr/m/it/10 2 
 []

! Undefined control sequence.
l.64 \declaretheorem
                    [
The control sequence at the end of the top line
of your error message was never \def'ed. If you have
misspelled it (e.g., `\hobx'), type `I' and the correct
spelling (e.g., `I\hbox'). Otherwise just continue,
and I'll forget about whatever was undefined.


! LaTeX Error: Missing \begin{document}.

See the LaTeX manual or LaTeX Companion for explanation.
Type  H <return>  for immediate help.
 ...                                              
                                                  
l.64 \declaretheorem[
                     
You're in trouble here.  Try typing  <return>  to proceed.
If that doesn't work, type  X <return>  to quit.


Overfull \hbox (23.06665pt too wide) in paragraph at lines 64--72
[]\OT1/cmr/m/it/10 [
 []


Overfull \hbox (60.43842pt too wide) in paragraph at lines 64--72
\OT1/cmr/m/it/10 style=colored-
 []


Overfull \hbox (8.17773pt too wide) in paragraph at lines 64--72
\OT1/cmr/m/it/10 1,
 []


Overfull \hbox (74.88841pt too wide) in paragraph at lines 64--72
\OT1/cmr/m/it/10 name=Problema,
 []


Overfull \hbox (22.74431pt too wide) in paragraph at lines 64--72
\OT1/cmr/m/it/10 num-
 []


Overfull \hbox (16.48317pt too wide) in paragraph at lines 64--72
\OT1/cmr/m/it/10 ber-
 []


Overfull \hbox (69.63844pt too wide) in paragraph at lines 64--72
\OT1/cmr/m/it/10 within=chapter,
 []


Overfull \hbox (25.17203pt too wide) in paragraph at lines 64--72
\OT1/cmr/m/it/10 ]prob-
 []


Overfull \hbox (20.44432pt too wide) in paragraph at lines 64--72
\OT1/cmr/m/it/10 lema 
 []

! Undefined control sequence.
l.73 \declaretheorem
                    [
The control sequence at the end of the top line
of your error message was never \def'ed. If you have
misspelled it (e.g., `\hobx'), type `I' and the correct
spelling (e.g., `I\hbox'). Otherwise just continue,
and I'll forget about whatever was undefined.


! LaTeX Error: Missing \begin{document}.

See the LaTeX manual or LaTeX Companion for explanation.
Type  H <return>  for immediate help.
 ...                                              
                                                  
l.73 \declaretheorem[
                     
You're in trouble here.  Try typing  <return>  to proceed.
If that doesn't work, type  X <return>  to quit.


Overfull \hbox (23.06665pt too wide) in paragraph at lines 73--81
[]\OT1/cmr/m/it/10 [
 []


Overfull \hbox (60.43842pt too wide) in paragraph at lines 73--81
\OT1/cmr/m/it/10 style=colored-
 []


Overfull \hbox (8.17773pt too wide) in paragraph at lines 73--81
\OT1/cmr/m/it/10 1,
 []


Overfull \hbox (71.82176pt too wide) in paragraph at lines 73--81
\OT1/cmr/m/it/10 name=Problema
 []


Overfull \hbox (14.96098pt too wide) in paragraph at lines 73--81
\OT1/cmr/m/it/10 Re-
 []


Overfull \hbox (28.11093pt too wide) in paragraph at lines 73--81
\OT1/cmr/m/it/10 suelto,
 []


Overfull \hbox (22.74431pt too wide) in paragraph at lines 73--81
\OT1/cmr/m/it/10 num-
 []


Overfull \hbox (16.48317pt too wide) in paragraph at lines 73--81
\OT1/cmr/m/it/10 ber-
 []


Overfull \hbox (67.46623pt too wide) in paragraph at lines 73--81
\OT1/cmr/m/it/10 within=section,
 []


Overfull \hbox (14.94986pt too wide) in paragraph at lines 73--81
\OT1/cmr/m/it/10 ]re-
 []


Overfull \hbox (25.04428pt too wide) in paragraph at lines 73--81
\OT1/cmr/m/it/10 suelto 
 []

! Undefined control sequence.
l.82 \declaretheorem
                    [
The control sequence at the end of the top line
of your error message was never \def'ed. If you have
misspelled it (e.g., `\hobx'), type `I' and the correct
spelling (e.g., `I\hbox'). Otherwise just continue,
and I'll forget about whatever was undefined.


! LaTeX Error: Missing \begin{document}.

See the LaTeX manual or LaTeX Companion for explanation.
Type  H <return>  for immediate help.
 ...                                              
                                                  
l.82 \declaretheorem[
                     
You're in trouble here.  Try typing  <return>  to proceed.
If that doesn't work, type  X <return>  to quit.


Overfull \hbox (23.06665pt too wide) in paragraph at lines 82--87
[]\OT1/cmr/m/it/10 [
 []


Overfull \hbox (60.43842pt too wide) in paragraph at lines 82--87
\OT1/cmr/m/it/10 style=colored-
 []


Overfull \hbox (8.17773pt too wide) in paragraph at lines 82--87
\OT1/cmr/m/it/10 1,
 []


Overfull \hbox (71.29959pt too wide) in paragraph at lines 82--87
\OT1/cmr/m/it/10 name=Solucion,
 []


Overfull \hbox (22.74431pt too wide) in paragraph at lines 82--87
\OT1/cmr/m/it/10 num-
 []


Overfull \hbox (21.59422pt too wide) in paragraph at lines 82--87
\OT1/cmr/m/it/10 bered
 []


Overfull \hbox (7.66663pt too wide) in paragraph at lines 82--87
\OT1/cmr/m/it/10 =
 []


Overfull \hbox (10.73328pt too wide) in paragraph at lines 82--87
\OT1/cmr/m/it/10 no
 []


Overfull \hbox (23.76653pt too wide) in paragraph at lines 82--87
\OT1/cmr/m/it/10 ]solu-
 []


Overfull \hbox (18.39989pt too wide) in paragraph at lines 82--87
\OT1/cmr/m/it/10 cion 
 []

! Undefined control sequence.
l.88 \declaretheorem
                    [
The control sequence at the end of the top line
of your error message was never \def'ed. If you have
misspelled it (e.g., `\hobx'), type `I' and the correct
spelling (e.g., `I\hbox'). Otherwise just continue,
and I'll forget about whatever was undefined.


! LaTeX Error: Missing \begin{document}.

See the LaTeX manual or LaTeX Companion for explanation.
Type  H <return>  for immediate help.
 ...                                              
                                                  
l.88 \declaretheorem[
                     
You're in trouble here.  Try typing  <return>  to proceed.
If that doesn't work, type  X <return>  to quit.


Overfull \hbox (23.06665pt too wide) in paragraph at lines 88--93
[]\OT1/cmr/m/it/10 [
 []


Overfull \hbox (60.43842pt too wide) in paragraph at lines 88--93
\OT1/cmr/m/it/10 style=colored-
 []


Overfull \hbox (8.17773pt too wide) in paragraph at lines 88--93
\OT1/cmr/m/it/10 2,
 []


Overfull \hbox (31.1776pt too wide) in paragraph at lines 88--93
\OT1/cmr/m/it/10 name=
 []


Overfull \hbox (26.20538pt too wide) in paragraph at lines 88--93
\OT1/cmr/m/it/10 Ejem-
 []


Overfull \hbox (15.84436pt too wide) in paragraph at lines 88--93
\OT1/cmr/m/it/10 plo,
 []


Overfull \hbox (22.74431pt too wide) in paragraph at lines 88--93
\OT1/cmr/m/it/10 num-
 []


Overfull \hbox (16.48317pt too wide) in paragraph at lines 88--93
\OT1/cmr/m/it/10 ber-
 []


Overfull \hbox (64.39958pt too wide) in paragraph at lines 88--93
\OT1/cmr/m/it/10 within=section
 []


Overfull \hbox (27.0887pt too wide) in paragraph at lines 88--93
\OT1/cmr/m/it/10 ]ejem-
 []


Overfull \hbox (12.77771pt too wide) in paragraph at lines 88--93
\OT1/cmr/m/it/10 plo 
 []

! Undefined control sequence.
l.94 \declaretheorem
                    [
The control sequence at the end of the top line
of your error message was never \def'ed. If you have
misspelled it (e.g., `\hobx'), type `I' and the correct
spelling (e.g., `I\hbox'). Otherwise just continue,
and I'll forget about whatever was undefined.


! LaTeX Error: Missing \begin{document}.

See the LaTeX manual or LaTeX Companion for explanation.
Type  H <return>  for immediate help.
 ...                                              
                                                  
l.94 \declaretheorem[
                     
You're in trouble here.  Try typing  <return>  to proceed.
If that doesn't work, type  X <return>  to quit.


Overfull \hbox (23.06665pt too wide) in paragraph at lines 94--99
[]\OT1/cmr/m/it/10 [
 []


Overfull \hbox (60.43842pt too wide) in paragraph at lines 94--99
\OT1/cmr/m/it/10 style=colored-
 []


Overfull \hbox (8.17773pt too wide) in paragraph at lines 94--99
\OT1/cmr/m/it/10 2,
 []


Overfull \hbox (31.1776pt too wide) in paragraph at lines 94--99
\OT1/cmr/m/it/10 name=
 []


Overfull \hbox (47.92747pt too wide) in paragraph at lines 94--99
\OT1/cmr/m/it/10 Definicion,
 []


Overfull \hbox (22.74431pt too wide) in paragraph at lines 94--99
\OT1/cmr/m/it/10 num-
 []


Overfull \hbox (21.59422pt too wide) in paragraph at lines 94--99
\OT1/cmr/m/it/10 bered
 []


Overfull \hbox (7.66663pt too wide) in paragraph at lines 94--99
\OT1/cmr/m/it/10 =
 []


Overfull \hbox (10.73328pt too wide) in paragraph at lines 94--99
\OT1/cmr/m/it/10 no
 []


Overfull \hbox (30.66647pt too wide) in paragraph at lines 94--99
\OT1/cmr/m/it/10 ]defini-
 []


Overfull \hbox (18.39989pt too wide) in paragraph at lines 94--99
\OT1/cmr/m/it/10 cion 
 []

! Undefined control sequence.
l.115 \declaretheorem
                     [
The control sequence at the end of the top line
of your error message was never \def'ed. If you have
misspelled it (e.g., `\hobx'), type `I' and the correct
spelling (e.g., `I\hbox'). Otherwise just continue,
and I'll forget about whatever was undefined.


! LaTeX Error: Missing \begin{document}.

See the LaTeX manual or LaTeX Companion for explanation.
Type  H <return>  for immediate help.
 ...                                              
                                                  
l.115 \declaretheorem[
                      
You're in trouble here.  Try typing  <return>  to proceed.
If that doesn't work, type  X <return>  to quit.


Overfull \hbox (23.06665pt too wide) in paragraph at lines 115--120
[]\OT1/cmr/m/it/10 [
 []


Overfull \hbox (60.43842pt too wide) in paragraph at lines 115--120
\OT1/cmr/m/it/10 style=colored-
 []


Overfull \hbox (8.17773pt too wide) in paragraph at lines 115--120
\OT1/cmr/m/it/10 2,
 []


Overfull \hbox (71.42729pt too wide) in paragraph at lines 115--120
\OT1/cmr/m/it/10 name=Teorema,
 []


Overfull \hbox (22.74431pt too wide) in paragraph at lines 115--120
\OT1/cmr/m/it/10 num-
 []


Overfull \hbox (16.48317pt too wide) in paragraph at lines 115--120
\OT1/cmr/m/it/10 ber-
 []


Overfull \hbox (69.63844pt too wide) in paragraph at lines 115--120
\OT1/cmr/m/it/10 within=chapter,
 []


Overfull \hbox (19.1665pt too wide) in paragraph at lines 115--120
\OT1/cmr/m/it/10 ]teo-
 []


Overfull \hbox (21.59428pt too wide) in paragraph at lines 115--120
\OT1/cmr/m/it/10 rema 
 []

! Undefined control sequence.
l.123 \declaretheorem
                     [
The control sequence at the end of the top line
of your error message was never \def'ed. If you have
misspelled it (e.g., `\hobx'), type `I' and the correct
spelling (e.g., `I\hbox'). Otherwise just continue,
and I'll forget about whatever was undefined.


! LaTeX Error: Missing \begin{document}.

See the LaTeX manual or LaTeX Companion for explanation.
Type  H <return>  for immediate help.
 ...                                              
                                                  
l.123 \declaretheorem[
                      
You're in trouble here.  Try typing  <return>  to proceed.
If that doesn't work, type  X <return>  to quit.


Overfull \hbox (23.06665pt too wide) in paragraph at lines 123--128
[]\OT1/cmr/m/it/10 [
 []


Overfull \hbox (60.43842pt too wide) in paragraph at lines 123--128
\OT1/cmr/m/it/10 style=colored-
 []


Overfull \hbox (8.17773pt too wide) in paragraph at lines 123--128
\OT1/cmr/m/it/10 2,
 []


Overfull \hbox (85.11058pt too wide) in paragraph at lines 123--128
\OT1/cmr/m/it/10 name=Proposicion,
 []


Overfull \hbox (22.74431pt too wide) in paragraph at lines 123--128
\OT1/cmr/m/it/10 num-
 []


Overfull \hbox (16.48317pt too wide) in paragraph at lines 123--128
\OT1/cmr/m/it/10 ber-
 []


Overfull \hbox (69.63844pt too wide) in paragraph at lines 123--128
\OT1/cmr/m/it/10 within=chapter,
 []


Overfull \hbox (37.43863pt too wide) in paragraph at lines 123--128
\OT1/cmr/m/it/10 ]proposi-
 []


Overfull \hbox (18.39989pt too wide) in paragraph at lines 123--128
\OT1/cmr/m/it/10 cion 
 []

! Undefined control sequence.
l.131 \declaretheorem
                     [
The control sequence at the end of the top line
of your error message was never \def'ed. If you have
misspelled it (e.g., `\hobx'), type `I' and the correct
spelling (e.g., `I\hbox'). Otherwise just continue,
and I'll forget about whatever was undefined.


! LaTeX Error: Missing \begin{document}.

See the LaTeX manual or LaTeX Companion for explanation.
Type  H <return>  for immediate help.
 ...                                              
                                                  
l.131 \declaretheorem[
                      
You're in trouble here.  Try typing  <return>  to proceed.
If that doesn't work, type  X <return>  to quit.


Overfull \hbox (23.06665pt too wide) in paragraph at lines 131--136
[]\OT1/cmr/m/it/10 [
 []


Overfull \hbox (60.43842pt too wide) in paragraph at lines 131--136
\OT1/cmr/m/it/10 style=colored-
 []


Overfull \hbox (8.17773pt too wide) in paragraph at lines 131--136
\OT1/cmr/m/it/10 2,
 []


Overfull \hbox (87.52722pt too wide) in paragraph at lines 131--136
\OT1/cmr/m/it/10 name=Observacion,
 []


Overfull \hbox (22.74431pt too wide) in paragraph at lines 131--136
\OT1/cmr/m/it/10 num-
 []


Overfull \hbox (21.59422pt too wide) in paragraph at lines 131--136
\OT1/cmr/m/it/10 bered
 []


Overfull \hbox (7.66663pt too wide) in paragraph at lines 131--136
\OT1/cmr/m/it/10 =
 []


Overfull \hbox (10.73328pt too wide) in paragraph at lines 131--136
\OT1/cmr/m/it/10 no
 []


Overfull \hbox (16.35544pt too wide) in paragraph at lines 131--136
\OT1/cmr/m/it/10 ]ob-
 []


Overfull \hbox (16.4832pt too wide) in paragraph at lines 131--136
\OT1/cmr/m/it/10 ser-
 []


Overfull \hbox (13.28879pt too wide) in paragraph at lines 131--136
\OT1/cmr/m/it/10 va-
 []


Overfull \hbox (18.39989pt too wide) in paragraph at lines 131--136
\OT1/cmr/m/it/10 cion 
 []

\c@axioma=\count182
\c@sugerencia=\count183
\c@corolario=\count184
\c@tdv=\count185
)
! Emergency stop.
<*> ./_tufte.tex
                
*** (job aborted, no legal \end found)

 
Here is how much of TeX's memory you used:
 70 strings out of 478927
 962 string characters out of 2852534
 293175 words of memory out of 3000000
 18027 multiletter control sequences out of 15000+600000
 404084 words of font info for 29 fonts, out of 8000000 for 9000
 1141 hyphenation exceptions out of 8191
 23i,4n,32p,147b,95s stack positions out of 5000i,500n,10000p,200000b,80000s
!  ==> Fatal error occurred, no output PDF file produced!
