This is pdfTeX, Version 3.141592653-2.6-1.40.22 (MiKTeX 21.3) (preloaded format=pdflatex 2021.5.25)  26 JUL 2021 19:02
entering extended mode
**./[Precálculo].tex
([Precálculo].tex
LaTeX2e <2020-10-01> patch level 4
L3 programming layer <2021-05-11>
(C:\Users\julih\AppData\Local\Programs\MiKTeX\tex/latex/tufte-latex\tufte-book.
cls
Document Class: tufte-book 2015/06/21 v3.5.2 Tufte-book class

(C:\Users\julih\AppData\Local\Programs\MiKTeX\tex/latex/tufte-latex\tufte-commo
n.def
File: tufte-common.def 2015/06/21 v3.5.2 Common code for the Tufte-LaTeX styles


(C:\Users\julih\AppData\Local\Programs\MiKTeX\tex/latex/xkeyval\xkeyval.sty
Package: xkeyval 2020/11/20 v2.8 package option processing (HA)

(C:\Users\julih\AppData\Local\Programs\MiKTeX\tex/generic/xkeyval\xkeyval.tex
(C:\Users\julih\AppData\Local\Programs\MiKTeX\tex/generic/xkeyval\xkvutils.tex
\XKV@toks=\toks15
\XKV@tempa@toks=\toks16

(C:\Users\julih\AppData\Local\Programs\MiKTeX\tex/generic/xkeyval\keyval.tex))
\XKV@depth=\count179
File: xkeyval.tex 2014/12/03 v2.7a key=value parser (HA)
)) (C:\Users\julih\AppData\Local\Programs\MiKTeX\tex/latex/xifthen\xifthen.sty
Package: xifthen 2015/11/05 v1.4.0 Extended ifthen features

(C:\Users\julih\AppData\Local\Programs\MiKTeX\tex/latex/latex-tools\calc.sty
Package: calc 2017/05/25 v4.3 Infix arithmetic (KKT,FJ)
\calc@Acount=\count180
\calc@Bcount=\count181
\calc@Adimen=\dimen138
\calc@Bdimen=\dimen139
\calc@Askip=\skip47
\calc@Bskip=\skip48
LaTeX Info: Redefining \setlength on input line 80.
LaTeX Info: Redefining \addtolength on input line 81.
\calc@Ccount=\count182
\calc@Cskip=\skip49
)
(C:\Users\julih\AppData\Local\Programs\MiKTeX\tex/latex/base\ifthen.sty
Package: ifthen 2014/09/29 v1.1c Standard LaTeX ifthen package (DPC)
)
(C:\Users\julih\AppData\Local\Programs\MiKTeX\tex/latex/ifmtarg\ifmtarg.sty
Package: ifmtarg 2018/04/16 v1.2b check for an empty argument
))
(C:\Users\julih\AppData\Local\Programs\MiKTeX\tex/latex/hardwrap\hardwrap.sty
Package: hardwrap 2011/02/12 v0.2 Hard wrap messages

(C:\Users\julih\AppData\Local\Programs\MiKTeX\tex/latex/ifplatform\ifplatform.s
ty
Package: ifplatform 2017/10/13 v0.4a Testing for the operating system

(C:\Users\julih\AppData\Local\Programs\MiKTeX\tex/latex/latex-tools\shellesc.st
y
Package: shellesc 2019/11/08 v1.0c unified shell escape interface for LaTeX
Package shellesc Info: Restricted shell escape enabled on input line 77.
)
(C:\Users\julih\AppData\Local\Programs\MiKTeX\tex/generic/pdftexcmds\pdftexcmds
.sty
Package: pdftexcmds 2020-06-27 v0.33 Utility functions of pdfTeX for LuaTeX (HO
)

(C:\Users\julih\AppData\Local\Programs\MiKTeX\tex/generic/infwarerr\infwarerr.s
ty
Package: infwarerr 2019/12/03 v1.5 Providing info/warning/error messages (HO)
) (C:\Users\julih\AppData\Local\Programs\MiKTeX\tex/generic/iftex\iftex.sty
Package: iftex 2020/03/06 v1.0d TeX engine tests
)
(C:\Users\julih\AppData\Local\Programs\MiKTeX\tex/generic/ltxcmds\ltxcmds.sty
Package: ltxcmds 2020-05-10 v1.25 LaTeX kernel commands for general use (HO)
)
Package pdftexcmds Info: \pdf@primitive is available.
Package pdftexcmds Info: \pdf@ifprimitive is available.
Package pdftexcmds Info: \pdfdraftmode found.
)
(C:\Users\julih\AppData\Local\Programs\MiKTeX\tex/generic/catchfile\catchfile.s
ty
Package: catchfile 2019/12/09 v1.8 Catch the contents of a file (HO)

(C:\Users\julih\AppData\Local\Programs\MiKTeX\tex/generic/etexcmds\etexcmds.sty
Package: etexcmds 2019/12/15 v1.7 Avoid name clashes with e-TeX commands (HO)
)) (C:\Users\julih\AppData\Local\Programs\MiKTeX\tex/generic/iftex\ifluatex.sty
Package: ifluatex 2019/10/25 v1.5 ifluatex legacy package. Use iftex instead.
)

Package ifplatform Warning: 
    shell escape is disabled, so I can only detect \ifwindows.

) (C:\Users\julih\AppData\Local\Programs\MiKTeX\tex/generic/iftex\ifxetex.sty
Package: ifxetex 2019/10/25 v0.7 ifxetex legacy package. Use iftex instead.
)
\hw@charcount=\count183
\hw@wordcount=\count184
\hw@maxprintline=\count185
)
Class tufte-book Info: Loading the base class `book'
(C:\Users\julih\AppData\Local\Programs\MiKTeX\tex/latex/base\book.cls
Document Class: book 2020/04/10 v1.4m Standard LaTeX document class
(C:\Users\julih\AppData\Local\Programs\MiKTeX\tex/latex/base\bk10.clo
File: bk10.clo 2020/04/10 v1.4m Standard LaTeX file (size option)
)
\c@part=\count186
\c@chapter=\count187
\c@section=\count188
\c@subsection=\count189
\c@subsubsection=\count190
\c@paragraph=\count191
\c@subparagraph=\count192
\c@figure=\count193
\c@table=\count194
\abovecaptionskip=\skip50
\belowcaptionskip=\skip51
\bibindent=\dimen140
)
(C:\Users\julih\AppData\Local\Programs\MiKTeX\tex/generic/iftex\ifpdf.sty
Package: ifpdf 2019/10/25 v3.4 ifpdf legacy package. Use iftex instead.
)
(C:\Users\julih\AppData\Local\Programs\MiKTeX\tex/latex/titlesec\titlesec.sty
Package: titlesec 2019/10/16 v2.13 Sectioning titles
\ttl@box=\box47
\beforetitleunit=\skip52
\aftertitleunit=\skip53
\ttl@plus=\dimen141
\ttl@minus=\dimen142
\ttl@toksa=\toks17
\titlewidth=\dimen143
\titlewidthlast=\dimen144
\titlewidthfirst=\dimen145
)
(C:\Users\julih\AppData\Local\Programs\MiKTeX\tex/latex/titlesec\titletoc.sty
Package: titletoc 2019/10/16 v2.13 TOC entries
\ttl@leftsep=\dimen146
)
(C:\Users\julih\AppData\Local\Programs\MiKTeX\tex/latex/hyperref\hyperref.sty
Package: hyperref 2021-02-27 v7.00k Hypertext links for LaTeX

(C:\Users\julih\AppData\Local\Programs\MiKTeX\tex/generic/kvsetkeys\kvsetkeys.s
ty
Package: kvsetkeys 2019/12/15 v1.18 Key value parser (HO)
)
(C:\Users\julih\AppData\Local\Programs\MiKTeX\tex/generic/kvdefinekeys\kvdefine
keys.sty
Package: kvdefinekeys 2019-12-19 v1.6 Define keys (HO)
)
(C:\Users\julih\AppData\Local\Programs\MiKTeX\tex/generic/pdfescape\pdfescape.s
ty
Package: pdfescape 2019/12/09 v1.15 Implements pdfTeX's escape features (HO)
) (C:\Users\julih\AppData\Local\Programs\MiKTeX\tex/latex/hycolor\hycolor.sty
Package: hycolor 2020-01-27 v1.10 Color options for hyperref/bookmark (HO)
)
(C:\Users\julih\AppData\Local\Programs\MiKTeX\tex/latex/letltxmacro\letltxmacro
.sty
Package: letltxmacro 2019/12/03 v1.6 Let assignment for LaTeX macros (HO)
)
(C:\Users\julih\AppData\Local\Programs\MiKTeX\tex/latex/auxhook\auxhook.sty
Package: auxhook 2019-12-17 v1.6 Hooks for auxiliary files (HO)
)
(C:\Users\julih\AppData\Local\Programs\MiKTeX\tex/latex/kvoptions\kvoptions.sty
Package: kvoptions 2020-10-07 v3.14 Key value format for package options (HO)
)
\@linkdim=\dimen147
\Hy@linkcounter=\count195
\Hy@pagecounter=\count196
 (C:\Users\julih\AppData\Local\Programs\MiKTeX\tex/latex/hyperref\pd1enc.def
File: pd1enc.def 2021-02-27 v7.00k Hyperref: PDFDocEncoding definition (HO)
Now handling font encoding PD1 ...
... no UTF-8 mapping file for font encoding PD1
)
(C:\Users\julih\AppData\Local\Programs\MiKTeX\tex/latex/hyperref\hyperref-langp
atches.def
File: hyperref-langpatches.def 2021-02-27 v7.00k Hyperref: patches for babel la
nguages
)
(C:\Users\julih\AppData\Local\Programs\MiKTeX\tex/generic/intcalc\intcalc.sty
Package: intcalc 2019/12/15 v1.3 Expandable calculations with integers (HO)
)
\Hy@SavedSpaceFactor=\count197

(C:\Users\julih\AppData\Local\Programs\MiKTeX\tex/latex/hyperref\puenc.def
File: puenc.def 2021-02-27 v7.00k Hyperref: PDF Unicode definition (HO)
Now handling font encoding PU ...
... no UTF-8 mapping file for font encoding PU
)
Package hyperref Info: Option `unicode' set `true' on input line 4073.
Package hyperref Info: Option `hyperfootnotes' set `false' on input line 4073.
Package hyperref Info: Hyper figures OFF on input line 4192.
Package hyperref Info: Link nesting OFF on input line 4197.
Package hyperref Info: Hyper index ON on input line 4200.
Package hyperref Info: Plain pages OFF on input line 4207.
Package hyperref Info: Backreferencing OFF on input line 4212.
Package hyperref Info: Implicit mode ON; LaTeX internals redefined.
Package hyperref Info: Bookmarks ON on input line 4445.
\c@Hy@tempcnt=\count198

(C:\Users\julih\AppData\Local\Programs\MiKTeX\tex/latex/url\url.sty
\Urlmuskip=\muskip16
Package: url 2013/09/16  ver 3.4  Verb mode for urls, etc.
)
LaTeX Info: Redefining \url on input line 4804.
\XeTeXLinkMargin=\dimen148

(C:\Users\julih\AppData\Local\Programs\MiKTeX\tex/generic/bitset\bitset.sty
Package: bitset 2019/12/09 v1.3 Handle bit-vector datatype (HO)

(C:\Users\julih\AppData\Local\Programs\MiKTeX\tex/generic/bigintcalc\bigintcalc
.sty
Package: bigintcalc 2019/12/15 v1.5 Expandable calculations on big integers (HO
)
))
\Fld@menulength=\count199
\Field@Width=\dimen149
\Fld@charsize=\dimen150
Package hyperref Info: Hyper figures OFF on input line 6075.
Package hyperref Info: Link nesting OFF on input line 6080.
Package hyperref Info: Hyper index ON on input line 6083.
Package hyperref Info: backreferencing OFF on input line 6090.
Package hyperref Info: Link coloring OFF on input line 6095.
Package hyperref Info: Link coloring with OCG OFF on input line 6100.
Package hyperref Info: PDF/A mode OFF on input line 6105.
LaTeX Info: Redefining \ref on input line 6145.
LaTeX Info: Redefining \pageref on input line 6149.

(C:\Users\julih\AppData\Local\Programs\MiKTeX\tex/latex/base\atbegshi-ltx.sty
Package: atbegshi-ltx 2020/08/17 v1.0a Emulation of the original atbegshi packa
ge
with kernel methods
)
\Hy@abspage=\count266
\c@Item=\count267
)
Package hyperref Info: Driver (autodetected): hpdftex.
(C:\Users\julih\AppData\Local\Programs\MiKTeX\tex/latex/hyperref\hpdftex.def
File: hpdftex.def 2021-02-27 v7.00k Hyperref driver for pdfTeX

(C:\Users\julih\AppData\Local\Programs\MiKTeX\tex/latex/base\atveryend-ltx.sty
Package: atveryend-ltx 2020/08/19 v1.0a Emulation of the original atvery packag
e
with kernel methods
)
\Fld@listcount=\count268
\c@bookmark@seq@number=\count269

(C:\Users\julih\AppData\Local\Programs\MiKTeX\tex/latex/rerunfilecheck\rerunfil
echeck.sty
Package: rerunfilecheck 2019/12/05 v1.9 Rerun checks for auxiliary files (HO)

(C:\Users\julih\AppData\Local\Programs\MiKTeX\tex/generic/uniquecounter\uniquec
ounter.sty
Package: uniquecounter 2019/12/15 v1.4 Provide unlimited unique counter (HO)
)
Package uniquecounter Info: New unique counter `rerunfilecheck' on input line 2
86.
)
\Hy@SectionHShift=\skip54
)
(C:\Users\julih\AppData\Local\Programs\MiKTeX\tex/latex/ragged2e\ragged2e.sty
Package: ragged2e 2021/02/05 v3.0 ragged2e Package

(C:\Users\julih\AppData\Local\Programs\MiKTeX\tex/latex/everysel\everysel.sty
Package: everysel 2021/01/20 v2.1 EverySelectfont Package (MS)

(C:\Users\julih\AppData\Local\Programs\MiKTeX\tex/latex/everysel\everysel-2011-
10-28.sty))
\CenteringLeftskip=\skip55
\RaggedLeftLeftskip=\skip56
\RaggedRightLeftskip=\skip57
\CenteringRightskip=\skip58
\RaggedLeftRightskip=\skip59
\RaggedRightRightskip=\skip60
\CenteringParfillskip=\skip61
\RaggedLeftParfillskip=\skip62
\RaggedRightParfillskip=\skip63
\JustifyingParfillskip=\skip64
\CenteringParindent=\skip65
\RaggedLeftParindent=\skip66
\RaggedRightParindent=\skip67
\JustifyingParindent=\skip68
)
(C:\Users\julih\AppData\Local\Programs\MiKTeX\tex/latex/geometry\geometry.sty
Package: geometry 2020/01/02 v5.9 Page Geometry

(C:\Users\julih\AppData\Local\Programs\MiKTeX\tex/generic/iftex\ifvtex.sty
Package: ifvtex 2019/10/25 v1.7 ifvtex legacy package. Use iftex instead.
)
\Gm@cnth=\count270
\Gm@cntv=\count271
\c@Gm@tempcnt=\count272
\Gm@bindingoffset=\dimen151
\Gm@wd@mp=\dimen152
\Gm@odd@mp=\dimen153
\Gm@even@mp=\dimen154
\Gm@layoutwidth=\dimen155
\Gm@layoutheight=\dimen156
\Gm@layouthoffset=\dimen157
\Gm@layoutvoffset=\dimen158
\Gm@dimlist=\toks18

(C:\Users\julih\AppData\Local\Programs\MiKTeX\tex/latex/geometry\geometry.cfg))

(C:\Users\julih\AppData\Local\Programs\MiKTeX\tex/latex/changepage\changepage.s
ty
Package: changepage 2009/10/20 v1.0c check page and change page layout
\c@cp@cntr=\count273
\cp@tempcnt=\count274
)
\@tufte@overhang=\skip69
\@tufte@fullwidth=\skip70
\@tufte@caption@fill=\skip71

(C:\Users\julih\AppData\Local\Programs\MiKTeX\tex/latex/paralist\paralist.sty
Package: paralist 2017/01/22 v2.7 Extended list environments
\pltopsep=\skip72
\plpartopsep=\skip73
\plitemsep=\skip74
\plparsep=\skip75
\pl@lab=\toks19
)
(C:\Users\julih\AppData\Local\Programs\MiKTeX\tex/latex/textcase\textcase.sty
Package: textcase 2019/09/14 v1.00 Text only upper/lower case changing (DPC)
)
(C:\Users\julih\AppData\Local\Programs\MiKTeX\tex/latex/microtype\letterspace.s
ty
Package: letterspace 2021/03/14 v2.8c Robust letterspacing (RS)
LaTeX Info: Redefining \lsstyle on input line 346.
LaTeX Info: Redefining \lslig on input line 347.
LaTeX Info: Redefining \textls on input line 372.
\MT@outer@kern=\dimen159
)
(C:\Users\julih\AppData\Local\Programs\MiKTeX\tex/latex/setspace\setspace.sty
Package: setspace 2011/12/19 v6.7a set line spacing
)
(C:\Users\julih\AppData\Local\Programs\MiKTeX\tex/latex/xcolor\xcolor.sty
Package: xcolor 2016/05/11 v2.12 LaTeX color extensions (UK)

(C:\Users\julih\AppData\Local\Programs\MiKTeX\tex/latex/graphics-cfg\color.cfg
File: color.cfg 2016/01/02 v1.6 sample color configuration
)
Package xcolor Info: Package option `usenames' ignored on input line 216.
Package xcolor Info: Driver file: pdftex.def on input line 225.

(C:\Users\julih\AppData\Local\Programs\MiKTeX\tex/latex/graphics-def\pdftex.def
File: pdftex.def 2020/10/05 v1.2a Graphics/color driver for pdftex
)
Package xcolor Info: Model `cmy' substituted by `cmy0' on input line 1348.
Package xcolor Info: Model `hsb' substituted by `rgb' on input line 1352.
Package xcolor Info: Model `RGB' extended on input line 1364.
Package xcolor Info: Model `HTML' substituted by `rgb' on input line 1366.
Package xcolor Info: Model `Hsb' substituted by `hsb' on input line 1367.
Package xcolor Info: Model `tHsb' substituted by `hsb' on input line 1368.
Package xcolor Info: Model `HSB' substituted by `hsb' on input line 1369.
Package xcolor Info: Model `Gray' substituted by `gray' on input line 1370.
Package xcolor Info: Model `wave' substituted by `hsb' on input line 1371.
 (C:\Users\julih\AppData\Local\Programs\MiKTeX\tex/latex/graphics\dvipsnam.def
File: dvipsnam.def 2016/06/17 v3.0m Driver-dependent file (DPC,SPQR)
) (C:\Users\julih\AppData\Local\Programs\MiKTeX\tex/latex/xcolor\svgnam.def
File: svgnam.def 2016/05/11 v2.12 Predefined colors according to SVG 1.1 (UK)
))
(C:\Users\julih\AppData\Local\Programs\MiKTeX\tex/latex/natbib\natbib.sty
Package: natbib 2010/09/13 8.31b (PWD, AO)
\bibhang=\skip76
\bibsep=\skip77
LaTeX Info: Redefining \cite on input line 694.
\c@NAT@ctr=\count275
)
(C:\Users\julih\AppData\Local\Programs\MiKTeX\tex/latex/natbib\bibentry.sty
Package: bibentry 2007/10/30 1.5 (PWD)
)
([Precálculo].bbl)
\c@@tufte@num@bibkeys=\count276

(C:\Users\julih\AppData\Local\Programs\MiKTeX\tex/latex/sauerj\optparams.sty
Package: optparams 2004/08/14 v0.9 multiple optional parameters in macros
)
\@tufte@sidenote@vertical@offset=\skip78

(C:\Users\julih\AppData\Local\Programs\MiKTeX\tex/latex/placeins\placeins.sty
Package: placeins 2005/04/18  v 2.2
)
\@tufte@margin@floatbox=\box48
\@tufte@figure@box=\box49
\@tufte@caption@box=\box50
\@tufte@caption@vertical@offset=\skip79
\@tufte@float@contents@width=\skip80

(C:\Users\julih\AppData\Local\Programs\MiKTeX\tex/latex/psnfss\mathpazo.sty
Package: mathpazo 2020/03/25 PSNFSS-v9.3 Palatino w/ Pazo Math (D.Puga, WaS) 
\symupright=\mathgroup4
)
(C:\Users\julih\AppData\Local\Programs\MiKTeX\tex/latex/psnfss\helvet.sty
Package: helvet 2020/03/25 PSNFSS-v9.3 (WaS) 
)
(C:\Users\julih\AppData\Local\Programs\MiKTeX\tex/latex/bera\beramono.sty
Package: beramono 2004/01/31 (WaS)
)
(C:\Users\julih\AppData\Local\Programs\MiKTeX\tex/latex/base\fontenc.sty
Package: fontenc 2020/08/10 v2.0s Standard LaTeX package
LaTeX Font Info:    Trying to load font information for T1+pplj on input line 1
12.

(C:\Users\julih\AppData\Local\Programs\MiKTeX\tex/latex/psnfss\t1pplj.fd
File: t1pplj.fd 2004/09/06 font definitions for T1/pplj.
))
(C:\Users\julih\AppData\Local\Programs\MiKTeX\tex/latex/base\textcomp.sty
Package: textcomp 2020/02/02 v2.0n Standard LaTeX package
)
(C:\Users\julih\AppData\Local\Programs\MiKTeX\tex/latex/fancyhdr\fancyhdr.sty
Package: fancyhdr 2021/01/28 v4.0.1 Extensive control of page headers and foote
rs
\f@nch@headwidth=\skip81
\f@nch@O@elh=\skip82
\f@nch@O@erh=\skip83
\f@nch@O@olh=\skip84
\f@nch@O@orh=\skip85
\f@nch@O@elf=\skip86
\f@nch@O@erf=\skip87
\f@nch@O@olf=\skip88
\f@nch@O@orf=\skip89
)
\tufteskipamount=\skip90

(C:\Users\julih\AppData\Local\Programs\MiKTeX\tex/latex/latex-tools\multicol.st
y
Package: multicol 2019/12/09 v1.8y multicolumn formatting (FMi)
\c@tracingmulticols=\count277
\mult@box=\box51
\multicol@leftmargin=\dimen160
\c@unbalance=\count278
\c@collectmore=\count279
\doublecol@number=\count280
\multicoltolerance=\count281
\multicolpretolerance=\count282
\full@width=\dimen161
\page@free=\dimen162
\premulticols=\dimen163
\postmulticols=\dimen164
\multicolsep=\skip91
\multicolbaselineskip=\skip92
\partial@page=\box52
\last@line=\box53
\maxbalancingoverflow=\dimen165
\mult@rightbox=\box54
\mult@grightbox=\box55
\mult@gfirstbox=\box56
\mult@firstbox=\box57
\@tempa=\box58
\@tempa=\box59
\@tempa=\box60
\@tempa=\box61
\@tempa=\box62
\@tempa=\box63
\@tempa=\box64
\@tempa=\box65
\@tempa=\box66
\@tempa=\box67
\@tempa=\box68
\@tempa=\box69
\@tempa=\box70
\@tempa=\box71
\@tempa=\box72
\@tempa=\box73
\@tempa=\box74
\@tempa=\box75
\@tempa=\box76
\@tempa=\box77
\@tempa=\box78
\@tempa=\box79
\@tempa=\box80
\@tempa=\box81
\@tempa=\box82
\@tempa=\box83
\@tempa=\box84
\@tempa=\box85
\@tempa=\box86
\@tempa=\box87
\@tempa=\box88
\@tempa=\box89
\@tempa=\box90
\@tempa=\box91
\@tempa=\box92
\@tempa=\box93
\@tempa=\box94
\c@minrows=\count283
\c@columnbadness=\count284
\c@finalcolumnbadness=\count285
\last@try=\dimen166
\multicolovershoot=\dimen167
\multicolundershoot=\dimen168
\mult@nat@firstbox=\box95
\colbreak@box=\box96
\mc@col@check@num=\count286
))) (_paquetes.tex
(C:\Users\julih\AppData\Local\Programs\MiKTeX\tex/latex/base\fontenc.sty
Package: fontenc 2020/08/10 v2.0s Standard LaTeX package
)
(C:\Users\julih\AppData\Local\Programs\MiKTeX\tex/latex/graphics\graphicx.sty
Package: graphicx 2020/09/09 v1.2b Enhanced LaTeX Graphics (DPC,SPQR)

(C:\Users\julih\AppData\Local\Programs\MiKTeX\tex/latex/graphics\graphics.sty
Package: graphics 2020/08/30 v1.4c Standard LaTeX Graphics (DPC,SPQR)

(C:\Users\julih\AppData\Local\Programs\MiKTeX\tex/latex/graphics\trig.sty
Package: trig 2016/01/03 v1.10 sin cos tan (DPC)
)
(C:\Users\julih\AppData\Local\Programs\MiKTeX\tex/latex/graphics-cfg\graphics.c
fg
File: graphics.cfg 2016/06/04 v1.11 sample graphics configuration
)
Package graphics Info: Driver file: pdftex.def on input line 105.
)
\Gin@req@height=\dimen169
\Gin@req@width=\dimen170
) (C:\Users\julih\AppData\Local\Programs\MiKTeX\tex/latex/base\inputenc.sty
Package: inputenc 2020/08/01 v1.3d Input encoding file
\inpenc@prehook=\toks20
\inpenc@posthook=\toks21
) (C:\Users\julih\AppData\Local\Programs\MiKTeX\tex/generic/babel\babel.sty
Package: babel 2021/05/16 3.59 The Babel package

(C:\Users\julih\AppData\Local\Programs\MiKTeX\tex/generic/babel\babel.def
File: babel.def 2021/05/16 3.59 Babel common definitions
\babel@savecnt=\count287
\U@D=\dimen171
\l@unhyphenated=\language79

(C:\Users\julih\AppData\Local\Programs\MiKTeX\tex/generic/babel\txtbabel.def)
\bbl@readstream=\read2
)
\bbl@dirlevel=\count288

*************************************
* Local config file bblopts.cfg used
*
(C:\Users\julih\AppData\Local\Programs\MiKTeX\tex/latex/arabi\bblopts.cfg
File: bblopts.cfg 2005/09/08 v0.1 add Arabic and Farsi to "declared" options of
 babel
)
(C:\Users\julih\AppData\Local\Programs\MiKTeX\tex/latex/babel-spanish\spanish.l
df
Language: spanish.ldf 2016/03/03 v5.0p Spanish support from the babel system
\es@quottoks=\toks22
\es@quotdepth=\count289
Package babel Info: Making " an active character on input line 561.
)) (C:\Users\julih\AppData\Local\Programs\MiKTeX\tex/latex/base\fontenc.sty
Package: fontenc 2020/08/10 v2.0s Standard LaTeX package
)
(C:\Users\julih\AppData\Local\Programs\MiKTeX\tex/latex/amsmath\amsmath.sty
Package: amsmath 2020/09/23 v2.17i AMS math features
\@mathmargin=\skip93

For additional information on amsmath, use the `?' option.
(C:\Users\julih\AppData\Local\Programs\MiKTeX\tex/latex/amsmath\amstext.sty
Package: amstext 2000/06/29 v2.01 AMS text

(C:\Users\julih\AppData\Local\Programs\MiKTeX\tex/latex/amsmath\amsgen.sty
File: amsgen.sty 1999/11/30 v2.0 generic functions
\@emptytoks=\toks23
\ex@=\dimen172
))
(C:\Users\julih\AppData\Local\Programs\MiKTeX\tex/latex/amsmath\amsbsy.sty
Package: amsbsy 1999/11/29 v1.2d Bold Symbols
\pmbraise@=\dimen173
)
(C:\Users\julih\AppData\Local\Programs\MiKTeX\tex/latex/amsmath\amsopn.sty
Package: amsopn 2016/03/08 v2.02 operator names
)
\inf@bad=\count290
LaTeX Info: Redefining \frac on input line 234.
\uproot@=\count291
\leftroot@=\count292
LaTeX Info: Redefining \overline on input line 399.
\classnum@=\count293
\DOTSCASE@=\count294
LaTeX Info: Redefining \ldots on input line 496.
LaTeX Info: Redefining \dots on input line 499.
LaTeX Info: Redefining \cdots on input line 620.
\Mathstrutbox@=\box97
\strutbox@=\box98
\big@size=\dimen174
LaTeX Font Info:    Redeclaring font encoding OML on input line 743.
LaTeX Font Info:    Redeclaring font encoding OMS on input line 744.
\macc@depth=\count295
\c@MaxMatrixCols=\count296
\dotsspace@=\muskip17
\c@parentequation=\count297
\dspbrk@lvl=\count298
\tag@help=\toks24
\row@=\count299
\column@=\count300
\maxfields@=\count301
\andhelp@=\toks25
\eqnshift@=\dimen175
\alignsep@=\dimen176
\tagshift@=\dimen177
\tagwidth@=\dimen178
\totwidth@=\dimen179
\lineht@=\dimen180
\@envbody=\toks26
\multlinegap=\skip94
\multlinetaggap=\skip95
\mathdisplay@stack=\toks27
LaTeX Info: Redefining \[ on input line 2923.
LaTeX Info: Redefining \] on input line 2924.
)
(C:\Users\julih\AppData\Local\Programs\MiKTeX\tex/latex/amsfonts\amssymb.sty
Package: amssymb 2013/01/14 v3.01 AMS font symbols

(C:\Users\julih\AppData\Local\Programs\MiKTeX\tex/latex/amsfonts\amsfonts.sty
Package: amsfonts 2013/01/14 v3.01 Basic AMSFonts support
\symAMSa=\mathgroup5
\symAMSb=\mathgroup6
LaTeX Font Info:    Redeclaring math symbol \hbar on input line 98.
LaTeX Font Info:    Overwriting math alphabet `\mathfrak' in version `bold'
(Font)                  U/euf/m/n --> U/euf/b/n on input line 106.
)) (C:\Users\julih\AppData\Local\Programs\MiKTeX\tex/latex/jknappen\mathrsfs.st
y
Package: mathrsfs 1996/01/01 Math RSFS package v1.0 (jk)
\symrsfs=\mathgroup7
) (C:\Users\julih\AppData\Local\Programs\MiKTeX\tex/latex/yfonts\yfonts.sty
Package: yfonts 2019/04/04 v1.4 (WaS&NP)
Now handling font encoding LY ...
... no UTF-8 mapping file for font encoding LY
Now handling font encoding LYG ...
... no UTF-8 mapping file for font encoding LYG
LaTeX Info: Composite with undeclared \" in encoding LYG on input line 58.
)
(C:\Users\julih\AppData\Local\Programs\MiKTeX\tex/latex/latex-tools\enumerate.s
ty
Package: enumerate 2015/07/23 v3.00 enumerate extensions (DPC)
\@enLab=\toks28
)
(C:\Users\julih\AppData\Local\Programs\MiKTeX\tex/latex/mathtools\mathtools.sty
Package: mathtools 2021/04/12 v1.27 mathematical typesetting tools
(C:\Users\julih\AppData\Local\Programs\MiKTeX\tex/latex/mathtools\mhsetup.sty
Package: mhsetup 2021/03/18 v1.4 programming setup (MH)
)
LaTeX Info: Thecontrolsequence`\('isalreadyrobust on input line 130.
LaTeX Info: Thecontrolsequence`\)'isalreadyrobust on input line 130.
LaTeX Info: Thecontrolsequence`\['isalreadyrobust on input line 130.
LaTeX Info: Thecontrolsequence`\]'isalreadyrobust on input line 130.
\g_MT_multlinerow_int=\count302
\l_MT_multwidth_dim=\dimen181
\origjot=\skip96
\l_MT_shortvdotswithinadjustabove_dim=\dimen182
\l_MT_shortvdotswithinadjustbelow_dim=\dimen183
\l_MT_above_intertext_sep=\dimen184
\l_MT_below_intertext_sep=\dimen185
\l_MT_above_shortintertext_sep=\dimen186
\l_MT_below_shortintertext_sep=\dimen187
\xmathstrut@box=\box99
\xmathstrut@dim=\dimen188
) (C:\Users\julih\AppData\Local\Programs\MiKTeX\tex/latex/lm\lmodern.sty
Package: lmodern 2009/10/30 v1.6 Latin Modern Fonts
LaTeX Font Info:    Overwriting symbol font `operators' in version `normal'
(Font)                  OT1/pplx/m/n --> OT1/lmr/m/n on input line 22.
LaTeX Font Info:    Overwriting symbol font `letters' in version `normal'
(Font)                  OML/zplm/m/it --> OML/lmm/m/it on input line 23.
LaTeX Font Info:    Overwriting symbol font `symbols' in version `normal'
(Font)                  OMS/zplm/m/n --> OMS/lmsy/m/n on input line 24.
LaTeX Font Info:    Overwriting symbol font `largesymbols' in version `normal'
(Font)                  OMX/zplm/m/n --> OMX/lmex/m/n on input line 25.
LaTeX Font Info:    Overwriting symbol font `operators' in version `bold'
(Font)                  OT1/pplx/b/n --> OT1/lmr/bx/n on input line 26.
LaTeX Font Info:    Overwriting symbol font `letters' in version `bold'
(Font)                  OML/zplm/b/it --> OML/lmm/b/it on input line 27.
LaTeX Font Info:    Overwriting symbol font `symbols' in version `bold'
(Font)                  OMS/zplm/b/n --> OMS/lmsy/b/n on input line 28.
LaTeX Font Info:    Overwriting symbol font `largesymbols' in version `bold'
(Font)                  OMX/zplm/m/n --> OMX/lmex/m/n on input line 29.
LaTeX Font Info:    Overwriting math alphabet `\mathbf' in version `normal'
(Font)                  OT1/zplm/b/n --> OT1/lmr/bx/n on input line 31.
LaTeX Font Info:    Overwriting math alphabet `\mathsf' in version `normal'
(Font)                  OT1/cmss/m/n --> OT1/lmss/m/n on input line 32.
LaTeX Font Info:    Overwriting math alphabet `\mathit' in version `normal'
(Font)                  OT1/pplx/m/it --> OT1/lmr/m/it on input line 33.
LaTeX Font Info:    Overwriting math alphabet `\mathtt' in version `normal'
(Font)                  OT1/cmtt/m/n --> OT1/lmtt/m/n on input line 34.
LaTeX Font Info:    Overwriting math alphabet `\mathbf' in version `bold'
(Font)                  OT1/zplm/b/n --> OT1/lmr/bx/n on input line 35.
LaTeX Font Info:    Overwriting math alphabet `\mathsf' in version `bold'
(Font)                  OT1/cmss/bx/n --> OT1/lmss/bx/n on input line 36.
LaTeX Font Info:    Overwriting math alphabet `\mathit' in version `bold'
(Font)                  OT1/pplx/b/it --> OT1/lmr/bx/it on input line 37.
LaTeX Font Info:    Overwriting math alphabet `\mathtt' in version `bold'
(Font)                  OT1/cmtt/m/n --> OT1/lmtt/m/n on input line 38.
)
(C:\Users\julih\AppData\Local\Programs\MiKTeX\tex/latex/fancyvrb\fancyvrb.sty
Package: fancyvrb 2021/01/20 v3.7 verbatim text (tvz,hv)
\FV@CodeLineNo=\count303
\FV@InFile=\read3
\FV@TabBox=\box100
\c@FancyVerbLine=\count304
\FV@StepNumber=\count305
\FV@OutFile=\write3
)
(C:\Users\julih\AppData\Local\Programs\MiKTeX\tex/latex/wrapfig\wrapfig.sty
\wrapoverhang=\dimen189
\WF@size=\dimen190
\c@WF@wrappedlines=\count306
\WF@box=\box101
\WF@everypar=\toks29
Package: wrapfig 2003/01/31  v 3.6
)
(C:\Users\julih\AppData\Local\Programs\MiKTeX\tex/latex/floatflt\floatflt.sty
Package: floatflt 1997/07/16 v. 1.31
\c@OptionTest=\count307
\figbox=\box102
\tabbox=\box103
\pagebox=\box104
\ffigcount=\count308
\ftabcount=\count309
\fftest=\count310
\hangcount=\count311
\nosuccesstryfig=\count312
\nosuccesstrytab=\count313
\figgutter=\dimen191
\tabgutter=\dimen192
\htdone=\dimen193
\pageht=\dimen194
\startpageht=\dimen195
\tabbredd=\dimen196
\floatfltwidth=\dimen197
\fltitemwidth=\dimen198
\outputpretest=\toks30
)
(C:\Users\julih\AppData\Local\Programs\MiKTeX\tex/latex/filecontents\fileconten
ts.sty
Package: filecontents 2019/09/20 v1.5 Create an external file from within a LaT
eX document


Package filecontents Warning: This package is obsolete. Disabling it and
(filecontents)                passing control to the filecontents environment
(filecontents)                defined by the LaTeX kernel.

) (C:\Users\julih\AppData\Local\Programs\MiKTeX\tex/latex/booktabs\booktabs.sty
Package: booktabs 2020/01/12 v1.61803398 Publication quality tables
\heavyrulewidth=\dimen199
\lightrulewidth=\dimen256
\cmidrulewidth=\dimen257
\belowrulesep=\dimen258
\belowbottomsep=\dimen259
\aboverulesep=\dimen260
\abovetopsep=\dimen261
\cmidrulesep=\dimen262
\cmidrulekern=\dimen263
\defaultaddspace=\dimen264
\@cmidla=\count314
\@cmidlb=\count315
\@aboverulesep=\dimen265
\@belowrulesep=\dimen266
\@thisruleclass=\count316
\@lastruleclass=\count317
\@thisrulewidth=\dimen267
) (C:\Users\julih\AppData\Local\Programs\MiKTeX\tex/latex/mdframed\mdframed.sty
Package: mdframed 2013/07/01 1.9b: mdframed

(C:\Users\julih\AppData\Local\Programs\MiKTeX\tex/latex/l3packages/xparse\xpars
e.sty
(C:\Users\julih\AppData\Local\Programs\MiKTeX\tex/latex/l3kernel\expl3.sty
Package: expl3 2021-05-11 L3 programming layer (loader) 

(C:\Users\julih\AppData\Local\Programs\MiKTeX\tex/latex/l3backend\l3backend-pdf
tex.def
File: l3backend-pdftex.def 2021-05-07 L3 backend support: PDF output (pdfTeX)
\l__color_backend_stack_int=\count318
\l__pdf_internal_box=\box105
))
(C:\Users\julih\AppData\Local\Programs\MiKTeX\tex/latex/l3packages/xparse\xpars
e-2020-10-01.sty
(C:\Users\julih\AppData\Local\Programs\MiKTeX\tex/latex/l3packages/xparse\xpars
e-generic.tex)))
(C:\Users\julih\AppData\Local\Programs\MiKTeX\tex/latex/etoolbox\etoolbox.sty
Package: etoolbox 2020/10/05 v2.5k e-TeX tools for LaTeX (JAW)
\etb@tempcnta=\count319
)
(C:\Users\julih\AppData\Local\Programs\MiKTeX\tex/latex/zref\zref-abspage.sty
Package: zref-abspage 2020-07-03 v2.32 Module abspage for zref (HO)

(C:\Users\julih\AppData\Local\Programs\MiKTeX\tex/latex/zref\zref-base.sty
Package: zref-base 2020-07-03 v2.32 Module base for zref (HO)
Package zref Info: New property list: main on input line 764.
Package zref Info: New property: default on input line 765.
Package zref Info: New property: page on input line 766.
)
\c@abspage=\count320
Package zref Info: New property: abspage on input line 66.
)
(C:\Users\julih\AppData\Local\Programs\MiKTeX\tex/latex/needspace\needspace.sty
Package: needspace 2010/09/12 v1.3d reserve vertical space
)
\mdf@templength=\skip97
\c@mdf@globalstyle@cnt=\count321
\mdf@skipabove@length=\skip98
\mdf@skipbelow@length=\skip99
\mdf@leftmargin@length=\skip100
\mdf@rightmargin@length=\skip101
\mdf@innerleftmargin@length=\skip102
\mdf@innerrightmargin@length=\skip103
\mdf@innertopmargin@length=\skip104
\mdf@innerbottommargin@length=\skip105
\mdf@splittopskip@length=\skip106
\mdf@splitbottomskip@length=\skip107
\mdf@outermargin@length=\skip108
\mdf@innermargin@length=\skip109
\mdf@linewidth@length=\skip110
\mdf@innerlinewidth@length=\skip111
\mdf@middlelinewidth@length=\skip112
\mdf@outerlinewidth@length=\skip113
\mdf@roundcorner@length=\skip114
\mdf@footenotedistance@length=\skip115
\mdf@userdefinedwidth@length=\skip116
\mdf@needspace@length=\skip117
\mdf@frametitleaboveskip@length=\skip118
\mdf@frametitlebelowskip@length=\skip119
\mdf@frametitlerulewidth@length=\skip120
\mdf@frametitleleftmargin@length=\skip121
\mdf@frametitlerightmargin@length=\skip122
\mdf@shadowsize@length=\skip123
\mdf@extratopheight@length=\skip124
\mdf@subtitleabovelinewidth@length=\skip125
\mdf@subtitlebelowlinewidth@length=\skip126
\mdf@subtitleaboveskip@length=\skip127
\mdf@subtitlebelowskip@length=\skip128
\mdf@subtitleinneraboveskip@length=\skip129
\mdf@subtitleinnerbelowskip@length=\skip130
\mdf@subsubtitleabovelinewidth@length=\skip131
\mdf@subsubtitlebelowlinewidth@length=\skip132
\mdf@subsubtitleaboveskip@length=\skip133
\mdf@subsubtitlebelowskip@length=\skip134
\mdf@subsubtitleinneraboveskip@length=\skip135
\mdf@subsubtitleinnerbelowskip@length=\skip136

(C:\Users\julih\AppData\Local\Programs\MiKTeX\tex/latex/mdframed\md-frame-0.mdf
File: md-frame-0.mdf 2013/07/01\ 1.9b: md-frame-0
)
\mdf@frametitlebox=\box106
\mdf@footnotebox=\box107
\mdf@splitbox@one=\box108
\mdf@splitbox@two=\box109
\mdf@splitbox@save=\box110
\mdfsplitboxwidth=\skip137
\mdfsplitboxtotalwidth=\skip138
\mdfsplitboxheight=\skip139
\mdfsplitboxdepth=\skip140
\mdfsplitboxtotalheight=\skip141
\mdfframetitleboxwidth=\skip142
\mdfframetitleboxtotalwidth=\skip143
\mdfframetitleboxheight=\skip144
\mdfframetitleboxdepth=\skip145
\mdfframetitleboxtotalheight=\skip146
\mdffootnoteboxwidth=\skip147
\mdffootnoteboxtotalwidth=\skip148
\mdffootnoteboxheight=\skip149
\mdffootnoteboxdepth=\skip150
\mdffootnoteboxtotalheight=\skip151
\mdftotallinewidth=\skip152
\mdfboundingboxwidth=\skip153
\mdfboundingboxtotalwidth=\skip154
\mdfboundingboxheight=\skip155
\mdfboundingboxdepth=\skip156
\mdfboundingboxtotalheight=\skip157
\mdf@freevspace@length=\skip158
\mdf@horizontalwidthofbox@length=\skip159
\mdf@verticalmarginwhole@length=\skip160
\mdf@horizontalspaceofbox=\skip161
\mdfsubtitleheight=\skip162
\mdfsubsubtitleheight=\skip163
\c@mdfcountframes=\count322

****** mdframed patching \endmdf@trivlist

****** -- success******

\mdf@envdepth=\count323
\c@mdf@env@i=\count324
\c@mdf@env@ii=\count325
\c@mdf@zref@counter=\count326
Package zref Info: New property: mdf@pagevalue on input line 895.
)
(C:\Users\julih\AppData\Local\Programs\MiKTeX\tex/latex/pgf/frontendlayer\tikz.
sty
(C:\Users\julih\AppData\Local\Programs\MiKTeX\tex/latex/pgf/basiclayer\pgf.sty
(C:\Users\julih\AppData\Local\Programs\MiKTeX\tex/latex/pgf/utilities\pgfrcs.st
y
(C:\Users\julih\AppData\Local\Programs\MiKTeX\tex/generic/pgf/utilities\pgfutil
-common.tex
\pgfutil@everybye=\toks31
\pgfutil@tempdima=\dimen268
\pgfutil@tempdimb=\dimen269

(C:\Users\julih\AppData\Local\Programs\MiKTeX\tex/generic/pgf/utilities\pgfutil
-common-lists.tex))
(C:\Users\julih\AppData\Local\Programs\MiKTeX\tex/generic/pgf/utilities\pgfutil
-latex.def
\pgfutil@abb=\box111
)
(C:\Users\julih\AppData\Local\Programs\MiKTeX\tex/generic/pgf/utilities\pgfrcs.
code.tex
(C:\Users\julih\AppData\Local\Programs\MiKTeX\tex/generic/pgf\pgf.revision.tex)
Package: pgfrcs 2021/05/15 v3.1.9a (3.1.9a)
))
Package: pgf 2021/05/15 v3.1.9a (3.1.9a)

(C:\Users\julih\AppData\Local\Programs\MiKTeX\tex/latex/pgf/basiclayer\pgfcore.
sty
(C:\Users\julih\AppData\Local\Programs\MiKTeX\tex/latex/pgf/systemlayer\pgfsys.
sty
(C:\Users\julih\AppData\Local\Programs\MiKTeX\tex/generic/pgf/systemlayer\pgfsy
s.code.tex
Package: pgfsys 2021/05/15 v3.1.9a (3.1.9a)

(C:\Users\julih\AppData\Local\Programs\MiKTeX\tex/generic/pgf/utilities\pgfkeys
.code.tex
\pgfkeys@pathtoks=\toks32
\pgfkeys@temptoks=\toks33

(C:\Users\julih\AppData\Local\Programs\MiKTeX\tex/generic/pgf/utilities\pgfkeys
filtered.code.tex
\pgfkeys@tmptoks=\toks34
))
\pgf@x=\dimen270
\pgf@y=\dimen271
\pgf@xa=\dimen272
\pgf@ya=\dimen273
\pgf@xb=\dimen274
\pgf@yb=\dimen275
\pgf@xc=\dimen276
\pgf@yc=\dimen277
\pgf@xd=\dimen278
\pgf@yd=\dimen279
\w@pgf@writea=\write4
\r@pgf@reada=\read4
\c@pgf@counta=\count327
\c@pgf@countb=\count328
\c@pgf@countc=\count329
\c@pgf@countd=\count330
\t@pgf@toka=\toks35
\t@pgf@tokb=\toks36
\t@pgf@tokc=\toks37
\pgf@sys@id@count=\count331

(C:\Users\julih\AppData\Local\Programs\MiKTeX\tex/generic/pgf/systemlayer\pgf.c
fg
File: pgf.cfg 2021/05/15 v3.1.9a (3.1.9a)
)
Driver file for pgf: pgfsys-pdftex.def

(C:\Users\julih\AppData\Local\Programs\MiKTeX\tex/generic/pgf/systemlayer\pgfsy
s-pdftex.def
File: pgfsys-pdftex.def 2021/05/15 v3.1.9a (3.1.9a)

(C:\Users\julih\AppData\Local\Programs\MiKTeX\tex/generic/pgf/systemlayer\pgfsy
s-common-pdf.def
File: pgfsys-common-pdf.def 2021/05/15 v3.1.9a (3.1.9a)
)))
(C:\Users\julih\AppData\Local\Programs\MiKTeX\tex/generic/pgf/systemlayer\pgfsy
ssoftpath.code.tex
File: pgfsyssoftpath.code.tex 2021/05/15 v3.1.9a (3.1.9a)
\pgfsyssoftpath@smallbuffer@items=\count332
\pgfsyssoftpath@bigbuffer@items=\count333
)
(C:\Users\julih\AppData\Local\Programs\MiKTeX\tex/generic/pgf/systemlayer\pgfsy
sprotocol.code.tex
File: pgfsysprotocol.code.tex 2021/05/15 v3.1.9a (3.1.9a)
))
(C:\Users\julih\AppData\Local\Programs\MiKTeX\tex/generic/pgf/basiclayer\pgfcor
e.code.tex
Package: pgfcore 2021/05/15 v3.1.9a (3.1.9a)

(C:\Users\julih\AppData\Local\Programs\MiKTeX\tex/generic/pgf/math\pgfmath.code
.tex
(C:\Users\julih\AppData\Local\Programs\MiKTeX\tex/generic/pgf/math\pgfmathcalc.
code.tex
(C:\Users\julih\AppData\Local\Programs\MiKTeX\tex/generic/pgf/math\pgfmathutil.
code.tex)
(C:\Users\julih\AppData\Local\Programs\MiKTeX\tex/generic/pgf/math\pgfmathparse
r.code.tex
\pgfmath@dimen=\dimen280
\pgfmath@count=\count334
\pgfmath@box=\box112
\pgfmath@toks=\toks38
\pgfmath@stack@operand=\toks39
\pgfmath@stack@operation=\toks40
)
(C:\Users\julih\AppData\Local\Programs\MiKTeX\tex/generic/pgf/math\pgfmathfunct
ions.code.tex
(C:\Users\julih\AppData\Local\Programs\MiKTeX\tex/generic/pgf/math\pgfmathfunct
ions.basic.code.tex)
(C:\Users\julih\AppData\Local\Programs\MiKTeX\tex/generic/pgf/math\pgfmathfunct
ions.trigonometric.code.tex)
(C:\Users\julih\AppData\Local\Programs\MiKTeX\tex/generic/pgf/math\pgfmathfunct
ions.random.code.tex)
(C:\Users\julih\AppData\Local\Programs\MiKTeX\tex/generic/pgf/math\pgfmathfunct
ions.comparison.code.tex)
(C:\Users\julih\AppData\Local\Programs\MiKTeX\tex/generic/pgf/math\pgfmathfunct
ions.base.code.tex)
(C:\Users\julih\AppData\Local\Programs\MiKTeX\tex/generic/pgf/math\pgfmathfunct
ions.round.code.tex)
(C:\Users\julih\AppData\Local\Programs\MiKTeX\tex/generic/pgf/math\pgfmathfunct
ions.misc.code.tex)
(C:\Users\julih\AppData\Local\Programs\MiKTeX\tex/generic/pgf/math\pgfmathfunct
ions.integerarithmetics.code.tex)))
(C:\Users\julih\AppData\Local\Programs\MiKTeX\tex/generic/pgf/math\pgfmathfloat
.code.tex
\c@pgfmathroundto@lastzeros=\count335
))
(C:\Users\julih\AppData\Local\Programs\MiKTeX\tex/generic/pgf/math\pgfint.code.
tex)
(C:\Users\julih\AppData\Local\Programs\MiKTeX\tex/generic/pgf/basiclayer\pgfcor
epoints.code.tex
File: pgfcorepoints.code.tex 2021/05/15 v3.1.9a (3.1.9a)
\pgf@picminx=\dimen281
\pgf@picmaxx=\dimen282
\pgf@picminy=\dimen283
\pgf@picmaxy=\dimen284
\pgf@pathminx=\dimen285
\pgf@pathmaxx=\dimen286
\pgf@pathminy=\dimen287
\pgf@pathmaxy=\dimen288
\pgf@xx=\dimen289
\pgf@xy=\dimen290
\pgf@yx=\dimen291
\pgf@yy=\dimen292
\pgf@zx=\dimen293
\pgf@zy=\dimen294
)
(C:\Users\julih\AppData\Local\Programs\MiKTeX\tex/generic/pgf/basiclayer\pgfcor
epathconstruct.code.tex
File: pgfcorepathconstruct.code.tex 2021/05/15 v3.1.9a (3.1.9a)
\pgf@path@lastx=\dimen295
\pgf@path@lasty=\dimen296
)
(C:\Users\julih\AppData\Local\Programs\MiKTeX\tex/generic/pgf/basiclayer\pgfcor
epathusage.code.tex
File: pgfcorepathusage.code.tex 2021/05/15 v3.1.9a (3.1.9a)
\pgf@shorten@end@additional=\dimen297
\pgf@shorten@start@additional=\dimen298
)
(C:\Users\julih\AppData\Local\Programs\MiKTeX\tex/generic/pgf/basiclayer\pgfcor
escopes.code.tex
File: pgfcorescopes.code.tex 2021/05/15 v3.1.9a (3.1.9a)
\pgfpic=\box113
\pgf@hbox=\box114
\pgf@layerbox@main=\box115
\pgf@picture@serial@count=\count336
)
(C:\Users\julih\AppData\Local\Programs\MiKTeX\tex/generic/pgf/basiclayer\pgfcor
egraphicstate.code.tex
File: pgfcoregraphicstate.code.tex 2021/05/15 v3.1.9a (3.1.9a)
\pgflinewidth=\dimen299
)
(C:\Users\julih\AppData\Local\Programs\MiKTeX\tex/generic/pgf/basiclayer\pgfcor
etransformations.code.tex
File: pgfcoretransformations.code.tex 2021/05/15 v3.1.9a (3.1.9a)
\pgf@pt@x=\dimen300
\pgf@pt@y=\dimen301
\pgf@pt@temp=\dimen302
)
(C:\Users\julih\AppData\Local\Programs\MiKTeX\tex/generic/pgf/basiclayer\pgfcor
equick.code.tex
File: pgfcorequick.code.tex 2021/05/15 v3.1.9a (3.1.9a)
)
(C:\Users\julih\AppData\Local\Programs\MiKTeX\tex/generic/pgf/basiclayer\pgfcor
eobjects.code.tex
File: pgfcoreobjects.code.tex 2021/05/15 v3.1.9a (3.1.9a)
)
(C:\Users\julih\AppData\Local\Programs\MiKTeX\tex/generic/pgf/basiclayer\pgfcor
epathprocessing.code.tex
File: pgfcorepathprocessing.code.tex 2021/05/15 v3.1.9a (3.1.9a)
)
(C:\Users\julih\AppData\Local\Programs\MiKTeX\tex/generic/pgf/basiclayer\pgfcor
earrows.code.tex
File: pgfcorearrows.code.tex 2021/05/15 v3.1.9a (3.1.9a)
\pgfarrowsep=\dimen303
)
(C:\Users\julih\AppData\Local\Programs\MiKTeX\tex/generic/pgf/basiclayer\pgfcor
eshade.code.tex
File: pgfcoreshade.code.tex 2021/05/15 v3.1.9a (3.1.9a)
\pgf@max=\dimen304
\pgf@sys@shading@range@num=\count337
\pgf@shadingcount=\count338
)
(C:\Users\julih\AppData\Local\Programs\MiKTeX\tex/generic/pgf/basiclayer\pgfcor
eimage.code.tex
File: pgfcoreimage.code.tex 2021/05/15 v3.1.9a (3.1.9a)

(C:\Users\julih\AppData\Local\Programs\MiKTeX\tex/generic/pgf/basiclayer\pgfcor
eexternal.code.tex
File: pgfcoreexternal.code.tex 2021/05/15 v3.1.9a (3.1.9a)
\pgfexternal@startupbox=\box116
))
(C:\Users\julih\AppData\Local\Programs\MiKTeX\tex/generic/pgf/basiclayer\pgfcor
elayers.code.tex
File: pgfcorelayers.code.tex 2021/05/15 v3.1.9a (3.1.9a)
)
(C:\Users\julih\AppData\Local\Programs\MiKTeX\tex/generic/pgf/basiclayer\pgfcor
etransparency.code.tex
File: pgfcoretransparency.code.tex 2021/05/15 v3.1.9a (3.1.9a)
)
(C:\Users\julih\AppData\Local\Programs\MiKTeX\tex/generic/pgf/basiclayer\pgfcor
epatterns.code.tex
File: pgfcorepatterns.code.tex 2021/05/15 v3.1.9a (3.1.9a)
)
(C:\Users\julih\AppData\Local\Programs\MiKTeX\tex/generic/pgf/basiclayer\pgfcor
erdf.code.tex
File: pgfcorerdf.code.tex 2021/05/15 v3.1.9a (3.1.9a)
)))
(C:\Users\julih\AppData\Local\Programs\MiKTeX\tex/generic/pgf/modules\pgfmodule
shapes.code.tex
File: pgfmoduleshapes.code.tex 2021/05/15 v3.1.9a (3.1.9a)
\pgfnodeparttextbox=\box117
)
(C:\Users\julih\AppData\Local\Programs\MiKTeX\tex/generic/pgf/modules\pgfmodule
plot.code.tex
File: pgfmoduleplot.code.tex 2021/05/15 v3.1.9a (3.1.9a)
)
(C:\Users\julih\AppData\Local\Programs\MiKTeX\tex/latex/pgf/compatibility\pgfco
mp-version-0-65.sty
Package: pgfcomp-version-0-65 2021/05/15 v3.1.9a (3.1.9a)
\pgf@nodesepstart=\dimen305
\pgf@nodesepend=\dimen306
)
(C:\Users\julih\AppData\Local\Programs\MiKTeX\tex/latex/pgf/compatibility\pgfco
mp-version-1-18.sty
Package: pgfcomp-version-1-18 2021/05/15 v3.1.9a (3.1.9a)
))
(C:\Users\julih\AppData\Local\Programs\MiKTeX\tex/latex/pgf/utilities\pgffor.st
y
(C:\Users\julih\AppData\Local\Programs\MiKTeX\tex/latex/pgf/utilities\pgfkeys.s
ty
(C:\Users\julih\AppData\Local\Programs\MiKTeX\tex/generic/pgf/utilities\pgfkeys
.code.tex))
(C:\Users\julih\AppData\Local\Programs\MiKTeX\tex/latex/pgf/math\pgfmath.sty
(C:\Users\julih\AppData\Local\Programs\MiKTeX\tex/generic/pgf/math\pgfmath.code
.tex))
(C:\Users\julih\AppData\Local\Programs\MiKTeX\tex/generic/pgf/utilities\pgffor.
code.tex
Package: pgffor 2021/05/15 v3.1.9a (3.1.9a)

(C:\Users\julih\AppData\Local\Programs\MiKTeX\tex/generic/pgf/math\pgfmath.code
.tex)
\pgffor@iter=\dimen307
\pgffor@skip=\dimen308
\pgffor@stack=\toks41
\pgffor@toks=\toks42
))
(C:\Users\julih\AppData\Local\Programs\MiKTeX\tex/generic/pgf/frontendlayer/tik
z\tikz.code.tex
Package: tikz 2021/05/15 v3.1.9a (3.1.9a)

(C:\Users\julih\AppData\Local\Programs\MiKTeX\tex/generic/pgf/libraries\pgflibr
aryplothandlers.code.tex
File: pgflibraryplothandlers.code.tex 2021/05/15 v3.1.9a (3.1.9a)
\pgf@plot@mark@count=\count339
\pgfplotmarksize=\dimen309
)
\tikz@lastx=\dimen310
\tikz@lasty=\dimen311
\tikz@lastxsaved=\dimen312
\tikz@lastysaved=\dimen313
\tikz@lastmovetox=\dimen314
\tikz@lastmovetoy=\dimen315
\tikzleveldistance=\dimen316
\tikzsiblingdistance=\dimen317
\tikz@figbox=\box118
\tikz@figbox@bg=\box119
\tikz@tempbox=\box120
\tikz@tempbox@bg=\box121
\tikztreelevel=\count340
\tikznumberofchildren=\count341
\tikznumberofcurrentchild=\count342
\tikz@fig@count=\count343

(C:\Users\julih\AppData\Local\Programs\MiKTeX\tex/generic/pgf/modules\pgfmodule
matrix.code.tex
File: pgfmodulematrix.code.tex 2021/05/15 v3.1.9a (3.1.9a)
\pgfmatrixcurrentrow=\count344
\pgfmatrixcurrentcolumn=\count345
\pgf@matrix@numberofcolumns=\count346
)
\tikz@expandcount=\count347

(C:\Users\julih\AppData\Local\Programs\MiKTeX\tex/generic/pgf/frontendlayer/tik
z/libraries\tikzlibrarytopaths.code.tex
File: tikzlibrarytopaths.code.tex 2021/05/15 v3.1.9a (3.1.9a)
)))
(C:\Users\julih\AppData\Local\Programs\MiKTeX\tex/latex/amscls\amsthm.sty
Package: amsthm 2020/05/29 v2.20.6
\thm@style=\toks43
\thm@bodyfont=\toks44
\thm@headfont=\toks45
\thm@notefont=\toks46
\thm@headpunct=\toks47
\thm@preskip=\skip164
\thm@postskip=\skip165
\thm@headsep=\skip166
\dth@everypar=\toks48
)
(C:\Users\julih\AppData\Local\Programs\MiKTeX\tex/latex/listings\listings.sty
\lst@mode=\count348
\lst@gtempboxa=\box122
\lst@token=\toks49
\lst@length=\count349
\lst@currlwidth=\dimen318
\lst@column=\count350
\lst@pos=\count351
\lst@lostspace=\dimen319
\lst@width=\dimen320
\lst@newlines=\count352
\lst@lineno=\count353
\lst@maxwidth=\dimen321

(C:\Users\julih\AppData\Local\Programs\MiKTeX\tex/latex/listings\lstmisc.sty
File: lstmisc.sty 2020/03/24 1.8d (Carsten Heinz)
\c@lstnumber=\count354
\lst@skipnumbers=\count355
\lst@framebox=\box123
)
(C:\Users\julih\AppData\Local\Programs\MiKTeX\tex/latex/listings\listings.cfg
File: listings.cfg 2020/03/24 1.8d listings configuration
))
Package: listings 2020/03/24 1.8d (Carsten Heinz)
(C:\Users\julih\AppData\Local\Programs\MiKTeX\tex/latex/units\units.sty
Package: units 1998/08/04 v0.9b Typesetting units

(C:\Users\julih\AppData\Local\Programs\MiKTeX\tex/latex/units\nicefrac.sty
Package: nicefrac 1998/08/04 v0.9b Nice fractions
\L@UnitsRaiseDisplaystyle=\skip167
\L@UnitsRaiseTextstyle=\skip168
\L@UnitsRaiseScriptstyle=\skip169
))
(C:\Users\julih\AppData\Local\Programs\MiKTeX\tex/generic/pgf/frontendlayer/tik
z/libraries\tikzlibrarymatrix.code.tex
File: tikzlibrarymatrix.code.tex 2021/05/15 v3.1.9a (3.1.9a)
)
(C:\Users\julih\AppData\Local\Programs\MiKTeX\tex/generic/pgf/frontendlayer/tik
z/libraries\tikzlibraryarrows.code.tex
File: tikzlibraryarrows.code.tex 2021/05/15 v3.1.9a (3.1.9a)

(C:\Users\julih\AppData\Local\Programs\MiKTeX\tex/generic/pgf/libraries\pgflibr
aryarrows.code.tex
File: pgflibraryarrows.code.tex 2021/05/15 v3.1.9a (3.1.9a)
\arrowsize=\dimen322
))
(C:\Users\julih\AppData\Local\Programs\MiKTeX\tex/generic/pgf/frontendlayer/tik
z/libraries\tikzlibrarydecorations.pathmorphing.code.tex
(C:\Users\julih\AppData\Local\Programs\MiKTeX\tex/generic/pgf/frontendlayer/tik
z/libraries\tikzlibrarydecorations.code.tex
(C:\Users\julih\AppData\Local\Programs\MiKTeX\tex/generic/pgf/modules\pgfmodule
decorations.code.tex
\pgfdecoratedcompleteddistance=\dimen323
\pgfdecoratedremainingdistance=\dimen324
\pgfdecoratedinputsegmentcompleteddistance=\dimen325
\pgfdecoratedinputsegmentremainingdistance=\dimen326
\pgf@decorate@distancetomove=\dimen327
\pgf@decorate@repeatstate=\count356
\pgfdecorationsegmentamplitude=\dimen328
\pgfdecorationsegmentlength=\dimen329
)
\tikz@lib@dec@box=\box124
)
(C:\Users\julih\AppData\Local\Programs\MiKTeX\tex/generic/pgf/libraries/decorat
ions\pgflibrarydecorations.pathmorphing.code.tex))
Package hyperref Info: Option `colorlinks' set `true' on input line 45.
) (_tufte.tex) (_comandos.tex) (_entornos.tex

Package amsthm Warning: Unknown theoremstyle `theorem' on input line 5.

\c@teorema=\count357
\c@lema=\count358
\c@proposicion=\count359
\c@problema=\count360
) (_comandos_md.tex) (_entornos_md.tex
\c@conj=\count361
\c@tdv=\count362
\c@claim=\count363
)
\c@case=\count364
 (_comandos_trig.tex) (_comandos_pe.tex) (_color-listings.tex)
LaTeX Font Info:    Trying to load font information for T1+lmr on input line 28
.

(C:\Users\julih\AppData\Local\Programs\MiKTeX\tex/latex/lm\t1lmr.fd
File: t1lmr.fd 2009/10/30 v1.6 Font defs for Latin Modern
)
([Precálculo].aux
LaTeX Info: Redefining \. on input line 23.
LaTeX Info: Redefining \% on input line 23.


LaTeX Warning: Label `lip:exmp:2.13.b' multiply defined.


LaTeX Warning: Label `fig:0401' multiply defined.


LaTeX Warning: Label `exmp:0607' multiply defined.

)
\openout1 = `[Precálculo].aux'.

LaTeX Font Info:    Checking defaults for OML/cmm/m/it on input line 28.
LaTeX Font Info:    ... okay on input line 28.
LaTeX Font Info:    Checking defaults for OMS/cmsy/m/n on input line 28.
LaTeX Font Info:    ... okay on input line 28.
LaTeX Font Info:    Checking defaults for OT1/cmr/m/n on input line 28.
LaTeX Font Info:    ... okay on input line 28.
LaTeX Font Info:    Checking defaults for T1/cmr/m/n on input line 28.
LaTeX Font Info:    ... okay on input line 28.
LaTeX Font Info:    Checking defaults for TS1/cmr/m/n on input line 28.
LaTeX Font Info:    ... okay on input line 28.
LaTeX Font Info:    Checking defaults for OMX/cmex/m/n on input line 28.
LaTeX Font Info:    ... okay on input line 28.
LaTeX Font Info:    Checking defaults for U/cmr/m/n on input line 28.
LaTeX Font Info:    ... okay on input line 28.
LaTeX Font Info:    Checking defaults for PD1/pdf/m/n on input line 28.
LaTeX Font Info:    ... okay on input line 28.
LaTeX Font Info:    Checking defaults for PU/pdf/m/n on input line 28.
LaTeX Font Info:    ... okay on input line 28.
LaTeX Font Info:    Checking defaults for LY/yfrak/m/n on input line 28.
LaTeX Font Info:    ... okay on input line 28.
LaTeX Font Info:    Checking defaults for LYG/ygoth/m/n on input line 28.
LaTeX Font Info:    ... okay on input line 28.
Package hyperref Info: Link coloring ON on input line 28.
 (C:\Users\julih\AppData\Local\Programs\MiKTeX\tex/latex/hyperref\nameref.sty
Package: nameref 2021-04-02 v2.47 Cross-referencing by name of section

(C:\Users\julih\AppData\Local\Programs\MiKTeX\tex/latex/refcount\refcount.sty
Package: refcount 2019/12/15 v3.6 Data extraction from label references (HO)
)
(C:\Users\julih\AppData\Local\Programs\MiKTeX\tex/generic/gettitlestring\gettit
lestring.sty
Package: gettitlestring 2019/12/15 v1.6 Cleanup title references (HO)
)
\c@section@level=\count365
)
LaTeX Info: Redefining \ref on input line 28.
LaTeX Info: Redefining \pageref on input line 28.
LaTeX Info: Redefining \nameref on input line 28.
 ([Precálculo].out) ([Precálculo].out)
\@outlinefile=\write5
\openout5 = `[Precálculo].out'.


ABD: EverySelectfont initializing macros
LaTeX Info: Redefining \selectfont on input line 28.

*geometry* driver: auto-detecting
*geometry* detected driver: pdftex
*geometry* verbose mode - [ preamble ] result:
* driver: pdftex
* paper: letterpaper
* layout: <same size as paper>
* layoutoffset:(h,v)=(0.0pt,0.0pt)
* modes: twoside asymmetric 
* h-part:(L,W,R)=(72.26999pt, 312.0pt, 230.02501pt)
* v-part:(T,H,B)=(72.26999pt, 616.0pt, 106.7pt)
* \paperwidth=614.295pt
* \paperheight=794.96999pt
* \textwidth=312.0pt
* \textheight=616.0pt
* \oddsidemargin=0.0pt
* \evensidemargin=0.0pt
* \topmargin=-42.0pt
* \headheight=14.0pt
* \headsep=28.0pt
* \topskip=10.0pt
* \footskip=25.29494pt
* \marginparwidth=144.0pt
* \marginparsep=24.0pt
* \columnsep=10.0pt
* \skip\footins=9.0pt plus 4.0pt minus 2.0pt
* \hoffset=0.0pt
* \voffset=0.0pt
* \mag=1000
* \@twocolumnfalse
* \@twosidetrue
* \@mparswitchfalse
* \@reversemarginfalse
* (1in=72.27pt=25.4mm, 1cm=28.453pt)

\langwohyphens=\language80

(C:\Users\julih\AppData\Local\Programs\MiKTeX\tex/context/base/mkii\supp-pdf.mk
ii
[Loading MPS to PDF converter (version 2006.09.02).]
\scratchcounter=\count366
\scratchdimen=\dimen330
\scratchbox=\box125
\nofMPsegments=\count367
\nofMParguments=\count368
\everyMPshowfont=\toks50
\MPscratchCnt=\count369
\MPscratchDim=\dimen331
\MPnumerator=\count370
\makeMPintoPDFobject=\count371
\everyMPtoPDFconversion=\toks51
)
(C:\Users\julih\AppData\Local\Programs\MiKTeX\tex/latex/epstopdf-pkg\epstopdf-b
ase.sty
Package: epstopdf-base 2020-01-24 v2.11 Base part for package epstopdf
Package epstopdf-base Info: Redefining graphics rule for `.eps' on input line 4
85.

(C:\Users\julih\AppData\Local\Programs\MiKTeX\tex/latex/00miktex\epstopdf-sys.c
fg
File: epstopdf-sys.cfg 2021/03/18 v2.0 Configuration of epstopdf for MiKTeX
))
LaTeX Info: Redefining \. on input line 28.
LaTeX Info: Redefining \% on input line 28.
\c@lstlisting=\count372
LaTeX Font Info:    Trying to load font information for T1+lmss on input line 2
9.
 (C:\Users\julih\AppData\Local\Programs\MiKTeX\tex/latex/lm\t1lmss.fd
File: t1lmss.fd 2009/10/30 v1.6 Font defs for Latin Modern
)
[1


{C:/Users/julih/AppData/Local/MiKTeX/pdftex/config/pdftex.map}]
LaTeX Font Info:    Trying to load font information for OT1+lmr on input line 3
0.

(C:\Users\julih\AppData\Local\Programs\MiKTeX\tex/latex/lm\ot1lmr.fd
File: ot1lmr.fd 2009/10/30 v1.6 Font defs for Latin Modern
)
LaTeX Font Info:    Trying to load font information for OML+lmm on input line 3
0.

(C:\Users\julih\AppData\Local\Programs\MiKTeX\tex/latex/lm\omllmm.fd
File: omllmm.fd 2009/10/30 v1.6 Font defs for Latin Modern
)
LaTeX Font Info:    Trying to load font information for OMS+lmsy on input line 
30.

(C:\Users\julih\AppData\Local\Programs\MiKTeX\tex/latex/lm\omslmsy.fd
File: omslmsy.fd 2009/10/30 v1.6 Font defs for Latin Modern
)
LaTeX Font Info:    Trying to load font information for OMX+lmex on input line 
30.

(C:\Users\julih\AppData\Local\Programs\MiKTeX\tex/latex/lm\omxlmex.fd
File: omxlmex.fd 2009/10/30 v1.6 Font defs for Latin Modern
)
LaTeX Font Info:    External font `lmex10' loaded for size
(Font)              <10> on input line 30.
LaTeX Font Info:    External font `lmex10' loaded for size
(Font)              <7.6> on input line 30.
LaTeX Font Info:    External font `lmex10' loaded for size
(Font)              <6> on input line 30.
LaTeX Font Info:    Trying to load font information for OT1+zplm on input line 
30.

(C:\Users\julih\AppData\Local\Programs\MiKTeX\tex/latex/psnfss\ot1zplm.fd
File: ot1zplm.fd 2002/09/08 Fontinst v1.914 font definitions for OT1/zplm.
)
LaTeX Font Info:    Font shape `U/msa/m/n' will be
(Font)              scaled to size 10.42007pt on input line 30.
LaTeX Font Info:    Font shape `U/msa/m/n' will be
(Font)              scaled to size 7.91925pt on input line 30.
LaTeX Font Info:    Font shape `U/msa/m/n' will be
(Font)              scaled to size 6.25204pt on input line 30.
LaTeX Font Info:    Font shape `U/msb/m/n' will be
(Font)              scaled to size 10.42007pt on input line 30.
LaTeX Font Info:    Font shape `U/msb/m/n' will be
(Font)              scaled to size 7.91925pt on input line 30.
LaTeX Font Info:    Font shape `U/msb/m/n' will be
(Font)              scaled to size 6.25204pt on input line 30.
LaTeX Font Info:    Trying to load font information for U+rsfs on input line 30
.

(C:\Users\julih\AppData\Local\Programs\MiKTeX\tex/latex/jknappen\ursfs.fd
File: ursfs.fd 1998/03/24 rsfs font definition file (jk)
)
Underfull \hbox (badness 10000) in paragraph at lines 32--34
[]\T1/lmr/m/n/10 This work is li-cen-sed un-der the Crea-ti-ve Com-mons Re-co-n
o-ci-
 []


Underfull \hbox (badness 10000) in paragraph at lines 32--34
\T1/lmr/m/n/10 mien-to 4.0 In-ter-na-cio-nal Li-cen-se. To view a copy of this 
li-cen-se,
 []

<./licencia/by.png, id=185, 97.0827pt x 33.9669pt>
File: ./licencia/by.png Graphic file (type png)
<use ./licencia/by.png>
Package pdftex.def Info: ./licencia/by.png  used on input line 35.
(pdftex.def)             Requested size: 97.08244pt x 33.96681pt.
[2

 <./licencia/by.png>] ([Precálculo].toc
LaTeX Info: Redefining \. on input line 1.
LaTeX Info: Redefining \% on input line 1.
 [3

])
\tf@toc=\write6
\openout6 = `[Precálculo].toc'.

 [4]
Cap\'{\i }tulo 1.
LaTeX Font Info:    External font `lmex10' loaded for size
(Font)              <20.74> on input line 41.
LaTeX Font Info:    External font `lmex10' loaded for size
(Font)              <14.4> on input line 41.
LaTeX Font Info:    External font `lmex10' loaded for size
(Font)              <12> on input line 41.
LaTeX Font Info:    Font shape `U/msa/m/n' will be
(Font)              scaled to size 21.61124pt on input line 41.
LaTeX Font Info:    Font shape `U/msa/m/n' will be
(Font)              scaled to size 15.0049pt on input line 41.
LaTeX Font Info:    Font shape `U/msa/m/n' will be
(Font)              scaled to size 12.50409pt on input line 41.
LaTeX Font Info:    Font shape `U/msb/m/n' will be
(Font)              scaled to size 21.61124pt on input line 41.
LaTeX Font Info:    Font shape `U/msb/m/n' will be
(Font)              scaled to size 15.0049pt on input line 41.
LaTeX Font Info:    Font shape `U/msb/m/n' will be
(Font)              scaled to size 12.50409pt on input line 41.
(logica.tex
LaTeX Font Info:    External font `lmex10' loaded for size
(Font)              <9> on input line 1.
LaTeX Font Info:    External font `lmex10' loaded for size
(Font)              <7> on input line 1.
LaTeX Font Info:    Font shape `U/msa/m/n' will be
(Font)              scaled to size 9.37807pt on input line 1.
LaTeX Font Info:    Font shape `U/msa/m/n' will be
(Font)              scaled to size 7.29405pt on input line 1.
LaTeX Font Info:    Font shape `U/msb/m/n' will be
(Font)              scaled to size 9.37807pt on input line 1.
LaTeX Font Info:    Font shape `U/msb/m/n' will be
(Font)              scaled to size 7.29405pt on input line 1.
LaTeX Font Info:    Trying to load font information for T1+lmtt on input line 5
.

(C:\Users\julih\AppData\Local\Programs\MiKTeX\tex/latex/lm\t1lmtt.fd
File: t1lmtt.fd 2009/10/30 v1.6 Font defs for Latin Modern
)

LaTeX Warning: Marginpar on page 5 moved.

[5

]
LaTeX Font Info:    External font `lmex10' loaded for size
(Font)              <10.95> on input line 57.
LaTeX Font Info:    External font `lmex10' loaded for size
(Font)              <8> on input line 57.
LaTeX Font Info:    Font shape `U/msa/m/n' will be
(Font)              scaled to size 11.40997pt on input line 57.
LaTeX Font Info:    Font shape `U/msa/m/n' will be
(Font)              scaled to size 8.33606pt on input line 57.
LaTeX Font Info:    Font shape `U/msb/m/n' will be
(Font)              scaled to size 11.40997pt on input line 57.
LaTeX Font Info:    Font shape `U/msb/m/n' will be
(Font)              scaled to size 8.33606pt on input line 57.
LaTeX Font Info:    External font `lmex10' loaded for size
(Font)              <5> on input line 79.
LaTeX Font Info:    Font shape `U/msa/m/n' will be
(Font)              scaled to size 5.21004pt on input line 79.
LaTeX Font Info:    Font shape `U/msb/m/n' will be
(Font)              scaled to size 5.21004pt on input line 79.


LaTeX Warning: Marginpar on page 6 moved.


LaTeX Warning: Marginpar on page 6 moved.


LaTeX Warning: Marginpar on page 6 moved.


LaTeX Warning: Marginpar on page 6 moved.


LaTeX Warning: Marginpar on page 6 moved.


LaTeX Warning: Marginpar on page 6 moved.


LaTeX Warning: Marginpar on page 6 moved.


LaTeX Warning: Marginpar on page 6 moved.


LaTeX Warning: Marginpar on page 6 moved.

[6]
Overfull \hbox (0.82965pt too wide) in paragraph at lines 162--166
[]\T1/lmr/bx/n/10 Ejemplo.  \T1/lmr/m/n/10 Con-truir la ta-bla de ver-dad de la
 pro-po-si-cin $\OMS/lmsy/m/n/10 : [] \OT1/lmr/m/n/10 .$ 
 []


LaTeX Warning: Marginpar on page 7 moved.


LaTeX Warning: Marginpar on page 7 moved.


LaTeX Warning: Marginpar on page 7 moved.

[7]
<md/tabla_4-1.png, id=348, 782.17218pt x 276.28218pt>
File: md/tabla_4-1.png Graphic file (type png)
<use md/tabla_4-1.png>
Package pdftex.def Info: md/tabla_4-1.png  used on input line 282.
(pdftex.def)             Requested size: 312.0pt x 110.20737pt.


LaTeX Warning: Marginpar on page 8 moved.


Overfull \hbox (2.61682pt too wide) in paragraph at lines 333--333
 [] 
 []


LaTeX Warning: Marginpar on page 8 moved.


LaTeX Warning: Marginpar on page 8 moved.

[8 <./md/tabla_4-1.png>]
Overfull \hbox (25.86743pt too wide) in paragraph at lines 376--376
 [] 
 []


LaTeX Warning: Marginpar on page 9 moved.

[9]
<md/tabla_silogismo.png, id=369, 914.66719pt x 377.15906pt>
File: md/tabla_silogismo.png Graphic file (type png)
<use md/tabla_silogismo.png>
Package pdftex.def Info: md/tabla_silogismo.png  used on input line 419.
(pdftex.def)             Requested size: 218.39905pt x 90.05386pt.


LaTeX Warning: Marginpar on page 10 moved.

LaTeX Font Info:    Trying to load font information for U+fplmbb on input line 
441.
(C:\Users\julih\AppData\Local\Programs\MiKTeX\tex/latex/psnfss\ufplmbb.fd
File: ufplmbb.fd 2003/10/30 Fontinst v1.914 font definitions for U/fplmbb.
)
[10 <./md/tabla_silogismo.png>] [11] [12]

LaTeX Warning: Marginpar on page 13 moved.

) (logica(p).tex [13]
Overfull \hbox (109.66707pt too wide) in paragraph at lines 159--164
 [] 
 []

[14]) (conjuntos.tex [15] [16] [17]
<./md/venn01.png, id=485, 938.00438pt x 205.5178pt>
File: ./md/venn01.png Graphic file (type png)
<use ./md/venn01.png>
Package pdftex.def Info: ./md/venn01.png  used on input line 203.
(pdftex.def)             Requested size: 312.9803pt x 68.5737pt.

Overfull \hbox (0.9803pt too wide) in paragraph at lines 203--207
 [][] 
 []

[18 <./md/venn01.png>]
<./md/venn_union_interseccion.png, id=494, 929.72343pt x 306.39468pt>
File: ./md/venn_union_interseccion.png Graphic file (type png)
<use ./md/venn_union_interseccion.png>
Package pdftex.def Info: ./md/venn_union_interseccion.png  used on input line 2
50.
(pdftex.def)             Requested size: 284.52756pt x 93.76581pt.
) (conjuntos(p).tex) (algebra_conjuntos.tex [19 <./md/venn_union_interseccion.p
ng>]
<./md/venn_complemento.png, id=513, 950.80219pt x 211.54031pt>
File: ./md/venn_complemento.png Graphic file (type png)
<use ./md/venn_complemento.png>
Package pdftex.def Info: ./md/venn_complemento.png  used on input line 43.
(pdftex.def)             Requested size: 284.52756pt x 63.30441pt.
<./md/sistema_fundamental.png, id=514, 811.53188pt x 341.77687pt>
File: ./md/sistema_fundamental.png Graphic file (type png)
<use ./md/sistema_fundamental.png>
Package pdftex.def Info: ./md/sistema_fundamental.png  used on input line 94.
(pdftex.def)             Requested size: 284.52756pt x 119.83229pt.
 [20 <./md/venn_complemento.png>]
<./md/leyes_conjuntos.png, id=520, 764.10469pt x 243.15843pt>
File: ./md/leyes_conjuntos.png Graphic file (type png)
<use ./md/leyes_conjuntos.png>
Package pdftex.def Info: ./md/leyes_conjuntos.png  used on input line 111.
(pdftex.def)             Requested size: 312.9803pt x 99.59912pt.

Overfull \hbox (0.9803pt too wide) in paragraph at lines 111--114
 [][] 
 []

) (algebra_conjuntos(p).tex [21 <./md/sistema_fundamental.png> <./md/leyes_conj
untos.png>]) (relaciones.tex [22] [23] [24]
Overfull \hbox (14.34451pt too wide) in paragraph at lines 213--215
[]\T1/lmr/bx/n/10 Ejemplo.  \T1/lmr/m/n/10 Sea $\OML/lmm/m/it/10 A \OT1/zplm/m/
n/10 = [] \OT1/lmr/m/n/10 , \OML/lmm/m/it/10 B \OT1/zplm/m/n/10 = []$ \T1/lmr/m
/n/10 y $\OML/lmm/m/it/10 R \OT1/zplm/m/n/10 = [] \OT1/lmr/m/n/10 .$ 
 []

[25]
Overfull \hbox (19.28441pt too wide) in paragraph at lines 331--332
[]\T1/lmr/m/n/10 Si una re-la-cin sa-tis-fa-ce la pro-pie-dad $\OML/lmm/m/it/1
0 P\OT1/lmr/m/n/10 ,$ \T1/lmr/m/n/10 di-re-mos que es una $\OML/lmm/m/it/10 P\O
MS/lmsy/m/n/10  $\T1/lmr/m/n/10 relacin.  
 []

[26] [27]) (relaciones(p).tex [28] [29]) [30]
Cap\'{\i }tulo 2.
(funciones.tex [31

] [32]
<./md/IMG-04_resticcion.png, id=651, 566.5968pt x 421.3341pt>
File: ./md/IMG-04_resticcion.png Graphic file (type png)
<use ./md/IMG-04_resticcion.png>
Package pdftex.def Info: ./md/IMG-04_resticcion.png  used on input line 195.
(pdftex.def)             Requested size: 227.62204pt x 169.26357pt.


LaTeX Warning: `!h' float specifier changed to `!ht'.

[33]) (funciones(p).tex [34 <./md/IMG-04_resticcion.png>]
<./md/MD02_IM01.png, id=676, 933.4875pt x 258.21469pt>
File: ./md/MD02_IM01.png Graphic file (type png)
<use ./md/MD02_IM01.png>
Package pdftex.def Info: ./md/MD02_IM01.png  used on input line 54.
(pdftex.def)             Requested size: 284.52756pt x 78.70216pt.
<./md/MD02_sqrt_x-2.png, id=677, 421.575pt x 418.56375pt>
File: ./md/MD02_sqrt_x-2.png Graphic file (type png)
<use ./md/MD02_sqrt_x-2.png>
Package pdftex.def Info: ./md/MD02_sqrt_x-2.png  used on input line 63.
(pdftex.def)             Requested size: 229.25528pt x 227.62204pt.
<./md/MD02_IM02.png, id=678, 952.30782pt x 295.85532pt>
File: ./md/MD02_IM02.png Graphic file (type png)
<use ./md/MD02_IM02.png>
Package pdftex.def Info: ./md/MD02_IM02.png  used on input line 70.
(pdftex.def)             Requested size: 284.52756pt x 88.39612pt.
) (particiones.tex
<./em/2020-08-15 19_49_02.png, id=679, 239.39438pt x 554.82281pt>
File: ./em/2020-08-15 19_49_02.png Graphic file (type png)
<use ./em/2020-08-15 19_49_02.png>
Package pdftex.def Info: ./em/2020-08-15 19_49_02.png  used on input line 6.
(pdftex.def)             Requested size: 108.2744pt x 250.93842pt.

[35 <./md/MD02_IM01.png>] [36 <./md/MD02_sqrt_x-2.png> <./md/MD02_IM02.png> <./
em/2020-08-15 19_49_02.png>]
<./em/puzzle-5294291_1280.jpg, id=708, 308.352pt x 205.4877pt>
File: ./em/puzzle-5294291_1280.jpg Graphic file (type jpg)
<use ./em/puzzle-5294291_1280.jpg>
Package pdftex.def Info: ./em/puzzle-5294291_1280.jpg  used on input line 32.
(pdftex.def)             Requested size: 218.39905pt x 145.54297pt.
<./em/1280px-Venn_diagram_for_A_union_B.svg.png, id=710, 1284.8pt x 840.13875pt
>
File: ./em/1280px-Venn_diagram_for_A_union_B.svg.png Graphic file (type png)
<use ./em/1280px-Venn_diagram_for_A_union_B.svg.png>
Package pdftex.def Info: ./em/1280px-Venn_diagram_for_A_union_B.svg.png  used o
n input line 41.
(pdftex.def)             Requested size: 218.39905pt x 142.80887pt.
 [37 <./em/puzzle-5294291_1280.jpg>] [38 <./em/1280px-Venn_diagram_for_A_union_
B.svg.png>] [39]) (particiones(p).tex)
(analisis_combinatorio.tex [40] [41]) (analisis_combinatorio(p).tex [42])
[43] [44

]
Cap\'{\i }tulo 3.
(numeros_enteros.tex
Overfull \hbox (27.17009pt too wide) in paragraph at lines 30--33
[]\T1/lmr/bx/n/10 Ejemplo.  []\T1/lmr/m/n/10 En-con-tre-mos $[]\OT1/zplm/m/n/10
 (\OT1/lmr/m/n/10 6, 15\OT1/zplm/m/n/10 )\OT1/lmr/m/n/10 .$ \T1/lmr/m/n/10 Los 
di-vi-so-res de $\OT1/lmr/m/n/10 6$ \T1/lmr/m/n/10 son $\OMS/lmsy/m/n/10 \OT1/
lmr/m/n/10 1, \OMS/lmsy/m/n/10 \OT1/lmr/m/n/10 2, \OMS/lmsy/m/n/10 \OT1/lmr/m
/n/10 3, \OMS/lmsy/m/n/10 \OT1/lmr/m/n/10 6,$ 
 []


LaTeX Warning: Marginpar on page 45 moved.

[45]
Overfull \hbox (8.24907pt too wide) in paragraph at lines 68--73
\T1/lmtt/m/n/10 nmeros enteros positivos. Consideremos la siguiente sucesin 
 []


LaTeX Warning: Marginpar on page 46 moved.


LaTeX Warning: Marginpar on page 46 moved.

[46]) (numeros_enteros(p).tex) (teorema_fundamental_aritmetica.tex [47])
(induccion.tex [48] [49] [50] [51]
(C:\Users\julih\AppData\Local\Programs\MiKTeX\tex/latex/listings\lstlang1.sty
File: lstlang1.sty 2020/03/24 1.8d listings language file
)
Package hyperref Info: bookmark level for unknown lstlisting defaults to 0 on i
nput line 237.

Overfull \hbox (22.29306pt too wide) in paragraph at lines 260--261
[]\T1/lmr/m/n/10 La ce-le-bre su-ce-sin de Fi-bo-nac-ci (usual-men-te de-no-ta
-da por $\OML/lmm/m/it/10 F[]\OT1/lmr/m/n/10 , \OML/lmm/m/it/10 F[]\OT1/lmr/m/n
/10 , \OML/lmm/m/it/10 F[]\OT1/lmr/m/n/10 , ...$\T1/lmr/m/n/10 ) 
 []

[52] [53]) (induccion(p).tex [54]) [55] [56

]
Cap\'{\i }tulo 4.
(numeros_racionales.tex [57] [58]
Overfull \hbox (3.40875pt too wide) in paragraph at lines 196--199
[]\T1/lmr/bx/n/10 Algoritmo. (Su-ma de frac-cio-nes)  \T1/lmtt/m/n/10 Para suma
r dos fracciones 
 []

[59]) (razones_proporciones.tex [60] [61] [62]) (numeros_reales.tex
<./calculo/fig-01-01--recta_numerica.png, id=1033, 532.99126pt x 63.23625pt>
File: ./calculo/fig-01-01--recta_numerica.png Graphic file (type png)
<use ./calculo/fig-01-01--recta_numerica.png>
Package pdftex.def Info: ./calculo/fig-01-01--recta_numerica.png  used on input
 line 37.
(pdftex.def)             Requested size: 249.60095pt x 29.61392pt.
 [63]
[64 <./calculo/fig-01-01--recta_numerica.png (PNG copy)>] [65])
(funciones_reales.tex [66] [67] [68] [69]) (numeros_complejos.tex [70]
Overfull \hbox (12.70297pt too wide) in paragraph at lines 58--59
[]$[] \OT1/zplm/m/n/10 + (\OML/lmm/m/it/10 x[] \OT1/zplm/m/n/10 + \OML/lmm/m/it
/10 iy[]\OT1/zplm/m/n/10 ) = (\OML/lmm/m/it/10 x \OT1/zplm/m/n/10 + \OML/lmm/m/
it/10 iy\OT1/zplm/m/n/10 ) + []$  
 []

[71] [72] [73] [74]) [75] [76

]
Cap\'{\i }tulo 5.
(sistemas_ecuaciones_lineales.tex

LaTeX Warning: Reference `sp152' on page 77 undefined on input line 49.


LaTeX Warning: Reference `sp152' on page 77 undefined on input line 60.

<./precalculo/IM0401.png, id=1205, 293.29575pt x 164.0529pt>
File: ./precalculo/IM0401.png Graphic file (type png)
<use ./precalculo/IM0401.png>
Package pdftex.def Info: ./precalculo/IM0401.png  used on input line 73.
(pdftex.def)             Requested size: 254.34624pt x 142.26378pt.
[77]
<./precalculo/IM0402.png, id=1212, 890.5772pt x 300.3722pt>
File: ./precalculo/IM0402.png Graphic file (type png)
<use ./precalculo/IM0402.png>
Package pdftex.def Info: ./precalculo/IM0402.png  used on input line 84.
(pdftex.def)             Requested size: 341.43306pt x 115.15552pt.

Overfull \hbox (29.43306pt too wide) in paragraph at lines 84--87
 [][] 
 []

) (determinantes.tex [78 <./precalculo/IM0401.png> <./precalculo/IM0402.png>]
[79]) (fracciones_parciales.tex [80] [81]
Overfull \hbox (5.34113pt too wide) in paragraph at lines 143--143
|\T1/lmr/m/it/10.95 Caso 3. Fac-to-res cua-dr-ti-cos irre-du-ci-bles dis-tin-t
os, y li-nea-les re-pe-
 []

) (fracciones_parciales(p).tex [82]) [83] [84

]
Cap\'{\i }tulo 6.
(reduccion_terminos_semejantes.tex [85]) (supresion_signos_agrupacion.tex
[86]) (multiplicacion_polinomios.tex [87]) (productos_notables.tex [88]
[89]) (sumas_diferencias_potencias.tex) [90]
Cap\'{\i }tulo 7.
(division_sintetica.tex [91

]) (teorema_ceros_racionales.tex [92] [93] [94])
(algoritmo_factorizacion.tex [95]
Overfull \hbox (10.32616pt too wide) in paragraph at lines 103--106
[]\T1/lmr/bx/n/10 Algoritmo. (Fac-to-ri-za-cin de un di-vi-sor aso-cia-do)  \T
1/lmtt/m/n/10 Supongamos 
 []

[96]
Overfull \hbox (16.7352pt too wide) in paragraph at lines 138--139
[]\T1/lmtt/m/it/10 Dividir. \T1/lmtt/m/n/10 Use la divisin sinttica para eval
uar el polinimio 
 []


Overfull \hbox (20.24907pt too wide) in paragraph at lines 139--140
\T1/lmtt/m/n/10 Pare cuando llegue al cociente que no tenga ceros racionales.  

 []

[97]) (criterios_evaluar_raices.tex [98]) (ecuaciones_segundo_grado.tex
<./precalculo/IM020401.png, id=1554, 663.4386pt x 328.8285pt>
File: ./precalculo/IM020401.png Graphic file (type png)
<use ./precalculo/IM020401.png>
Package pdftex.def Info: ./precalculo/IM020401.png  used on input line 11.
(pdftex.def)             Requested size: 287.03448pt x 142.26378pt.

[99] [100 <./precalculo/IM020401.png>]
<./precalculo/IM0301.png, id=1575, 2836.5975pt x 1433.1141pt>
File: ./precalculo/IM0301.png Graphic file (type png)
<use ./precalculo/IM0301.png>
Package pdftex.def Info: ./precalculo/IM0301.png  used on input line 149.
(pdftex.def)             Requested size: 281.5555pt x 142.26378pt.
 [101 <./precalculo/IM0301.png>] [102])
[103] [104

]
Cap\'{\i }tulo 8.
(trigonometria.tex
Overfull \hbox (21.6105pt too wide) in paragraph at lines 3--3
|[]\T1/lmr/m/it/12 La geo-me-tra de los trin-gu-los: con-gruen-cia, si-mi-li-
tud y el teo-
 []

<./trig/algsup3-01.png, id=1635, 198.7425pt x 206.27063pt>
File: ./trig/algsup3-01.png Graphic file (type png)
<use ./trig/algsup3-01.png>
Package pdftex.def Info: ./trig/algsup3-01.png  used on input line 12.
(pdftex.def)             Requested size: 219.31793pt x 227.62204pt.
<./trig/algsup3-02.png, id=1636, 133.24782pt x 520.19344pt>
File: ./trig/algsup3-02.png Graphic file (type png)
<use ./trig/algsup3-02.png>
Package pdftex.def Info: ./trig/algsup3-02.png  used on input line 41.
(pdftex.def)             Requested size: 56.9055pt x 222.15482pt.
[105 <./trig/algsup3-01.png>]
<./trig/trig9446.png, id=1642, 407.27156pt x 420.06938pt>
File: ./trig/trig9446.png Graphic file (type png)
<use ./trig/trig9446.png>
Package pdftex.def Info: ./trig/trig9446.png  used on input line 67.
(pdftex.def)             Requested size: 142.26378pt x 146.73163pt.
<./trig/trig9447.png, id=1643, 679.78969pt x 328.22626pt>
File: ./trig/trig9447.png Graphic file (type png)
<use ./trig/trig9447.png>
Package pdftex.def Info: ./trig/trig9447.png  used on input line 83.
(pdftex.def)             Requested size: 142.26378pt x 68.68915pt.
<./trig/trig9448.png, id=1644, 194.97844pt x 141.52875pt>
File: ./trig/trig9448.png Graphic file (type png)
<use ./trig/trig9448.png>
Package pdftex.def Info: ./trig/trig9448.png  used on input line 96.
(pdftex.def)             Requested size: 142.26378pt x 103.26761pt.
 [106 <./trig/algsup3-02.png> <./trig/trig9446.png>]
<./trig/trig94thm.png, id=1651, 558.58687pt x 382.42876pt>
File: ./trig/trig94thm.png Graphic file (type png)
<use ./trig/trig94thm.png>
Package pdftex.def Info: ./trig/trig94thm.png  used on input line 114.
(pdftex.def)             Requested size: 142.26378pt x 97.3984pt.
<./trig/trig9450.png, id=1652, 505.89pt x 277.78781pt>
File: ./trig/trig9450.png Graphic file (type png)
<use ./trig/trig9450.png>
Package pdftex.def Info: ./trig/trig9450.png  used on input line 131.
(pdftex.def)             Requested size: 142.26378pt x 78.11914pt.
<./trig/trig9451.png, id=1653, 179.16937pt x 221.32687pt>
File: ./trig/trig9451.png Graphic file (type png)
<use ./trig/trig9451.png>
Package pdftex.def Info: ./trig/trig9451.png  used on input line 143.
(pdftex.def)             Requested size: 142.26378pt x 175.748pt.
 [107 <./trig/trig9447.png> <./trig/trig9448.png> <./trig/trig94thm.png>]
<./trig/trig_101-1.png, id=1663, 834.11626pt x 408.77719pt>
File: ./trig/trig_101-1.png Graphic file (type png)
<use ./trig/trig_101-1.png>
Package pdftex.def Info: ./trig/trig_101-1.png  used on input line 161.
(pdftex.def)             Requested size: 284.52756pt x 139.43773pt.
<./trig/trig_101-2.png, id=1664, 209.28188pt x 135.50626pt>
File: ./trig/trig_101-2.png Graphic file (type png)
<use ./trig/trig_101-2.png>
Package pdftex.def Info: ./trig/trig_101-2.png  used on input line 170.
(pdftex.def)             Requested size: 284.52756pt x 184.22607pt.
<./trig/trig_101-3.png, id=1665, 350.81062pt x 182.93344pt>
File: ./trig/trig_101-3.png Graphic file (type png)
<use ./trig/trig_101-3.png>
Package pdftex.def Info: ./trig/trig_101-3.png  used on input line 179.
(pdftex.def)             Requested size: 284.52756pt x 148.37903pt.
<./trig/trig_101-4.png, id=1666, 188.95593pt x 161.10187pt>
File: ./trig/trig_101-4.png Graphic file (type png)
<use ./trig/trig_101-4.png>
Package pdftex.def Info: ./trig/trig_101-4.png  used on input line 188.
(pdftex.def)             Requested size: 284.52756pt x 242.60599pt.
<./trig/trig_101-5.png, id=1667, 493.845pt x 111.41624pt>
File: ./trig/trig_101-5.png Graphic file (type png)
<use ./trig/trig_101-5.png>
Package pdftex.def Info: ./trig/trig_101-5.png  used on input line 197.
(pdftex.def)             Requested size: 284.52756pt x 64.19135pt.
<./trig/trig_101-tab1.png, id=1668, 581.92406pt x 420.06938pt>
File: ./trig/trig_101-tab1.png Graphic file (type png)
<use ./trig/trig_101-tab1.png>
Package pdftex.def Info: ./trig/trig_101-tab1.png  used on input line 206.
(pdftex.def)             Requested size: 227.62204pt x 164.30713pt.
<./trig/sull0610.png, id=1669, 569.12625pt x 355.3275pt>
File: ./trig/sull0610.png Graphic file (type png)
<use ./trig/sull0610.png>
Package pdftex.def Info: ./trig/sull0610.png  used on input line 229.
(pdftex.def)             Requested size: 227.86357pt x 142.26378pt.

[108 <./trig/trig9450.png> <./trig/trig9451.png> <./trig/trig_101-1.png>]
[109 <./trig/trig_101-2.png> <./trig/trig_101-3.png> <./trig/trig_101-4.png>]
<./trig/sull6112.png, id=1682, 190.46156pt x 152.06813pt>
File: ./trig/sull6112.png Graphic file (type png)
<use ./trig/sull6112.png>
Package pdftex.def Info: ./trig/sull6112.png  used on input line 262.
(pdftex.def)             Requested size: 178.18526pt x 142.26378pt.

[110 <./trig/trig_101-5.png> <./trig/trig_101-tab1.png> <./trig/sull0610.png>]
<./trig/sull61t1.png, id=1691, 617.30624pt x 143.03438pt>
File: ./trig/sull61t1.png Graphic file (type png)
<use ./trig/sull61t1.png>
Package pdftex.def Info: ./trig/sull61t1.png  used on input line 302.
(pdftex.def)             Requested size: 284.52756pt x 65.92755pt.
<./trig/sull113.png, id=1692, 579.66562pt x 298.11375pt>
File: ./trig/sull113.png Graphic file (type png)
<use ./trig/sull113.png>
Package pdftex.def Info: ./trig/sull113.png  used on input line 319.
(pdftex.def)             Requested size: 284.52756pt x 146.3272pt.

[111 <./trig/sull6112.png> <./trig/sull61t1.png>]
<./trig/sull614.png, id=1700, 161.85469pt x 150.5625pt>
File: ./trig/sull614.png Graphic file (type png)
<use ./trig/sull614.png>
Package pdftex.def Info: ./trig/sull614.png  used on input line 335.
(pdftex.def)             Requested size: 152.94853pt x 142.26378pt.
<./trig/sull6115.png, id=1701, 147.55125pt x 158.09062pt>
File: ./trig/sull6115.png Graphic file (type png)
<use ./trig/sull6115.png>
Package pdftex.def Info: ./trig/sull6115.png  used on input line 343.
(pdftex.def)             Requested size: 132.78812pt x 142.26378pt.
<./trig/sull6116.png, id=1702, 205.5178pt x 162.6075pt>
File: ./trig/sull6116.png Graphic file (type png)
<use ./trig/sull6116.png>
Package pdftex.def Info: ./trig/sull6116.png  used on input line 375.
(pdftex.def)             Requested size: 179.81822pt x 142.26378pt.
 [112 <./trig/sull113.png> <./trig/sull614.png>]
<./trig/sull6117.png, id=1713, 199.49532pt x 191.21437pt>
File: ./trig/sull6117.png Graphic file (type png)
<use ./trig/sull6117.png>
Package pdftex.def Info: ./trig/sull6117.png  used on input line 407.
(pdftex.def)             Requested size: 142.26378pt x 136.36418pt.
 [113 <./trig/sull6115.png> <./trig/sull6116.png>]
<./trig/sull0618.png, id=1724, 440.39531pt x 282.30469pt>
File: ./trig/sull0618.png Graphic file (type png)
<use ./trig/sull0618.png>
Package pdftex.def Info: ./trig/sull0618.png  used on input line 432.
(pdftex.def)             Requested size: 284.52756pt x 182.39311pt.
<./trig/sull0619.png, id=1725, 235.63031pt x 152.82094pt>
File: ./trig/sull0619.png Graphic file (type png)
<use ./trig/sull0619.png>
Package pdftex.def Info: ./trig/sull0619.png  used on input line 464.
(pdftex.def)             Requested size: 284.52756pt x 184.53612pt.
 [114 <./trig/sull6117.png> <./trig/sull0618.png>]
<./trig/sull0620.png, id=1733, 875.52094pt x 199.49532pt>
File: ./trig/sull0620.png Graphic file (type png)
<use ./trig/sull0620.png>
Package pdftex.def Info: ./trig/sull0620.png  used on input line 480.
(pdftex.def)             Requested size: 284.52756pt x 64.83215pt.
<./trig/sull06t2.png, id=1734, 902.6222pt x 232.61906pt>
File: ./trig/sull06t2.png Graphic file (type png)
<use ./trig/sull06t2.png>
Package pdftex.def Info: ./trig/sull06t2.png  used on input line 508.
(pdftex.def)             Requested size: 312.9803pt x 80.66185pt.

Overfull \hbox (0.9803pt too wide) in paragraph at lines 508--511
 [][] 
 []

[115 <./trig/sull0619.png> <./trig/sull0620.png>]
<./trig/sull0624.png, id=1743, 591.71063pt x 209.28188pt>
File: ./trig/sull0624.png Graphic file (type png)
<use ./trig/sull0624.png>
Package pdftex.def Info: ./trig/sull0624.png  used on input line 548.
(pdftex.def)             Requested size: 284.52756pt x 100.63617pt.
<./trig/sull06t3.png, id=1744, 619.56468pt x 200.24812pt>
File: ./trig/sull06t3.png Graphic file (type png)
<use ./trig/sull06t3.png>
Package pdftex.def Info: ./trig/sull06t3.png  used on input line 571.
(pdftex.def)             Requested size: 312.9803pt x 101.15659pt.

Overfull \hbox (0.9803pt too wide) in paragraph at lines 571--574
 [][] 
 []

<./trig/sull0627.png, id=1745, 256.70906pt x 153.57375pt>
File: ./trig/sull0627.png Graphic file (type png)
<use ./trig/sull0627.png>
Package pdftex.def Info: ./trig/sull0627.png  used on input line 585.
(pdftex.def)             Requested size: 284.52756pt x 170.2275pt.
[116 <./trig/sull06t2.png> <./trig/sull0624.png>]
<./trig/sull0712.png, id=1755, 493.845pt x 200.24812pt>
File: ./trig/sull0712.png Graphic file (type png)
<use ./trig/sull0712.png>
Package pdftex.def Info: ./trig/sull0712.png  used on input line 759.
(pdftex.def)             Requested size: 284.52756pt x 115.37094pt.
<./trig/sull0713.png, id=1756, 200.24812pt x 191.21437pt>
File: ./trig/sull0713.png Graphic file (type png)
<use ./trig/sull0713.png>
Package pdftex.def Info: ./trig/sull0713.png  used on input line 769.
(pdftex.def)             Requested size: 208.58925pt x 199.16928pt.
<./trig/sull0714.png, id=1757, 399.74344pt x 390.70969pt>
File: ./trig/sull0714.png Graphic file (type png)
<use ./trig/sull0714.png>
Package pdftex.def Info: ./trig/sull0714.png  used on input line 780.
(pdftex.def)             Requested size: 203.77495pt x 199.16928pt.
<./trig/arctan.png, id=1758, 565.8741pt x 138.7584pt>
File: ./trig/arctan.png Graphic file (type png)
<use ./trig/arctan.png>
Package pdftex.def Info: ./trig/arctan.png  used on input line 789.
(pdftex.def)             Requested size: 284.52756pt x 69.77072pt.
 [117 <./trig/sull06t3.png> <./trig/sull0627.png>] [118 <./trig/sull0712.png> <
./trig/sull0713.png> <./trig/sull0714.png>]
<./trig/Examples_of_Polar_Coordinates.png, id=1768, 321.2pt x 264.99pt>
File: ./trig/Examples_of_Polar_Coordinates.png Graphic file (type png)
<use ./trig/Examples_of_Polar_Coordinates.png>
Package pdftex.def Info: ./trig/Examples_of_Polar_Coordinates.png  used on inpu
t line 828.
(pdftex.def)             Requested size: 172.44069pt x 142.26378pt.
 [119 <./trig/arctan.png> <./trig/Examples_of_Polar_Coordinates.png>]
<./trig/angulo_vision.png, id=1780, 498.36188pt x 283.0575pt>
File: ./trig/angulo_vision.png Graphic file (type png)
<use ./trig/angulo_vision.png>
Package pdftex.def Info: ./trig/angulo_vision.png  used on input line 857.
(pdftex.def)             Requested size: 284.52756pt x 161.60791pt.
) (trigonometria_analitica.tex [120 <./trig/angulo_vision.png>]
<./trig/sull0628.png, id=1787, 456.20438pt x 152.06813pt>
File: ./trig/sull0628.png Graphic file (type png)
<use ./trig/sull0628.png>
Package pdftex.def Info: ./trig/sull0628.png  used on input line 44.
(pdftex.def)             Requested size: 312.9803pt x 104.32846pt.

Overfull \hbox (0.9803pt too wide) in paragraph at lines 44--47
 [][] 
 []

[121 <./trig/sull0628.png>]
<./trig/sull0641.png, id=1800, 230.36063pt x 213.04594pt>
File: ./trig/sull0641.png Graphic file (type png)
<use ./trig/sull0641.png>
Package pdftex.def Info: ./trig/sull0641.png  used on input line 145.
(pdftex.def)             Requested size: 246.13542pt x 227.62204pt.
<./trig/sull0642.png, id=1801, 247.67531pt x 203.25937pt>
File: ./trig/sull0642.png Graphic file (type png)
<use ./trig/sull0642.png>
Package pdftex.def Info: ./trig/sull0642.png  used on input line 163.
(pdftex.def)             Requested size: 277.37177pt x 227.62204pt.

Overfull \hbox (6.5086pt too wide) in paragraph at lines 175--177
[]\T1/lmr/m/n/10 Paridad e im-pa-ri-dad Por un la-do, una fun-cin $\OML/lmm/m/
it/10 f\OT1/zplm/m/n/10 (\OML/lmm/m/it/10 \OT1/zplm/m/n/10 )$ \T1/lmr/m/n/10 e
s par si $\OML/lmm/m/it/10 f\OT1/zplm/m/n/10 (\OMS/lmsy/m/n/10  \OML/lmm/m/it/1
0 \OT1/zplm/m/n/10 ) = 
 []

<./trig/sull0443.png, id=1802, 240.9pt x 205.5178pt>
File: ./trig/sull0443.png Graphic file (type png)
<use ./trig/sull0443.png>
Package pdftex.def Info: ./trig/sull0443.png  used on input line 181.
(pdftex.def)             Requested size: 266.81033pt x 227.62204pt.
[122] [123 <./trig/sull0641.png> <./trig/sull0642.png>] [124 <./trig/sull0443.p
ng>]) ([Precálculo].bbl [125] [126

]
Cap\'{\i }tulo 9.
) [127] ([Precálculo].aux
LaTeX Info: Redefining \. on input line 23.
LaTeX Info: Redefining \% on input line 23.
)

LaTeX Warning: There were undefined references.


LaTeX Warning: There were multiply-defined labels.

Package rerunfilecheck Info: File `[Precálculo].out' has not changed.
(rerunfilecheck)             Checksum: 10DFBFB5000C614CCF11FF916280554F;7835.
 ) 
Here is how much of TeX's memory you used:
 31666 strings out of 479163
 564890 string characters out of 2853998
 1109265 words of memory out of 3000000
 47284 multiletter control sequences out of 15000+600000
 567990 words of font info for 177 fonts, out of 8000000 for 9000
 1141 hyphenation exceptions out of 8191
 94i,17n,94p,573b,1350s stack positions out of 5000i,500n,10000p,200000b,80000s
{C:/Users/julih/AppData/Local/Programs/MiKTeX/fonts/enc/dvips/lm/lm-mathsy.en
c}{C:/Users/julih/AppData/Local/Programs/MiKTeX/fonts/enc/dvips/lm/lm-mathit.en
c}{C:/Users/julih/AppData/Local/Programs/MiKTeX/fonts/enc/dvips/lm/lm-ec.enc}{C
:/Users/julih/AppData/Local/Programs/MiKTeX/fonts/enc/dvips/lm/lm-mathex.enc}{C
:/Users/julih/AppData/Local/Programs/MiKTeX/fonts/enc/dvips/lm/lm-rm.enc}{C:/Us
ers/julih/AppData/Local/Programs/MiKTeX/fonts/enc/dvips/base/8r.enc}<C:/Users/j
ulih/AppData/Local/Programs/MiKTeX/fonts/type1/public/amsfonts/cm/cmr10.pfb><C:
/Users/julih/AppData/Local/Programs/MiKTeX/fonts/type1/public/amsfonts/euler/eu
fm10.pfb><C:/Users/julih/AppData/Local/Programs/MiKTeX/fonts/type1/public/mathp
azo/fplmbb.pfb><C:/Users/julih/AppData/Local/Programs/MiKTeX/fonts/type1/public
/mathpazo/fplmr.pfb><C:/Users/julih/AppData/Local/Programs/MiKTeX/fonts/type1/p
ublic/lm/lmbx10.pfb><C:/Users/julih/AppData/Local/Programs/MiKTeX/fonts/type1/p
ublic/lm/lmbx8.pfb><C:/Users/julih/AppData/Local/Programs/MiKTeX/fonts/type1/pu
blic/lm/lmcsc10.pfb><C:/Users/julih/AppData/Local/Programs/MiKTeX/fonts/type1/p
ublic/lm/lmex10.pfb><C:/Users/julih/AppData/Local/Programs/MiKTeX/fonts/type1/p
ublic/lm/lmmi10.pfb><C:/Users/julih/AppData/Local/Programs/MiKTeX/fonts/type1/p
ublic/lm/lmmi6.pfb><C:/Users/julih/AppData/Local/Programs/MiKTeX/fonts/type1/pu
blic/lm/lmmi8.pfb><C:/Users/julih/AppData/Local/Programs/MiKTeX/fonts/type1/pub
lic/lm/lmr10.pfb><C:/Users/julih/AppData/Local/Programs/MiKTeX/fonts/type1/publ
ic/lm/lmr12.pfb><C:/Users/julih/AppData/Local/Programs/MiKTeX/fonts/type1/publi
c/lm/lmr5.pfb><C:/Users/julih/AppData/Local/Programs/MiKTeX/fonts/type1/public/
lm/lmr6.pfb><C:/Users/julih/AppData/Local/Programs/MiKTeX/fonts/type1/public/lm
/lmr8.pfb><C:/Users/julih/AppData/Local/Programs/MiKTeX/fonts/type1/public/lm/l
mri10.pfb><C:/Users/julih/AppData/Local/Programs/MiKTeX/fonts/type1/public/lm/l
mri12.pfb><C:/Users/julih/AppData/Local/Programs/MiKTeX/fonts/type1/public/lm/l
mri8.pfb><C:/Users/julih/AppData/Local/Programs/MiKTeX/fonts/type1/public/lm/lm
ss12.pfb><C:/Users/julih/AppData/Local/Programs/MiKTeX/fonts/type1/public/lm/lm
ss17.pfb><C:/Users/julih/AppData/Local/Programs/MiKTeX/fonts/type1/public/lm/lm
sy10.pfb><C:/Users/julih/AppData/Local/Programs/MiKTeX/fonts/type1/public/lm/lm
sy6.pfb><C:/Users/julih/AppData/Local/Programs/MiKTeX/fonts/type1/public/lm/lms
y8.pfb><C:/Users/julih/AppData/Local/Programs/MiKTeX/fonts/type1/public/lm/lmtt
10.pfb><C:/Users/julih/AppData/Local/Programs/MiKTeX/fonts/type1/public/lm/lmtt
8.pfb><C:/Users/julih/AppData/Local/Programs/MiKTeX/fonts/type1/public/lm/lmtti
10.pfb><C:/Users/julih/AppData/Local/Programs/MiKTeX/fonts/type1/public/amsfont
s/symbols/msam10.pfb><C:/Users/julih/AppData/Local/Programs/MiKTeX/fonts/type1/
public/amsfonts/symbols/msbm10.pfb><C:/Users/julih/AppData/Local/Programs/MiKTe
X/fonts/type1/urw/palatino/uplr8a.pfb>
Output written on [Precálculo].pdf (127 pages, 3377830 bytes).
PDF statistics:
 2172 PDF objects out of 2487 (max. 8388607)
 1084 named destinations out of 1200 (max. 500000)
 3212 words of extra memory for PDF output out of 10000 (max. 10000000)

