This is pdfTeX, Version 3.141592653-2.6-1.40.24 (MiKTeX 22.8.28) (preloaded format=pdflatex 2022.9.26)  28 DEC 2022 22:36
entering extended mode
 restricted \write18 enabled.
 %&-line parsing enabled.
**./[Precálculo].tex
([Precálculo].tex
LaTeX2e <2022-06-01> patch level 5
L3 programming layer <2022-08-30>
(C:\Users\julih\AppData\Local\Programs\MiKTeX\tex/latex/tufte-latex\tufte-book.
cls
Document Class: tufte-book 2015/06/21 v3.5.2 Tufte-book class

(C:\Users\julih\AppData\Local\Programs\MiKTeX\tex/latex/tufte-latex\tufte-commo
n.def
File: tufte-common.def 2015/06/21 v3.5.2 Common code for the Tufte-LaTeX styles


(C:\Users\julih\AppData\Local\Programs\MiKTeX\tex/latex/xkeyval\xkeyval.sty
Package: xkeyval 2022/06/16 v2.9 package option processing (HA)

(C:\Users\julih\AppData\Local\Programs\MiKTeX\tex/generic/xkeyval\xkeyval.tex
(C:\Users\julih\AppData\Local\Programs\MiKTeX\tex/generic/xkeyval\xkvutils.tex
\XKV@toks=\toks16
\XKV@tempa@toks=\toks17

(C:\Users\julih\AppData\Local\Programs\MiKTeX\tex/generic/xkeyval\keyval.tex))
\XKV@depth=\count185
File: xkeyval.tex 2014/12/03 v2.7a key=value parser (HA)
)) (C:\Users\julih\AppData\Local\Programs\MiKTeX\tex/latex/xifthen\xifthen.sty
Package: xifthen 2015/11/05 v1.4.0 Extended ifthen features

(C:\Users\julih\AppData\Local\Programs\MiKTeX\tex/latex/tools\calc.sty
Package: calc 2017/05/25 v4.3 Infix arithmetic (KKT,FJ)
\calc@Acount=\count186
\calc@Bcount=\count187
\calc@Adimen=\dimen138
\calc@Bdimen=\dimen139
\calc@Askip=\skip47
\calc@Bskip=\skip48
LaTeX Info: Redefining \setlength on input line 80.
LaTeX Info: Redefining \addtolength on input line 81.
\calc@Ccount=\count188
\calc@Cskip=\skip49
)
(C:\Users\julih\AppData\Local\Programs\MiKTeX\tex/latex/base\ifthen.sty
Package: ifthen 2022/04/13 v1.1d Standard LaTeX ifthen package (DPC)
)
(C:\Users\julih\AppData\Local\Programs\MiKTeX\tex/latex/ifmtarg\ifmtarg.sty
Package: ifmtarg 2018/04/16 v1.2b check for an empty argument
))
(C:\Users\julih\AppData\Local\Programs\MiKTeX\tex/latex/hardwrap\hardwrap.sty
Package: hardwrap 2011/02/12 v0.2 Hard wrap messages

(C:\Users\julih\AppData\Local\Programs\MiKTeX\tex/latex/ifplatform\ifplatform.s
ty
Package: ifplatform 2017/10/13 v0.4a Testing for the operating system
 (C:\Users\julih\AppData\Local\Programs\MiKTeX\tex/latex/tools\shellesc.sty
Package: shellesc 2019/11/08 v1.0c unified shell escape interface for LaTeX
Package shellesc Info: Restricted shell escape enabled on input line 77.
)
(C:\Users\julih\AppData\Local\Programs\MiKTeX\tex/generic/pdftexcmds\pdftexcmds
.sty
Package: pdftexcmds 2020-06-27 v0.33 Utility functions of pdfTeX for LuaTeX (HO
)

(C:\Users\julih\AppData\Local\Programs\MiKTeX\tex/generic/infwarerr\infwarerr.s
ty
Package: infwarerr 2019/12/03 v1.5 Providing info/warning/error messages (HO)
) (C:\Users\julih\AppData\Local\Programs\MiKTeX\tex/generic/iftex\iftex.sty
Package: iftex 2022/02/03 v1.0f TeX engine tests
)
(C:\Users\julih\AppData\Local\Programs\MiKTeX\tex/generic/ltxcmds\ltxcmds.sty
Package: ltxcmds 2020-05-10 v1.25 LaTeX kernel commands for general use (HO)
)
Package pdftexcmds Info: \pdf@primitive is available.
Package pdftexcmds Info: \pdf@ifprimitive is available.
Package pdftexcmds Info: \pdfdraftmode found.
)
(C:\Users\julih\AppData\Local\Programs\MiKTeX\tex/generic/catchfile\catchfile.s
ty
Package: catchfile 2019/12/09 v1.8 Catch the contents of a file (HO)

(C:\Users\julih\AppData\Local\Programs\MiKTeX\tex/generic/etexcmds\etexcmds.sty
Package: etexcmds 2019/12/15 v1.7 Avoid name clashes with e-TeX commands (HO)
)) (C:\Users\julih\AppData\Local\Programs\MiKTeX\tex/generic/iftex\ifluatex.sty
Package: ifluatex 2019/10/25 v1.5 ifluatex legacy package. Use iftex instead.
)

Package ifplatform Warning: 
    shell escape is disabled, so I can only detect \ifwindows.

) (C:\Users\julih\AppData\Local\Programs\MiKTeX\tex/generic/iftex\ifxetex.sty
Package: ifxetex 2019/10/25 v0.7 ifxetex legacy package. Use iftex instead.
)
\hw@charcount=\count189
\hw@wordcount=\count190
\hw@maxprintline=\count191
)
Class tufte-book Info: Loading the base class `book'
(C:\Users\julih\AppData\Local\Programs\MiKTeX\tex/latex/base\book.cls
Document Class: book 2021/10/04 v1.4n Standard LaTeX document class
(C:\Users\julih\AppData\Local\Programs\MiKTeX\tex/latex/base\bk10.clo
File: bk10.clo 2021/10/04 v1.4n Standard LaTeX file (size option)
)
\c@part=\count192
\c@chapter=\count193
\c@section=\count194
\c@subsection=\count195
\c@subsubsection=\count196
\c@paragraph=\count197
\c@subparagraph=\count198
\c@figure=\count199
\c@table=\count266
\abovecaptionskip=\skip50
\belowcaptionskip=\skip51
\bibindent=\dimen140
)
(C:\Users\julih\AppData\Local\Programs\MiKTeX\tex/generic/iftex\ifpdf.sty
Package: ifpdf 2019/10/25 v3.4 ifpdf legacy package. Use iftex instead.
)
(C:\Users\julih\AppData\Local\Programs\MiKTeX\tex/latex/titlesec\titlesec.sty
Package: titlesec 2021/07/05 v2.14 Sectioning titles
\ttl@box=\box51
\beforetitleunit=\skip52
\aftertitleunit=\skip53
\ttl@plus=\dimen141
\ttl@minus=\dimen142
\ttl@toksa=\toks18
\titlewidth=\dimen143
\titlewidthlast=\dimen144
\titlewidthfirst=\dimen145
)
(C:\Users\julih\AppData\Local\Programs\MiKTeX\tex/latex/titlesec\titletoc.sty
Package: titletoc 2021/07/05 v2.14 TOC entries
\ttl@leftsep=\dimen146
)
(C:\Users\julih\AppData\Local\Programs\MiKTeX\tex/latex/hyperref\hyperref.sty
Package: hyperref 2022-09-22 v7.00t Hypertext links for LaTeX

(C:\Users\julih\AppData\Local\Programs\MiKTeX\tex/generic/kvsetkeys\kvsetkeys.s
ty
Package: kvsetkeys 2019/12/15 v1.18 Key value parser (HO)
)
(C:\Users\julih\AppData\Local\Programs\MiKTeX\tex/generic/kvdefinekeys\kvdefine
keys.sty
Package: kvdefinekeys 2019-12-19 v1.6 Define keys (HO)
)
(C:\Users\julih\AppData\Local\Programs\MiKTeX\tex/generic/pdfescape\pdfescape.s
ty
Package: pdfescape 2019/12/09 v1.15 Implements pdfTeX's escape features (HO)
) (C:\Users\julih\AppData\Local\Programs\MiKTeX\tex/latex/hycolor\hycolor.sty
Package: hycolor 2020-01-27 v1.10 Color options for hyperref/bookmark (HO)
)
(C:\Users\julih\AppData\Local\Programs\MiKTeX\tex/latex/letltxmacro\letltxmacro
.sty
Package: letltxmacro 2019/12/03 v1.6 Let assignment for LaTeX macros (HO)
)
(C:\Users\julih\AppData\Local\Programs\MiKTeX\tex/latex/auxhook\auxhook.sty
Package: auxhook 2019-12-17 v1.6 Hooks for auxiliary files (HO)
)
(C:\Users\julih\AppData\Local\Programs\MiKTeX\tex/latex/hyperref\nameref.sty
Package: nameref 2022-05-17 v2.50 Cross-referencing by name of section

(C:\Users\julih\AppData\Local\Programs\MiKTeX\tex/latex/refcount\refcount.sty
Package: refcount 2019/12/15 v3.6 Data extraction from label references (HO)
)
(C:\Users\julih\AppData\Local\Programs\MiKTeX\tex/generic/gettitlestring\gettit
lestring.sty
Package: gettitlestring 2019/12/15 v1.6 Cleanup title references (HO)

(C:\Users\julih\AppData\Local\Programs\MiKTeX\tex/latex/kvoptions\kvoptions.sty
Package: kvoptions 2022-06-15 v3.15 Key value format for package options (HO)
))
\c@section@level=\count267
)
\@linkdim=\dimen147
\Hy@linkcounter=\count268
\Hy@pagecounter=\count269
 (C:\Users\julih\AppData\Local\Programs\MiKTeX\tex/latex/hyperref\pd1enc.def
File: pd1enc.def 2022-09-22 v7.00t Hyperref: PDFDocEncoding definition (HO)
Now handling font encoding PD1 ...
... no UTF-8 mapping file for font encoding PD1
) (C:\Users\julih\AppData\Local\Programs\MiKTeX\tex/generic/intcalc\intcalc.sty
Package: intcalc 2019/12/15 v1.3 Expandable calculations with integers (HO)
)
\Hy@SavedSpaceFactor=\count270
 (C:\Users\julih\AppData\Local\Programs\MiKTeX\tex/latex/hyperref\puenc.def
File: puenc.def 2022-09-22 v7.00t Hyperref: PDF Unicode definition (HO)
Now handling font encoding PU ...
... no UTF-8 mapping file for font encoding PU
)
Package hyperref Info: Option `unicode' set `true' on input line 4045.
Package hyperref Info: Option `hyperfootnotes' set `false' on input line 4045.
Package hyperref Info: Hyper figures OFF on input line 4162.
Package hyperref Info: Link nesting OFF on input line 4167.
Package hyperref Info: Hyper index ON on input line 4170.
Package hyperref Info: Plain pages OFF on input line 4177.
Package hyperref Info: Backreferencing OFF on input line 4182.
Package hyperref Info: Implicit mode ON; LaTeX internals redefined.
\stockwidth=\dimen148
\stockheight=\dimen149
Package hyperref Info: Bookmarks ON on input line 4410.
\c@Hy@tempcnt=\count271

(C:\Users\julih\AppData\Local\Programs\MiKTeX\tex/latex/url\url.sty
\Urlmuskip=\muskip16
Package: url 2013/09/16  ver 3.4  Verb mode for urls, etc.
)
LaTeX Info: Redefining \url on input line 4748.
\XeTeXLinkMargin=\dimen150

(C:\Users\julih\AppData\Local\Programs\MiKTeX\tex/generic/bitset\bitset.sty
Package: bitset 2019/12/09 v1.3 Handle bit-vector datatype (HO)

(C:\Users\julih\AppData\Local\Programs\MiKTeX\tex/generic/bigintcalc\bigintcalc
.sty
Package: bigintcalc 2019/12/15 v1.5 Expandable calculations on big integers (HO
)
))
\Fld@menulength=\count272
\Field@Width=\dimen151
\Fld@charsize=\dimen152
Package hyperref Info: Hyper figures OFF on input line 6027.
Package hyperref Info: Link nesting OFF on input line 6032.
Package hyperref Info: Hyper index ON on input line 6035.
Package hyperref Info: backreferencing OFF on input line 6042.
Package hyperref Info: Link coloring OFF on input line 6047.
Package hyperref Info: Link coloring with OCG OFF on input line 6052.
Package hyperref Info: PDF/A mode OFF on input line 6057.

(C:\Users\julih\AppData\Local\Programs\MiKTeX\tex/latex/base\atbegshi-ltx.sty
Package: atbegshi-ltx 2021/01/10 v1.0c Emulation of the original atbegshi
package with kernel methods
)
\Hy@abspage=\count273
\c@Item=\count274
)
Package hyperref Info: Driver (autodetected): hpdftex.
(C:\Users\julih\AppData\Local\Programs\MiKTeX\tex/latex/hyperref\hpdftex.def
File: hpdftex.def 2022-09-22 v7.00t Hyperref driver for pdfTeX

(C:\Users\julih\AppData\Local\Programs\MiKTeX\tex/latex/base\atveryend-ltx.sty
Package: atveryend-ltx 2020/08/19 v1.0a Emulation of the original atveryend pac
kage
with kernel methods
)
\Fld@listcount=\count275
\c@bookmark@seq@number=\count276

(C:\Users\julih\AppData\Local\Programs\MiKTeX\tex/latex/rerunfilecheck\rerunfil
echeck.sty
Package: rerunfilecheck 2022-07-10 v1.10 Rerun checks for auxiliary files (HO)

(C:\Users\julih\AppData\Local\Programs\MiKTeX\tex/generic/uniquecounter\uniquec
ounter.sty
Package: uniquecounter 2019/12/15 v1.4 Provide unlimited unique counter (HO)
)
Package uniquecounter Info: New unique counter `rerunfilecheck' on input line 2
85.
)
\Hy@SectionHShift=\skip54
)
(C:\Users\julih\AppData\Local\Programs\MiKTeX\tex/latex/ragged2e\ragged2e.sty
Package: ragged2e 2021/12/15 v3.1 ragged2e Package
\CenteringLeftskip=\skip55
\RaggedLeftLeftskip=\skip56
\RaggedRightLeftskip=\skip57
\CenteringRightskip=\skip58
\RaggedLeftRightskip=\skip59
\RaggedRightRightskip=\skip60
\CenteringParfillskip=\skip61
\RaggedLeftParfillskip=\skip62
\RaggedRightParfillskip=\skip63
\JustifyingParfillskip=\skip64
\CenteringParindent=\skip65
\RaggedLeftParindent=\skip66
\RaggedRightParindent=\skip67
\JustifyingParindent=\skip68
)
(C:\Users\julih\AppData\Local\Programs\MiKTeX\tex/latex/geometry\geometry.sty
Package: geometry 2020/01/02 v5.9 Page Geometry

(C:\Users\julih\AppData\Local\Programs\MiKTeX\tex/generic/iftex\ifvtex.sty
Package: ifvtex 2019/10/25 v1.7 ifvtex legacy package. Use iftex instead.
)
\Gm@cnth=\count277
\Gm@cntv=\count278
\c@Gm@tempcnt=\count279
\Gm@bindingoffset=\dimen153
\Gm@wd@mp=\dimen154
\Gm@odd@mp=\dimen155
\Gm@even@mp=\dimen156
\Gm@layoutwidth=\dimen157
\Gm@layoutheight=\dimen158
\Gm@layouthoffset=\dimen159
\Gm@layoutvoffset=\dimen160
\Gm@dimlist=\toks19

(C:\Users\julih\AppData\Local\Programs\MiKTeX\tex/latex/geometry\geometry.cfg))

(C:\Users\julih\AppData\Local\Programs\MiKTeX\tex/latex/changepage\changepage.s
ty
Package: changepage 2009/10/20 v1.0c check page and change page layout
\c@cp@cntr=\count280
\cp@tempcnt=\count281
)
\@tufte@overhang=\skip69
\@tufte@fullwidth=\skip70
\@tufte@caption@fill=\skip71

(C:\Users\julih\AppData\Local\Programs\MiKTeX\tex/latex/paralist\paralist.sty
Package: paralist 2017/01/22 v2.7 Extended list environments
\pltopsep=\skip72
\plpartopsep=\skip73
\plitemsep=\skip74
\plparsep=\skip75
\pl@lab=\toks20
)
(C:\Users\julih\AppData\Local\Programs\MiKTeX\tex/latex/textcase\textcase.sty
Package: textcase 2022/07/10 v1.03 Text only upper/lower case changing (DPC)
Package textcase Info: Defining Legacy names on input line 20.
)
(C:\Users\julih\AppData\Local\Programs\MiKTeX\tex/latex/microtype\letterspace.s
ty
Package: letterspace 2022/06/23 v3.0f Robust letterspacing (RS)
LaTeX Info: Redefining \lsstyle on input line 340.
LaTeX Info: Redefining \lslig on input line 341.
LaTeX Info: Redefining \textls on input line 369.
\MT@outer@kern=\dimen161
)
(C:\Users\julih\AppData\Local\Programs\MiKTeX\tex/latex/setspace\setspace.sty
Package: setspace 2011/12/19 v6.7a set line spacing
)
(C:\Users\julih\AppData\Local\Programs\MiKTeX\tex/latex/xcolor\xcolor.sty
Package: xcolor 2022/06/12 v2.14 LaTeX color extensions (UK)

(C:\Users\julih\AppData\Local\Programs\MiKTeX\tex/latex/graphics-cfg\color.cfg
File: color.cfg 2016/01/02 v1.6 sample color configuration
)
Package xcolor Info: Package option `usenames' ignored on input line 218.
Package xcolor Info: Driver file: pdftex.def on input line 227.

(C:\Users\julih\AppData\Local\Programs\MiKTeX\tex/latex/graphics-def\pdftex.def
File: pdftex.def 2020/10/05 v1.2a Graphics/color driver for pdftex
)
(C:\Users\julih\AppData\Local\Programs\MiKTeX\tex/latex-dev/graphics\mathcolor.
ltx)
Package xcolor Info: Model `cmy' substituted by `cmy0' on input line 1353.
Package xcolor Info: Model `hsb' substituted by `rgb' on input line 1357.
Package xcolor Info: Model `RGB' extended on input line 1369.
Package xcolor Info: Model `HTML' substituted by `rgb' on input line 1371.
Package xcolor Info: Model `Hsb' substituted by `hsb' on input line 1372.
Package xcolor Info: Model `tHsb' substituted by `hsb' on input line 1373.
Package xcolor Info: Model `HSB' substituted by `hsb' on input line 1374.
Package xcolor Info: Model `Gray' substituted by `gray' on input line 1375.
Package xcolor Info: Model `wave' substituted by `hsb' on input line 1376.

(C:\Users\julih\AppData\Local\Programs\MiKTeX\tex/latex/graphics\dvipsnam.def
File: dvipsnam.def 2016/06/17 v3.0m Driver-dependent file (DPC,SPQR)
)
(C:\Users\julih\AppData\Local\Programs\MiKTeX\tex/latex/xcolor\svgnam.def
File: svgnam.def 2022/06/12 v2.14 Predefined colors according to SVG 1.1 (UK)
))
(C:\Users\julih\AppData\Local\Programs\MiKTeX\tex/latex/natbib\natbib.sty
Package: natbib 2010/09/13 8.31b (PWD, AO)
\bibhang=\skip76
\bibsep=\skip77
LaTeX Info: Redefining \cite on input line 694.
\c@NAT@ctr=\count282
)
(C:\Users\julih\AppData\Local\Programs\MiKTeX\tex/latex/natbib\bibentry.sty
Package: bibentry 2007/10/30 1.5 (PWD)
)
([Precálculo].bbl)
\c@@tufte@num@bibkeys=\count283

(C:\Users\julih\AppData\Local\Programs\MiKTeX\tex/latex/sauerj\optparams.sty
Package: optparams 2004/08/14 v0.9 multiple optional parameters in macros
)
\@tufte@sidenote@vertical@offset=\skip78

(C:\Users\julih\AppData\Local\Programs\MiKTeX\tex/latex/placeins\placeins.sty
Package: placeins 2005/04/18  v 2.2
)
\@tufte@margin@floatbox=\box52
\@tufte@figure@box=\box53
\@tufte@caption@box=\box54
\@tufte@caption@vertical@offset=\skip79
\@tufte@float@contents@width=\skip80

(C:\Users\julih\AppData\Local\Programs\MiKTeX\tex/latex/psnfss\mathpazo.sty
Package: mathpazo 2020/03/25 PSNFSS-v9.3 Palatino w/ Pazo Math (D.Puga, WaS) 
\symupright=\mathgroup4
)
(C:\Users\julih\AppData\Local\Programs\MiKTeX\tex/latex/psnfss\helvet.sty
Package: helvet 2020/03/25 PSNFSS-v9.3 (WaS) 
)
(C:\Users\julih\AppData\Local\Programs\MiKTeX\tex/latex/bera\beramono.sty
Package: beramono 2004/01/31 (WaS)
)
(C:\Users\julih\AppData\Local\Programs\MiKTeX\tex/latex/base\fontenc.sty
Package: fontenc 2021/04/29 v2.0v Standard LaTeX package
LaTeX Font Info:    Trying to load font information for T1+pplj on input line 1
12.

(C:\Users\julih\AppData\Local\Programs\MiKTeX\tex/latex/psnfss\t1pplj.fd
File: t1pplj.fd 2004/09/06 font definitions for T1/pplj.
))
(C:\Users\julih\AppData\Local\Programs\MiKTeX\tex/latex/base\textcomp.sty
Package: textcomp 2020/02/02 v2.0n Standard LaTeX package
)
(C:\Users\julih\AppData\Local\Programs\MiKTeX\tex/latex/fancyhdr\fancyhdr.sty
Package: fancyhdr 2022/05/18 v4.0.3 Extensive control of page headers and foote
rs
\f@nch@headwidth=\skip81
\f@nch@O@elh=\skip82
\f@nch@O@erh=\skip83
\f@nch@O@olh=\skip84
\f@nch@O@orh=\skip85
\f@nch@O@elf=\skip86
\f@nch@O@erf=\skip87
\f@nch@O@olf=\skip88
\f@nch@O@orf=\skip89
)
\tufteskipamount=\skip90

(C:\Users\julih\AppData\Local\Programs\MiKTeX\tex/latex/tools\multicol.sty
Package: multicol 2021/10/28 v1.9b multicolumn formatting (FMi)
\c@tracingmulticols=\count284
\mult@box=\box55
\multicol@leftmargin=\dimen162
\c@unbalance=\count285
\c@collectmore=\count286
\doublecol@number=\count287
\multicoltolerance=\count288
\multicolpretolerance=\count289
\full@width=\dimen163
\page@free=\dimen164
\premulticols=\dimen165
\postmulticols=\dimen166
\multicolsep=\skip91
\multicolbaselineskip=\skip92
\partial@page=\box56
\last@line=\box57
\maxbalancingoverflow=\dimen167
\mult@rightbox=\box58
\mult@grightbox=\box59
\mult@firstbox=\box60
\mult@gfirstbox=\box61
\@tempa=\box62
\@tempa=\box63
\@tempa=\box64
\@tempa=\box65
\@tempa=\box66
\@tempa=\box67
\@tempa=\box68
\@tempa=\box69
\@tempa=\box70
\@tempa=\box71
\@tempa=\box72
\@tempa=\box73
\@tempa=\box74
\@tempa=\box75
\@tempa=\box76
\@tempa=\box77
\@tempa=\box78
\@tempa=\box79
\@tempa=\box80
\@tempa=\box81
\@tempa=\box82
\@tempa=\box83
\@tempa=\box84
\@tempa=\box85
\@tempa=\box86
\@tempa=\box87
\@tempa=\box88
\@tempa=\box89
\@tempa=\box90
\@tempa=\box91
\@tempa=\box92
\@tempa=\box93
\@tempa=\box94
\@tempa=\box95
\@tempa=\box96
\@tempa=\box97
\c@minrows=\count290
\c@columnbadness=\count291
\c@finalcolumnbadness=\count292
\last@try=\dimen168
\multicolovershoot=\dimen169
\multicolundershoot=\dimen170
\mult@nat@firstbox=\box98
\colbreak@box=\box99
\mc@col@check@num=\count293
)))
(_tufte.tex
(C:\Users\julih\AppData\Local\Programs\MiKTeX\tex/latex/amscls\amsthm.sty
Package: amsthm 2020/05/29 v2.20.6
\thm@style=\toks21
\thm@bodyfont=\toks22
\thm@headfont=\toks23
\thm@notefont=\toks24
\thm@headpunct=\toks25
\thm@preskip=\skip93
\thm@postskip=\skip94
\thm@headsep=\skip95
\dth@everypar=\toks26
)
(C:\Users\julih\AppData\Local\Programs\MiKTeX\tex/latex/thmtools\thmtools.sty
Package: thmtools 2022/06/01 v0.73
\thmt@toks=\toks27
\c@thmt@dummyctr=\count294

(C:\Users\julih\AppData\Local\Programs\MiKTeX\tex/latex/thmtools\thm-patch.sty
Package: thm-patch 2022/06/01 v0.73

(C:\Users\julih\AppData\Local\Programs\MiKTeX\tex/latex/thmtools\parseargs.sty
Package: parseargs 2022/06/01 v0.73
\@parsespec=\toks28
)) (C:\Users\julih\AppData\Local\Programs\MiKTeX\tex/latex/thmtools\thm-kv.sty
Package: thm-kv 2022/06/01 v0.73
Package thm-kv Info: Theorem names will be uppercased on input line 42.
Package thm-kv Info: kvsetkeys patch (v1.16 or later) on input line 158.
)
(C:\Users\julih\AppData\Local\Programs\MiKTeX\tex/latex/thmtools\thm-autoref.st
y
Package: thm-autoref 2022/06/01 v0.73
 (C:\Users\julih\AppData\Local\Programs\MiKTeX\tex/latex/thmtools\aliasctr.sty
Package: aliasctr 2022/06/01 v0.73
))
(C:\Users\julih\AppData\Local\Programs\MiKTeX\tex/latex/thmtools\thm-listof.sty
Package: thm-listof 2022/06/01 v0.73
)
(C:\Users\julih\AppData\Local\Programs\MiKTeX\tex/latex/thmtools\thm-restate.st
y
Package: thm-restate 2022/06/01 v0.73
)
(C:\Users\julih\AppData\Local\Programs\MiKTeX\tex/latex/thmtools\thm-amsthm.sty
Package: thm-amsthm 2022/06/01 v0.73
\thmt@style@headstyle=\toks29
))
Package hyperref Info: Option `colorlinks' set `true' on input line 29.
Package hyperref Info: Option `frenchlinks' set `true' on input line 29.
\c@problema=\count295
\c@resuelto=\count296
\c@ejemplo=\count297
\c@teorema=\count298
\c@proposicion=\count299
\c@axioma=\count300
\c@sugerencia=\count301
\c@corolario=\count302
\c@tdv=\count303
) (_paquetes.tex
(C:\Users\julih\AppData\Local\Programs\MiKTeX\tex/latex/base\fontenc.sty
Package: fontenc 2021/04/29 v2.0v Standard LaTeX package
)
(C:\Users\julih\AppData\Local\Programs\MiKTeX\tex/latex/graphics\graphicx.sty
Package: graphicx 2021/09/16 v1.2d Enhanced LaTeX Graphics (DPC,SPQR)

(C:\Users\julih\AppData\Local\Programs\MiKTeX\tex/latex/graphics\graphics.sty
Package: graphics 2022/03/10 v1.4e Standard LaTeX Graphics (DPC,SPQR)

(C:\Users\julih\AppData\Local\Programs\MiKTeX\tex/latex/graphics\trig.sty
Package: trig 2021/08/11 v1.11 sin cos tan (DPC)
)
(C:\Users\julih\AppData\Local\Programs\MiKTeX\tex/latex/graphics-cfg\graphics.c
fg
File: graphics.cfg 2016/06/04 v1.11 sample graphics configuration
)
Package graphics Info: Driver file: pdftex.def on input line 107.
)
\Gin@req@height=\dimen171
\Gin@req@width=\dimen172
) (C:\Users\julih\AppData\Local\Programs\MiKTeX\tex/latex/base\inputenc.sty
Package: inputenc 2021/02/14 v1.3d Input encoding file
\inpenc@prehook=\toks30
\inpenc@posthook=\toks31
) (C:\Users\julih\AppData\Local\Programs\MiKTeX\tex/generic/babel\babel.sty
Package: babel 2022/09/17 3.80 The Babel package
\babel@savecnt=\count304
\U@D=\dimen173
\l@unhyphenated=\language79

(C:\Users\julih\AppData\Local\Programs\MiKTeX\tex/generic/babel\txtbabel.def)
\bbl@readstream=\read2
\bbl@dirlevel=\count305

*************************************
* Local config file bblopts.cfg used
*
(C:\Users\julih\AppData\Local\Programs\MiKTeX\tex/latex/arabi\bblopts.cfg
File: bblopts.cfg 2005/09/08 v0.1 add Arabic and Farsi to "declared" options of
 babel
)
(C:\Users\julih\AppData\Local\Programs\MiKTeX\tex/latex/babel-spanish\spanish.l
df
Language: spanish.ldf 2021/05/27 v5.0q Spanish support from the babel system
\es@quottoks=\toks32
\es@quotdepth=\count306
Package babel Info: Making " an active character on input line 570.
))
(C:\Users\julih\AppData\Local\Programs\MiKTeX\tex/generic/babel/locale/es\babel
-spanish.tex
Package babel Info: Importing font and identification data for spanish
(babel)             from babel-es.ini. Reported on input line 11.
)
(C:\Users\julih\AppData\Local\Programs\MiKTeX\tex/latex/base\fontenc.sty
Package: fontenc 2021/04/29 v2.0v Standard LaTeX package
)
(C:\Users\julih\AppData\Local\Programs\MiKTeX\tex/latex/amsmath\amsmath.sty
Package: amsmath 2022/04/08 v2.17n AMS math features
\@mathmargin=\skip96

For additional information on amsmath, use the `?' option.
(C:\Users\julih\AppData\Local\Programs\MiKTeX\tex/latex/amsmath\amstext.sty
Package: amstext 2021/08/26 v2.01 AMS text

(C:\Users\julih\AppData\Local\Programs\MiKTeX\tex/latex/amsmath\amsgen.sty
File: amsgen.sty 1999/11/30 v2.0 generic functions
\@emptytoks=\toks33
\ex@=\dimen174
))
(C:\Users\julih\AppData\Local\Programs\MiKTeX\tex/latex/amsmath\amsbsy.sty
Package: amsbsy 1999/11/29 v1.2d Bold Symbols
\pmbraise@=\dimen175
)
(C:\Users\julih\AppData\Local\Programs\MiKTeX\tex/latex/amsmath\amsopn.sty
Package: amsopn 2022/04/08 v2.04 operator names
)
\inf@bad=\count307
LaTeX Info: Redefining \frac on input line 234.
\uproot@=\count308
\leftroot@=\count309
LaTeX Info: Redefining \overline on input line 399.
LaTeX Info: Redefining \colon on input line 410.
\classnum@=\count310
\DOTSCASE@=\count311
LaTeX Info: Redefining \ldots on input line 496.
LaTeX Info: Redefining \dots on input line 499.
LaTeX Info: Redefining \cdots on input line 620.
\Mathstrutbox@=\box100
\strutbox@=\box101
LaTeX Info: Redefining \big on input line 722.
LaTeX Info: Redefining \Big on input line 723.
LaTeX Info: Redefining \bigg on input line 724.
LaTeX Info: Redefining \Bigg on input line 725.
\big@size=\dimen176
LaTeX Font Info:    Redeclaring font encoding OML on input line 743.
LaTeX Font Info:    Redeclaring font encoding OMS on input line 744.
\macc@depth=\count312
LaTeX Info: Redefining \bmod on input line 905.
LaTeX Info: Redefining \pmod on input line 910.
LaTeX Info: Redefining \smash on input line 940.
LaTeX Info: Redefining \relbar on input line 970.
LaTeX Info: Redefining \Relbar on input line 971.
\c@MaxMatrixCols=\count313
\dotsspace@=\muskip17
\c@parentequation=\count314
\dspbrk@lvl=\count315
\tag@help=\toks34
\row@=\count316
\column@=\count317
\maxfields@=\count318
\andhelp@=\toks35
\eqnshift@=\dimen177
\alignsep@=\dimen178
\tagshift@=\dimen179
\tagwidth@=\dimen180
\totwidth@=\dimen181
\lineht@=\dimen182
\@envbody=\toks36
\multlinegap=\skip97
\multlinetaggap=\skip98
\mathdisplay@stack=\toks37
LaTeX Info: Redefining \[ on input line 2953.
LaTeX Info: Redefining \] on input line 2954.
)
(C:\Users\julih\AppData\Local\Programs\MiKTeX\tex/latex/amsfonts\amssymb.sty
Package: amssymb 2013/01/14 v3.01 AMS font symbols

(C:\Users\julih\AppData\Local\Programs\MiKTeX\tex/latex/amsfonts\amsfonts.sty
Package: amsfonts 2013/01/14 v3.01 Basic AMSFonts support
\symAMSa=\mathgroup5
\symAMSb=\mathgroup6
LaTeX Font Info:    Redeclaring math symbol \hbar on input line 98.
LaTeX Font Info:    Overwriting math alphabet `\mathfrak' in version `bold'
(Font)                  U/euf/m/n --> U/euf/b/n on input line 106.
)) (C:\Users\julih\AppData\Local\Programs\MiKTeX\tex/latex/jknappen\mathrsfs.st
y
Package: mathrsfs 1996/01/01 Math RSFS package v1.0 (jk)
\symrsfs=\mathgroup7
) (C:\Users\julih\AppData\Local\Programs\MiKTeX\tex/latex/yfonts\yfonts.sty
Package: yfonts 2019/04/04 v1.4 (WaS&NP)
Now handling font encoding LY ...
... no UTF-8 mapping file for font encoding LY
Now handling font encoding LYG ...
... no UTF-8 mapping file for font encoding LYG
LaTeX Info: Composite with undeclared \" in encoding LYG on input line 58.
)
(C:\Users\julih\AppData\Local\Programs\MiKTeX\tex/latex/tools\enumerate.sty
Package: enumerate 2015/07/23 v3.00 enumerate extensions (DPC)
\@enLab=\toks38
)
(C:\Users\julih\AppData\Local\Programs\MiKTeX\tex/latex/mathtools\mathtools.sty
Package: mathtools 2022/06/29 v1.29 mathematical typesetting tools
(C:\Users\julih\AppData\Local\Programs\MiKTeX\tex/latex/mathtools\mhsetup.sty
Package: mhsetup 2021/03/18 v1.4 programming setup (MH)
)
\g_MT_multlinerow_int=\count319
\l_MT_multwidth_dim=\dimen183
\origjot=\skip99
\l_MT_shortvdotswithinadjustabove_dim=\dimen184
\l_MT_shortvdotswithinadjustbelow_dim=\dimen185
\l_MT_above_intertext_sep=\dimen186
\l_MT_below_intertext_sep=\dimen187
\l_MT_above_shortintertext_sep=\dimen188
\l_MT_below_shortintertext_sep=\dimen189
\xmathstrut@box=\box102
\xmathstrut@dim=\dimen190
) (C:\Users\julih\AppData\Local\Programs\MiKTeX\tex/latex/lm\lmodern.sty
Package: lmodern 2015/05/01 v1.6.1 Latin Modern Fonts
LaTeX Font Info:    Overwriting symbol font `operators' in version `normal'
(Font)                  OT1/pplx/m/n --> OT1/lmr/m/n on input line 22.
LaTeX Font Info:    Overwriting symbol font `letters' in version `normal'
(Font)                  OML/zplm/m/it --> OML/lmm/m/it on input line 23.
LaTeX Font Info:    Overwriting symbol font `symbols' in version `normal'
(Font)                  OMS/zplm/m/n --> OMS/lmsy/m/n on input line 24.
LaTeX Font Info:    Overwriting symbol font `largesymbols' in version `normal'
(Font)                  OMX/zplm/m/n --> OMX/lmex/m/n on input line 25.
LaTeX Font Info:    Overwriting symbol font `operators' in version `bold'
(Font)                  OT1/pplx/b/n --> OT1/lmr/bx/n on input line 26.
LaTeX Font Info:    Overwriting symbol font `letters' in version `bold'
(Font)                  OML/zplm/b/it --> OML/lmm/b/it on input line 27.
LaTeX Font Info:    Overwriting symbol font `symbols' in version `bold'
(Font)                  OMS/zplm/b/n --> OMS/lmsy/b/n on input line 28.
LaTeX Font Info:    Overwriting symbol font `largesymbols' in version `bold'
(Font)                  OMX/zplm/m/n --> OMX/lmex/m/n on input line 29.
LaTeX Font Info:    Overwriting math alphabet `\mathbf' in version `normal'
(Font)                  OT1/zplm/b/n --> OT1/lmr/bx/n on input line 31.
LaTeX Font Info:    Overwriting math alphabet `\mathsf' in version `normal'
(Font)                  OT1/cmss/m/n --> OT1/lmss/m/n on input line 32.
LaTeX Font Info:    Overwriting math alphabet `\mathit' in version `normal'
(Font)                  OT1/pplx/m/it --> OT1/lmr/m/it on input line 33.
LaTeX Font Info:    Overwriting math alphabet `\mathtt' in version `normal'
(Font)                  OT1/cmtt/m/n --> OT1/lmtt/m/n on input line 34.
LaTeX Font Info:    Overwriting math alphabet `\mathbf' in version `bold'
(Font)                  OT1/zplm/b/n --> OT1/lmr/bx/n on input line 35.
LaTeX Font Info:    Overwriting math alphabet `\mathsf' in version `bold'
(Font)                  OT1/cmss/bx/n --> OT1/lmss/bx/n on input line 36.
LaTeX Font Info:    Overwriting math alphabet `\mathit' in version `bold'
(Font)                  OT1/pplx/b/it --> OT1/lmr/bx/it on input line 37.
LaTeX Font Info:    Overwriting math alphabet `\mathtt' in version `bold'
(Font)                  OT1/cmtt/m/n --> OT1/lmtt/m/n on input line 38.
)
(C:\Users\julih\AppData\Local\Programs\MiKTeX\tex/latex/fancyvrb\fancyvrb.sty
Package: fancyvrb 2022/06/06 4.5 verbatim text (tvz,hv)
\FV@CodeLineNo=\count320
\FV@InFile=\read3
\FV@TabBox=\box103
\c@FancyVerbLine=\count321
\FV@StepNumber=\count322
\FV@OutFile=\write3
)
(C:\Users\julih\AppData\Local\Programs\MiKTeX\tex/latex/wrapfig\wrapfig.sty
\wrapoverhang=\dimen191
\WF@size=\dimen192
\c@WF@wrappedlines=\count323
\WF@box=\box104
\WF@everypar=\toks39
Package: wrapfig 2003/01/31  v 3.6
)
(C:\Users\julih\AppData\Local\Programs\MiKTeX\tex/latex/floatflt\floatflt.sty
Package: floatflt 1997/07/16 v. 1.31
\c@OptionTest=\count324
\figbox=\box105
\tabbox=\box106
\pagebox=\box107
\ffigcount=\count325
\ftabcount=\count326
\fftest=\count327
\hangcount=\count328
\nosuccesstryfig=\count329
\nosuccesstrytab=\count330
\figgutter=\dimen193
\tabgutter=\dimen194
\htdone=\dimen195
\pageht=\dimen196
\startpageht=\dimen197
\tabbredd=\dimen198
\floatfltwidth=\dimen199
\fltitemwidth=\dimen256
\outputpretest=\toks40
)
(C:\Users\julih\AppData\Local\Programs\MiKTeX\tex/latex/filecontents\fileconten
ts.sty
Package: filecontents 2019/09/20 v1.5 Create an external file from within a LaT
eX document


Package filecontents Warning: This package is obsolete. Disabling it and
(filecontents)                passing control to the filecontents environment
(filecontents)                defined by the LaTeX kernel.

) (C:\Users\julih\AppData\Local\Programs\MiKTeX\tex/latex/booktabs\booktabs.sty
Package: booktabs 2020/01/12 v1.61803398 Publication quality tables
\heavyrulewidth=\dimen257
\lightrulewidth=\dimen258
\cmidrulewidth=\dimen259
\belowrulesep=\dimen260
\belowbottomsep=\dimen261
\aboverulesep=\dimen262
\abovetopsep=\dimen263
\cmidrulesep=\dimen264
\cmidrulekern=\dimen265
\defaultaddspace=\dimen266
\@cmidla=\count331
\@cmidlb=\count332
\@aboverulesep=\dimen267
\@belowrulesep=\dimen268
\@thisruleclass=\count333
\@lastruleclass=\count334
\@thisrulewidth=\dimen269
) (C:\Users\julih\AppData\Local\Programs\MiKTeX\tex/latex/mdframed\mdframed.sty
Package: mdframed 2013/07/01 1.9b: mdframed

(C:\Users\julih\AppData\Local\Programs\MiKTeX\tex/latex/l3packages/xparse\xpars
e.sty
(C:\Users\julih\AppData\Local\Programs\MiKTeX\tex/latex/l3kernel\expl3.sty
Package: expl3 2022-08-30 L3 programming layer (loader) 

(C:\Users\julih\AppData\Local\Programs\MiKTeX\tex/latex/l3backend\l3backend-pdf
tex.def
File: l3backend-pdftex.def 2022-08-30 L3 backend support: PDF output (pdfTeX)
\l__color_backend_stack_int=\count335
\l__pdf_internal_box=\box108
))
Package: xparse 2022-06-22 L3 Experimental document command parser
)
(C:\Users\julih\AppData\Local\Programs\MiKTeX\tex/latex/etoolbox\etoolbox.sty
Package: etoolbox 2020/10/05 v2.5k e-TeX tools for LaTeX (JAW)
\etb@tempcnta=\count336
)
(C:\Users\julih\AppData\Local\Programs\MiKTeX\tex/latex/zref\zref-abspage.sty
Package: zref-abspage 2022-04-07 v2.34 Module abspage for zref (HO)

(C:\Users\julih\AppData\Local\Programs\MiKTeX\tex/latex/zref\zref-base.sty
Package: zref-base 2022-04-07 v2.34 Module base for zref (HO)
Package zref Info: New property list: main on input line 767.
Package zref Info: New property: default on input line 768.
Package zref Info: New property: page on input line 769.
)
\c@abspage=\count337
Package zref Info: New property: abspage on input line 65.
)
(C:\Users\julih\AppData\Local\Programs\MiKTeX\tex/latex/needspace\needspace.sty
Package: needspace 2010/09/12 v1.3d reserve vertical space
)
\mdf@templength=\skip100
\c@mdf@globalstyle@cnt=\count338
\mdf@skipabove@length=\skip101
\mdf@skipbelow@length=\skip102
\mdf@leftmargin@length=\skip103
\mdf@rightmargin@length=\skip104
\mdf@innerleftmargin@length=\skip105
\mdf@innerrightmargin@length=\skip106
\mdf@innertopmargin@length=\skip107
\mdf@innerbottommargin@length=\skip108
\mdf@splittopskip@length=\skip109
\mdf@splitbottomskip@length=\skip110
\mdf@outermargin@length=\skip111
\mdf@innermargin@length=\skip112
\mdf@linewidth@length=\skip113
\mdf@innerlinewidth@length=\skip114
\mdf@middlelinewidth@length=\skip115
\mdf@outerlinewidth@length=\skip116
\mdf@roundcorner@length=\skip117
\mdf@footenotedistance@length=\skip118
\mdf@userdefinedwidth@length=\skip119
\mdf@needspace@length=\skip120
\mdf@frametitleaboveskip@length=\skip121
\mdf@frametitlebelowskip@length=\skip122
\mdf@frametitlerulewidth@length=\skip123
\mdf@frametitleleftmargin@length=\skip124
\mdf@frametitlerightmargin@length=\skip125
\mdf@shadowsize@length=\skip126
\mdf@extratopheight@length=\skip127
\mdf@subtitleabovelinewidth@length=\skip128
\mdf@subtitlebelowlinewidth@length=\skip129
\mdf@subtitleaboveskip@length=\skip130
\mdf@subtitlebelowskip@length=\skip131
\mdf@subtitleinneraboveskip@length=\skip132
\mdf@subtitleinnerbelowskip@length=\skip133
\mdf@subsubtitleabovelinewidth@length=\skip134
\mdf@subsubtitlebelowlinewidth@length=\skip135
\mdf@subsubtitleaboveskip@length=\skip136
\mdf@subsubtitlebelowskip@length=\skip137
\mdf@subsubtitleinneraboveskip@length=\skip138
\mdf@subsubtitleinnerbelowskip@length=\skip139

(C:\Users\julih\AppData\Local\Programs\MiKTeX\tex/latex/mdframed\md-frame-0.mdf
File: md-frame-0.mdf 2013/07/01\ 1.9b: md-frame-0
)
\mdf@frametitlebox=\box109
\mdf@footnotebox=\box110
\mdf@splitbox@one=\box111
\mdf@splitbox@two=\box112
\mdf@splitbox@save=\box113
\mdfsplitboxwidth=\skip140
\mdfsplitboxtotalwidth=\skip141
\mdfsplitboxheight=\skip142
\mdfsplitboxdepth=\skip143
\mdfsplitboxtotalheight=\skip144
\mdfframetitleboxwidth=\skip145
\mdfframetitleboxtotalwidth=\skip146
\mdfframetitleboxheight=\skip147
\mdfframetitleboxdepth=\skip148
\mdfframetitleboxtotalheight=\skip149
\mdffootnoteboxwidth=\skip150
\mdffootnoteboxtotalwidth=\skip151
\mdffootnoteboxheight=\skip152
\mdffootnoteboxdepth=\skip153
\mdffootnoteboxtotalheight=\skip154
\mdftotallinewidth=\skip155
\mdfboundingboxwidth=\skip156
\mdfboundingboxtotalwidth=\skip157
\mdfboundingboxheight=\skip158
\mdfboundingboxdepth=\skip159
\mdfboundingboxtotalheight=\skip160
\mdf@freevspace@length=\skip161
\mdf@horizontalwidthofbox@length=\skip162
\mdf@verticalmarginwhole@length=\skip163
\mdf@horizontalspaceofbox=\skip164
\mdfsubtitleheight=\skip165
\mdfsubsubtitleheight=\skip166
\c@mdfcountframes=\count339

****** mdframed patching \endmdf@trivlist

****** -- success******

\mdf@envdepth=\count340
\c@mdf@env@i=\count341
\c@mdf@env@ii=\count342
\c@mdf@zref@counter=\count343
Package zref Info: New property: mdf@pagevalue on input line 895.
)
(C:\Users\julih\AppData\Local\Programs\MiKTeX\tex/latex/pgf/frontendlayer\tikz.
sty
(C:\Users\julih\AppData\Local\Programs\MiKTeX\tex/latex/pgf/basiclayer\pgf.sty
(C:\Users\julih\AppData\Local\Programs\MiKTeX\tex/latex/pgf/utilities\pgfrcs.st
y
(C:\Users\julih\AppData\Local\Programs\MiKTeX\tex/generic/pgf/utilities\pgfutil
-common.tex
\pgfutil@everybye=\toks41
\pgfutil@tempdima=\dimen270
\pgfutil@tempdimb=\dimen271

(C:\Users\julih\AppData\Local\Programs\MiKTeX\tex/generic/pgf/utilities\pgfutil
-common-lists.tex))
(C:\Users\julih\AppData\Local\Programs\MiKTeX\tex/generic/pgf/utilities\pgfutil
-latex.def
\pgfutil@abb=\box114
)
(C:\Users\julih\AppData\Local\Programs\MiKTeX\tex/generic/pgf/utilities\pgfrcs.
code.tex
(C:\Users\julih\AppData\Local\Programs\MiKTeX\tex/generic/pgf\pgf.revision.tex)
Package: pgfrcs 2021/05/15 v3.1.9a (3.1.9a)
))
Package: pgf 2021/05/15 v3.1.9a (3.1.9a)

(C:\Users\julih\AppData\Local\Programs\MiKTeX\tex/latex/pgf/basiclayer\pgfcore.
sty
(C:\Users\julih\AppData\Local\Programs\MiKTeX\tex/latex/pgf/systemlayer\pgfsys.
sty
(C:\Users\julih\AppData\Local\Programs\MiKTeX\tex/generic/pgf/systemlayer\pgfsy
s.code.tex
Package: pgfsys 2021/05/15 v3.1.9a (3.1.9a)

(C:\Users\julih\AppData\Local\Programs\MiKTeX\tex/generic/pgf/utilities\pgfkeys
.code.tex
\pgfkeys@pathtoks=\toks42
\pgfkeys@temptoks=\toks43

(C:\Users\julih\AppData\Local\Programs\MiKTeX\tex/generic/pgf/utilities\pgfkeys
filtered.code.tex
\pgfkeys@tmptoks=\toks44
))
\pgf@x=\dimen272
\pgf@y=\dimen273
\pgf@xa=\dimen274
\pgf@ya=\dimen275
\pgf@xb=\dimen276
\pgf@yb=\dimen277
\pgf@xc=\dimen278
\pgf@yc=\dimen279
\pgf@xd=\dimen280
\pgf@yd=\dimen281
\w@pgf@writea=\write4
\r@pgf@reada=\read4
\c@pgf@counta=\count344
\c@pgf@countb=\count345
\c@pgf@countc=\count346
\c@pgf@countd=\count347
\t@pgf@toka=\toks45
\t@pgf@tokb=\toks46
\t@pgf@tokc=\toks47
\pgf@sys@id@count=\count348

(C:\Users\julih\AppData\Local\Programs\MiKTeX\tex/generic/pgf/systemlayer\pgf.c
fg
File: pgf.cfg 2021/05/15 v3.1.9a (3.1.9a)
)
Driver file for pgf: pgfsys-pdftex.def

(C:\Users\julih\AppData\Local\Programs\MiKTeX\tex/generic/pgf/systemlayer\pgfsy
s-pdftex.def
File: pgfsys-pdftex.def 2021/05/15 v3.1.9a (3.1.9a)

(C:\Users\julih\AppData\Local\Programs\MiKTeX\tex/generic/pgf/systemlayer\pgfsy
s-common-pdf.def
File: pgfsys-common-pdf.def 2021/05/15 v3.1.9a (3.1.9a)
)))
(C:\Users\julih\AppData\Local\Programs\MiKTeX\tex/generic/pgf/systemlayer\pgfsy
ssoftpath.code.tex
File: pgfsyssoftpath.code.tex 2021/05/15 v3.1.9a (3.1.9a)
\pgfsyssoftpath@smallbuffer@items=\count349
\pgfsyssoftpath@bigbuffer@items=\count350
)
(C:\Users\julih\AppData\Local\Programs\MiKTeX\tex/generic/pgf/systemlayer\pgfsy
sprotocol.code.tex
File: pgfsysprotocol.code.tex 2021/05/15 v3.1.9a (3.1.9a)
))
(C:\Users\julih\AppData\Local\Programs\MiKTeX\tex/generic/pgf/basiclayer\pgfcor
e.code.tex
Package: pgfcore 2021/05/15 v3.1.9a (3.1.9a)

(C:\Users\julih\AppData\Local\Programs\MiKTeX\tex/generic/pgf/math\pgfmath.code
.tex
(C:\Users\julih\AppData\Local\Programs\MiKTeX\tex/generic/pgf/math\pgfmathcalc.
code.tex
(C:\Users\julih\AppData\Local\Programs\MiKTeX\tex/generic/pgf/math\pgfmathutil.
code.tex)
(C:\Users\julih\AppData\Local\Programs\MiKTeX\tex/generic/pgf/math\pgfmathparse
r.code.tex
\pgfmath@dimen=\dimen282
\pgfmath@count=\count351
\pgfmath@box=\box115
\pgfmath@toks=\toks48
\pgfmath@stack@operand=\toks49
\pgfmath@stack@operation=\toks50
)
(C:\Users\julih\AppData\Local\Programs\MiKTeX\tex/generic/pgf/math\pgfmathfunct
ions.code.tex
(C:\Users\julih\AppData\Local\Programs\MiKTeX\tex/generic/pgf/math\pgfmathfunct
ions.basic.code.tex)
(C:\Users\julih\AppData\Local\Programs\MiKTeX\tex/generic/pgf/math\pgfmathfunct
ions.trigonometric.code.tex)
(C:\Users\julih\AppData\Local\Programs\MiKTeX\tex/generic/pgf/math\pgfmathfunct
ions.random.code.tex)
(C:\Users\julih\AppData\Local\Programs\MiKTeX\tex/generic/pgf/math\pgfmathfunct
ions.comparison.code.tex)
(C:\Users\julih\AppData\Local\Programs\MiKTeX\tex/generic/pgf/math\pgfmathfunct
ions.base.code.tex)
(C:\Users\julih\AppData\Local\Programs\MiKTeX\tex/generic/pgf/math\pgfmathfunct
ions.round.code.tex)
(C:\Users\julih\AppData\Local\Programs\MiKTeX\tex/generic/pgf/math\pgfmathfunct
ions.misc.code.tex)
(C:\Users\julih\AppData\Local\Programs\MiKTeX\tex/generic/pgf/math\pgfmathfunct
ions.integerarithmetics.code.tex)))
(C:\Users\julih\AppData\Local\Programs\MiKTeX\tex/generic/pgf/math\pgfmathfloat
.code.tex
\c@pgfmathroundto@lastzeros=\count352
))
(C:\Users\julih\AppData\Local\Programs\MiKTeX\tex/generic/pgf/math\pgfint.code.
tex)
(C:\Users\julih\AppData\Local\Programs\MiKTeX\tex/generic/pgf/basiclayer\pgfcor
epoints.code.tex
File: pgfcorepoints.code.tex 2021/05/15 v3.1.9a (3.1.9a)
\pgf@picminx=\dimen283
\pgf@picmaxx=\dimen284
\pgf@picminy=\dimen285
\pgf@picmaxy=\dimen286
\pgf@pathminx=\dimen287
\pgf@pathmaxx=\dimen288
\pgf@pathminy=\dimen289
\pgf@pathmaxy=\dimen290
\pgf@xx=\dimen291
\pgf@xy=\dimen292
\pgf@yx=\dimen293
\pgf@yy=\dimen294
\pgf@zx=\dimen295
\pgf@zy=\dimen296
)
(C:\Users\julih\AppData\Local\Programs\MiKTeX\tex/generic/pgf/basiclayer\pgfcor
epathconstruct.code.tex
File: pgfcorepathconstruct.code.tex 2021/05/15 v3.1.9a (3.1.9a)
\pgf@path@lastx=\dimen297
\pgf@path@lasty=\dimen298
)
(C:\Users\julih\AppData\Local\Programs\MiKTeX\tex/generic/pgf/basiclayer\pgfcor
epathusage.code.tex
File: pgfcorepathusage.code.tex 2021/05/15 v3.1.9a (3.1.9a)
\pgf@shorten@end@additional=\dimen299
\pgf@shorten@start@additional=\dimen300
)
(C:\Users\julih\AppData\Local\Programs\MiKTeX\tex/generic/pgf/basiclayer\pgfcor
escopes.code.tex
File: pgfcorescopes.code.tex 2021/05/15 v3.1.9a (3.1.9a)
\pgfpic=\box116
\pgf@hbox=\box117
\pgf@layerbox@main=\box118
\pgf@picture@serial@count=\count353
)
(C:\Users\julih\AppData\Local\Programs\MiKTeX\tex/generic/pgf/basiclayer\pgfcor
egraphicstate.code.tex
File: pgfcoregraphicstate.code.tex 2021/05/15 v3.1.9a (3.1.9a)
\pgflinewidth=\dimen301
)
(C:\Users\julih\AppData\Local\Programs\MiKTeX\tex/generic/pgf/basiclayer\pgfcor
etransformations.code.tex
File: pgfcoretransformations.code.tex 2021/05/15 v3.1.9a (3.1.9a)
\pgf@pt@x=\dimen302
\pgf@pt@y=\dimen303
\pgf@pt@temp=\dimen304
)
(C:\Users\julih\AppData\Local\Programs\MiKTeX\tex/generic/pgf/basiclayer\pgfcor
equick.code.tex
File: pgfcorequick.code.tex 2021/05/15 v3.1.9a (3.1.9a)
)
(C:\Users\julih\AppData\Local\Programs\MiKTeX\tex/generic/pgf/basiclayer\pgfcor
eobjects.code.tex
File: pgfcoreobjects.code.tex 2021/05/15 v3.1.9a (3.1.9a)
)
(C:\Users\julih\AppData\Local\Programs\MiKTeX\tex/generic/pgf/basiclayer\pgfcor
epathprocessing.code.tex
File: pgfcorepathprocessing.code.tex 2021/05/15 v3.1.9a (3.1.9a)
)
(C:\Users\julih\AppData\Local\Programs\MiKTeX\tex/generic/pgf/basiclayer\pgfcor
earrows.code.tex
File: pgfcorearrows.code.tex 2021/05/15 v3.1.9a (3.1.9a)
\pgfarrowsep=\dimen305
)
(C:\Users\julih\AppData\Local\Programs\MiKTeX\tex/generic/pgf/basiclayer\pgfcor
eshade.code.tex
File: pgfcoreshade.code.tex 2021/05/15 v3.1.9a (3.1.9a)
\pgf@max=\dimen306
\pgf@sys@shading@range@num=\count354
\pgf@shadingcount=\count355
)
(C:\Users\julih\AppData\Local\Programs\MiKTeX\tex/generic/pgf/basiclayer\pgfcor
eimage.code.tex
File: pgfcoreimage.code.tex 2021/05/15 v3.1.9a (3.1.9a)

(C:\Users\julih\AppData\Local\Programs\MiKTeX\tex/generic/pgf/basiclayer\pgfcor
eexternal.code.tex
File: pgfcoreexternal.code.tex 2021/05/15 v3.1.9a (3.1.9a)
\pgfexternal@startupbox=\box119
))
(C:\Users\julih\AppData\Local\Programs\MiKTeX\tex/generic/pgf/basiclayer\pgfcor
elayers.code.tex
File: pgfcorelayers.code.tex 2021/05/15 v3.1.9a (3.1.9a)
)
(C:\Users\julih\AppData\Local\Programs\MiKTeX\tex/generic/pgf/basiclayer\pgfcor
etransparency.code.tex
File: pgfcoretransparency.code.tex 2021/05/15 v3.1.9a (3.1.9a)
)
(C:\Users\julih\AppData\Local\Programs\MiKTeX\tex/generic/pgf/basiclayer\pgfcor
epatterns.code.tex
File: pgfcorepatterns.code.tex 2021/05/15 v3.1.9a (3.1.9a)
)
(C:\Users\julih\AppData\Local\Programs\MiKTeX\tex/generic/pgf/basiclayer\pgfcor
erdf.code.tex
File: pgfcorerdf.code.tex 2021/05/15 v3.1.9a (3.1.9a)
)))
(C:\Users\julih\AppData\Local\Programs\MiKTeX\tex/generic/pgf/modules\pgfmodule
shapes.code.tex
File: pgfmoduleshapes.code.tex 2021/05/15 v3.1.9a (3.1.9a)
\pgfnodeparttextbox=\box120
)
(C:\Users\julih\AppData\Local\Programs\MiKTeX\tex/generic/pgf/modules\pgfmodule
plot.code.tex
File: pgfmoduleplot.code.tex 2021/05/15 v3.1.9a (3.1.9a)
)
(C:\Users\julih\AppData\Local\Programs\MiKTeX\tex/latex/pgf/compatibility\pgfco
mp-version-0-65.sty
Package: pgfcomp-version-0-65 2021/05/15 v3.1.9a (3.1.9a)
\pgf@nodesepstart=\dimen307
\pgf@nodesepend=\dimen308
)
(C:\Users\julih\AppData\Local\Programs\MiKTeX\tex/latex/pgf/compatibility\pgfco
mp-version-1-18.sty
Package: pgfcomp-version-1-18 2021/05/15 v3.1.9a (3.1.9a)
))
(C:\Users\julih\AppData\Local\Programs\MiKTeX\tex/latex/pgf/utilities\pgffor.st
y
(C:\Users\julih\AppData\Local\Programs\MiKTeX\tex/latex/pgf/utilities\pgfkeys.s
ty
(C:\Users\julih\AppData\Local\Programs\MiKTeX\tex/generic/pgf/utilities\pgfkeys
.code.tex))
(C:\Users\julih\AppData\Local\Programs\MiKTeX\tex/latex/pgf/math\pgfmath.sty
(C:\Users\julih\AppData\Local\Programs\MiKTeX\tex/generic/pgf/math\pgfmath.code
.tex))
(C:\Users\julih\AppData\Local\Programs\MiKTeX\tex/generic/pgf/utilities\pgffor.
code.tex
Package: pgffor 2021/05/15 v3.1.9a (3.1.9a)

(C:\Users\julih\AppData\Local\Programs\MiKTeX\tex/generic/pgf/math\pgfmath.code
.tex)
\pgffor@iter=\dimen309
\pgffor@skip=\dimen310
\pgffor@stack=\toks51
\pgffor@toks=\toks52
))
(C:\Users\julih\AppData\Local\Programs\MiKTeX\tex/generic/pgf/frontendlayer/tik
z\tikz.code.tex
Package: tikz 2021/05/15 v3.1.9a (3.1.9a)

(C:\Users\julih\AppData\Local\Programs\MiKTeX\tex/generic/pgf/libraries\pgflibr
aryplothandlers.code.tex
File: pgflibraryplothandlers.code.tex 2021/05/15 v3.1.9a (3.1.9a)
\pgf@plot@mark@count=\count356
\pgfplotmarksize=\dimen311
)
\tikz@lastx=\dimen312
\tikz@lasty=\dimen313
\tikz@lastxsaved=\dimen314
\tikz@lastysaved=\dimen315
\tikz@lastmovetox=\dimen316
\tikz@lastmovetoy=\dimen317
\tikzleveldistance=\dimen318
\tikzsiblingdistance=\dimen319
\tikz@figbox=\box121
\tikz@figbox@bg=\box122
\tikz@tempbox=\box123
\tikz@tempbox@bg=\box124
\tikztreelevel=\count357
\tikznumberofchildren=\count358
\tikznumberofcurrentchild=\count359
\tikz@fig@count=\count360

(C:\Users\julih\AppData\Local\Programs\MiKTeX\tex/generic/pgf/modules\pgfmodule
matrix.code.tex
File: pgfmodulematrix.code.tex 2021/05/15 v3.1.9a (3.1.9a)
\pgfmatrixcurrentrow=\count361
\pgfmatrixcurrentcolumn=\count362
\pgf@matrix@numberofcolumns=\count363
)
\tikz@expandcount=\count364

(C:\Users\julih\AppData\Local\Programs\MiKTeX\tex/generic/pgf/frontendlayer/tik
z/libraries\tikzlibrarytopaths.code.tex
File: tikzlibrarytopaths.code.tex 2021/05/15 v3.1.9a (3.1.9a)
)))
(C:\Users\julih\AppData\Local\Programs\MiKTeX\tex/latex/listings\listings.sty
\lst@mode=\count365
\lst@gtempboxa=\box125
\lst@token=\toks53
\lst@length=\count366
\lst@currlwidth=\dimen320
\lst@column=\count367
\lst@pos=\count368
\lst@lostspace=\dimen321
\lst@width=\dimen322
\lst@newlines=\count369
\lst@lineno=\count370
\lst@maxwidth=\dimen323

(C:\Users\julih\AppData\Local\Programs\MiKTeX\tex/latex/listings\lstmisc.sty
File: lstmisc.sty 2020/03/24 1.8d (Carsten Heinz)
\c@lstnumber=\count371
\lst@skipnumbers=\count372
\lst@framebox=\box126
)
(C:\Users\julih\AppData\Local\Programs\MiKTeX\tex/latex/listings\listings.cfg
File: listings.cfg 2020/03/24 1.8d listings configuration
))
Package: listings 2020/03/24 1.8d (Carsten Heinz)
(C:\Users\julih\AppData\Local\Programs\MiKTeX\tex/latex/units\units.sty
Package: units 1998/08/04 v0.9b Typesetting units

(C:\Users\julih\AppData\Local\Programs\MiKTeX\tex/latex/units\nicefrac.sty
Package: nicefrac 1998/08/04 v0.9b Nice fractions
\L@UnitsRaiseDisplaystyle=\skip167
\L@UnitsRaiseTextstyle=\skip168
\L@UnitsRaiseScriptstyle=\skip169
))
(C:\Users\julih\AppData\Local\Programs\MiKTeX\tex/latex/tex-gyre\tgbonum.sty
Package: tgbonum 2009/09/27 v1.2 TeX Gyre Bonum as default roman family
)
(C:\Users\julih\AppData\Local\Programs\MiKTeX\tex/generic/pgf/frontendlayer/tik
z/libraries\tikzlibrarymatrix.code.tex
File: tikzlibrarymatrix.code.tex 2021/05/15 v3.1.9a (3.1.9a)
)
(C:\Users\julih\AppData\Local\Programs\MiKTeX\tex/generic/pgf/frontendlayer/tik
z/libraries\tikzlibraryarrows.code.tex
File: tikzlibraryarrows.code.tex 2021/05/15 v3.1.9a (3.1.9a)

(C:\Users\julih\AppData\Local\Programs\MiKTeX\tex/generic/pgf/libraries\pgflibr
aryarrows.code.tex
File: pgflibraryarrows.code.tex 2021/05/15 v3.1.9a (3.1.9a)
\arrowsize=\dimen324
))
(C:\Users\julih\AppData\Local\Programs\MiKTeX\tex/generic/pgf/frontendlayer/tik
z/libraries\tikzlibrarydecorations.pathmorphing.code.tex
(C:\Users\julih\AppData\Local\Programs\MiKTeX\tex/generic/pgf/frontendlayer/tik
z/libraries\tikzlibrarydecorations.code.tex
(C:\Users\julih\AppData\Local\Programs\MiKTeX\tex/generic/pgf/modules\pgfmodule
decorations.code.tex
\pgfdecoratedcompleteddistance=\dimen325
\pgfdecoratedremainingdistance=\dimen326
\pgfdecoratedinputsegmentcompleteddistance=\dimen327
\pgfdecoratedinputsegmentremainingdistance=\dimen328
\pgf@decorate@distancetomove=\dimen329
\pgf@decorate@repeatstate=\count373
\pgfdecorationsegmentamplitude=\dimen330
\pgfdecorationsegmentlength=\dimen331
)
\tikz@lib@dec@box=\box127
)
(C:\Users\julih\AppData\Local\Programs\MiKTeX\tex/generic/pgf/libraries/decorat
ions\pgflibrarydecorations.pathmorphing.code.tex))) (_comandos.tex)
(_comandos_md.tex) (_comandos_trig.tex) (_comandos_pe.tex)
LaTeX Font Info:    Trying to load font information for T1+qbk on input line 12
.

(C:\Users\julih\AppData\Local\Programs\MiKTeX\tex/latex/tex-gyre\t1qbk.fd
File: t1qbk.fd 2009/09/25 v1.2 font definition file for T1/qbk
)
([Precálculo].aux
LaTeX Info: Redefining \. on input line 20.
LaTeX Info: Redefining \% on input line 20.


LaTeX Warning: Label `lip:exmp:2.13.b' multiply defined.


LaTeX Warning: Label `fig:0401' multiply defined.


LaTeX Warning: Label `exmp:0607' multiply defined.

)
\openout1 = `[Precálculo].aux'.

LaTeX Font Info:    Checking defaults for OML/cmm/m/it on input line 12.
LaTeX Font Info:    ... okay on input line 12.
LaTeX Font Info:    Checking defaults for OMS/cmsy/m/n on input line 12.
LaTeX Font Info:    ... okay on input line 12.
LaTeX Font Info:    Checking defaults for OT1/cmr/m/n on input line 12.
LaTeX Font Info:    ... okay on input line 12.
LaTeX Font Info:    Checking defaults for T1/cmr/m/n on input line 12.
LaTeX Font Info:    ... okay on input line 12.
LaTeX Font Info:    Checking defaults for TS1/cmr/m/n on input line 12.
LaTeX Font Info:    ... okay on input line 12.
LaTeX Font Info:    Checking defaults for OMX/cmex/m/n on input line 12.
LaTeX Font Info:    ... okay on input line 12.
LaTeX Font Info:    Checking defaults for U/cmr/m/n on input line 12.
LaTeX Font Info:    ... okay on input line 12.
LaTeX Font Info:    Checking defaults for PD1/pdf/m/n on input line 12.
LaTeX Font Info:    ... okay on input line 12.
LaTeX Font Info:    Checking defaults for PU/pdf/m/n on input line 12.
LaTeX Font Info:    ... okay on input line 12.
LaTeX Font Info:    Checking defaults for LY/yfrak/m/n on input line 12.
LaTeX Font Info:    ... okay on input line 12.
LaTeX Font Info:    Checking defaults for LYG/ygoth/m/n on input line 12.
LaTeX Font Info:    ... okay on input line 12.
Package hyperref Info: Link coloring ON on input line 12.
 ([Precálculo].out) ([Precálculo].out)
\@outlinefile=\write5
\openout5 = `[Precálculo].out'.


*geometry* driver: auto-detecting
*geometry* detected driver: pdftex
*geometry* verbose mode - [ preamble ] result:
* driver: pdftex
* paper: letterpaper
* layout: <same size as paper>
* layoutoffset:(h,v)=(0.0pt,0.0pt)
* modes: twoside asymmetric 
* h-part:(L,W,R)=(72.26999pt, 312.0pt, 230.02501pt)
* v-part:(T,H,B)=(72.26999pt, 616.0pt, 106.7pt)
* \paperwidth=614.295pt
* \paperheight=794.96999pt
* \textwidth=312.0pt
* \textheight=616.0pt
* \oddsidemargin=0.0pt
* \evensidemargin=0.0pt
* \topmargin=-42.0pt
* \headheight=14.0pt
* \headsep=28.0pt
* \topskip=10.0pt
* \footskip=25.29494pt
* \marginparwidth=144.0pt
* \marginparsep=24.0pt
* \columnsep=10.0pt
* \skip\footins=9.0pt plus 4.0pt minus 2.0pt
* \hoffset=0.0pt
* \voffset=0.0pt
* \mag=1000
* \@twocolumnfalse
* \@twosidetrue
* \@mparswitchfalse
* \@reversemarginfalse
* (1in=72.27pt=25.4mm, 1cm=28.453pt)

\langwohyphens=\language80

(C:\Users\julih\AppData\Local\Programs\MiKTeX\tex/context/base/mkii\supp-pdf.mk
ii
[Loading MPS to PDF converter (version 2006.09.02).]
\scratchcounter=\count374
\scratchdimen=\dimen332
\scratchbox=\box128
\nofMPsegments=\count375
\nofMParguments=\count376
\everyMPshowfont=\toks54
\MPscratchCnt=\count377
\MPscratchDim=\dimen333
\MPnumerator=\count378
\makeMPintoPDFobject=\count379
\everyMPtoPDFconversion=\toks55
)
(C:\Users\julih\AppData\Local\Programs\MiKTeX\tex/latex/epstopdf-pkg\epstopdf-b
ase.sty
Package: epstopdf-base 2020-01-24 v2.11 Base part for package epstopdf
Package epstopdf-base Info: Redefining graphics rule for `.eps' on input line 4
85.

(C:\Users\julih\AppData\Local\Programs\MiKTeX\tex/latex/00miktex\epstopdf-sys.c
fg
File: epstopdf-sys.cfg 2021/03/18 v2.0 Configuration of epstopdf for MiKTeX
))
LaTeX Info: Redefining \. on input line 12.
LaTeX Info: Redefining \% on input line 12.
\c@lstlisting=\count380
LaTeX Font Info:    Trying to load font information for T1+lmss on input line 1
3.
 (C:\Users\julih\AppData\Local\Programs\MiKTeX\tex/latex/lm\t1lmss.fd
File: t1lmss.fd 2015/05/01 v1.6.1 Font defs for Latin Modern
)
[1


{C:/Users/julih/AppData/Local/MiKTeX/fonts/map/pdftex/pdftex.map}]
LaTeX Font Info:    Trying to load font information for OT1+lmr on input line 1
4.

(C:\Users\julih\AppData\Local\Programs\MiKTeX\tex/latex/lm\ot1lmr.fd
File: ot1lmr.fd 2015/05/01 v1.6.1 Font defs for Latin Modern
)
LaTeX Font Info:    Trying to load font information for OML+lmm on input line 1
4.

(C:\Users\julih\AppData\Local\Programs\MiKTeX\tex/latex/lm\omllmm.fd
File: omllmm.fd 2015/05/01 v1.6.1 Font defs for Latin Modern
)
LaTeX Font Info:    Trying to load font information for OMS+lmsy on input line 
14.

(C:\Users\julih\AppData\Local\Programs\MiKTeX\tex/latex/lm\omslmsy.fd
File: omslmsy.fd 2015/05/01 v1.6.1 Font defs for Latin Modern
)
LaTeX Font Info:    Trying to load font information for OMX+lmex on input line 
14.

(C:\Users\julih\AppData\Local\Programs\MiKTeX\tex/latex/lm\omxlmex.fd
File: omxlmex.fd 2015/05/01 v1.6.1 Font defs for Latin Modern
)
LaTeX Font Info:    External font `lmex10' loaded for size
(Font)              <10> on input line 14.
LaTeX Font Info:    External font `lmex10' loaded for size
(Font)              <7.6> on input line 14.
LaTeX Font Info:    External font `lmex10' loaded for size
(Font)              <6> on input line 14.
LaTeX Font Info:    Trying to load font information for OT1+zplm on input line 
14.

(C:\Users\julih\AppData\Local\Programs\MiKTeX\tex/latex/psnfss\ot1zplm.fd
File: ot1zplm.fd 2002/09/08 Fontinst v1.914 font definitions for OT1/zplm.
)
LaTeX Font Info:    Font shape `U/msa/m/n' will be
(Font)              scaled to size 10.42007pt on input line 14.
LaTeX Font Info:    Font shape `U/msa/m/n' will be
(Font)              scaled to size 7.91925pt on input line 14.
LaTeX Font Info:    Font shape `U/msa/m/n' will be
(Font)              scaled to size 6.25204pt on input line 14.
LaTeX Font Info:    Font shape `U/msb/m/n' will be
(Font)              scaled to size 10.42007pt on input line 14.
LaTeX Font Info:    Font shape `U/msb/m/n' will be
(Font)              scaled to size 7.91925pt on input line 14.
LaTeX Font Info:    Font shape `U/msb/m/n' will be
(Font)              scaled to size 6.25204pt on input line 14.
LaTeX Font Info:    Trying to load font information for U+rsfs on input line 14
.

(C:\Users\julih\AppData\Local\Programs\MiKTeX\tex/latex/jknappen\ursfs.fd
File: ursfs.fd 1998/03/24 rsfs font definition file (jk)
)
LaTeX Font Info:    Trying to load font information for TS1+qbk on input line 1
6.

(C:\Users\julih\AppData\Local\Programs\MiKTeX\tex/latex/tex-gyre\ts1qbk.fd
File: ts1qbk.fd 2009/09/25 v1.2 font definition file for TS1/qbk
)
Underfull \hbox (badness 10000) in paragraph at lines 16--17
[]\T1/qbk/m/n/10 Preclculo \TS1/qbk/m/n/10  \T1/qbk/m/n/10 2020 by Ju-liho Da
-vid Cas-ti-llo Col-me-na-res
 []

<./licencia/by.png, id=196, 97.0827pt x 33.9669pt>
File: ./licencia/by.png Graphic file (type png)
<use ./licencia/by.png>
Package pdftex.def Info: ./licencia/by.png  used on input line 18.
(pdftex.def)             Requested size: 97.08244pt x 33.96681pt.
[2

 <./licencia/by.png>] ([Precálculo].toc
LaTeX Info: Redefining \. on input line 1.
LaTeX Info: Redefining \% on input line 1.
 [3

]
LaTeX Font Info:    Trying to load font information for U+fplmbb on input line 
150.

(C:\Users\julih\AppData\Local\Programs\MiKTeX\tex/latex/psnfss\ufplmbb.fd
File: ufplmbb.fd 2003/10/30 Fontinst v1.914 font definitions for U/fplmbb.
)
LaTeX Font Info:    External font `lmex10' loaded for size
(Font)              <12> on input line 150.
LaTeX Font Info:    External font `lmex10' loaded for size
(Font)              <9> on input line 150.
LaTeX Font Info:    External font `lmex10' loaded for size
(Font)              <7> on input line 150.
LaTeX Font Info:    Font shape `U/msa/m/n' will be
(Font)              scaled to size 12.50409pt on input line 150.
LaTeX Font Info:    Font shape `U/msa/m/n' will be
(Font)              scaled to size 9.37807pt on input line 150.
LaTeX Font Info:    Font shape `U/msa/m/n' will be
(Font)              scaled to size 7.29405pt on input line 150.
LaTeX Font Info:    Font shape `U/msb/m/n' will be
(Font)              scaled to size 12.50409pt on input line 150.
LaTeX Font Info:    Font shape `U/msb/m/n' will be
(Font)              scaled to size 9.37807pt on input line 150.
LaTeX Font Info:    Font shape `U/msb/m/n' will be
(Font)              scaled to size 7.29405pt on input line 150.

[4])
\tf@toc=\write6
\openout6 = `[Precálculo].toc'.

 [5] [6

]
Cap\'{\i }tulo 1.
LaTeX Font Info:    External font `lmex10' loaded for size
(Font)              <20.74> on input line 24.
LaTeX Font Info:    External font `lmex10' loaded for size
(Font)              <14.4> on input line 24.
LaTeX Font Info:    Font shape `U/msa/m/n' will be
(Font)              scaled to size 21.61124pt on input line 24.
LaTeX Font Info:    Font shape `U/msa/m/n' will be
(Font)              scaled to size 15.0049pt on input line 24.
LaTeX Font Info:    Font shape `U/msb/m/n' will be
(Font)              scaled to size 21.61124pt on input line 24.
LaTeX Font Info:    Font shape `U/msb/m/n' will be
(Font)              scaled to size 15.0049pt on input line 24.
(logica.tex
LaTeX Font Info:    Trying to load font information for T1+lmtt on input line 5
.

(C:\Users\julih\AppData\Local\Programs\MiKTeX\tex/latex/lm\t1lmtt.fd
File: t1lmtt.fd 2015/05/01 v1.6.1 Font defs for Latin Modern
)

LaTeX Warning: Marginpar on page 7 moved.

Package hyperref Info: bookmark level for unknown resuelto defaults to 0 on inp
ut line 17.
[7]
Package hyperref Info: bookmark level for unknown definicion defaults to 0 on i
nput line 62.
LaTeX Font Info:    External font `lmex10' loaded for size
(Font)              <8> on input line 76.
LaTeX Font Info:    External font `lmex10' loaded for size
(Font)              <5> on input line 76.
LaTeX Font Info:    Font shape `U/msa/m/n' will be
(Font)              scaled to size 8.33606pt on input line 76.
LaTeX Font Info:    Font shape `U/msa/m/n' will be
(Font)              scaled to size 5.21004pt on input line 76.
LaTeX Font Info:    Font shape `U/msb/m/n' will be
(Font)              scaled to size 8.33606pt on input line 76.
LaTeX Font Info:    Font shape `U/msb/m/n' will be
(Font)              scaled to size 5.21004pt on input line 76.
Package hyperref Info: bookmark level for unknown tdv defaults to 0 on input li
ne 76.


LaTeX Warning: Marginpar on page 8 moved.

Package hyperref Info: bookmark level for unknown observacion defaults to 0 on 
input line 80.

LaTeX Warning: Marginpar on page 8 moved.


LaTeX Warning: Marginpar on page 8 moved.


LaTeX Warning: Marginpar on page 8 moved.


LaTeX Warning: Marginpar on page 8 moved.


LaTeX Warning: Marginpar on page 8 moved.


LaTeX Warning: Marginpar on page 8 moved.


LaTeX Warning: Marginpar on page 8 moved.


LaTeX Warning: Marginpar on page 8 moved.

[8]

LaTeX Warning: Marginpar on page 9 moved.

Package hyperref Info: bookmark level for unknown solucion defaults to 0 on inp
ut line 166.

LaTeX Warning: Marginpar on page 9 moved.

[9
pdfTeX warning (ext4): destination with the same identifier (name{tdv.4}) has b
een already used, duplicate ignored
<argument> ...shipout:D \box_use:N \l_shipout_box 
                                                  \__shipout_drop_firstpage_...
l.243 \subsection{Equivalencias Lógicas}
                                         ]
<md/tabla_4-1.png, id=387, 782.17218pt x 276.28218pt>
File: md/tabla_4-1.png Graphic file (type png)
<use md/tabla_4-1.png>
Package pdftex.def Info: md/tabla_4-1.png  used on input line 278.
(pdftex.def)             Requested size: 312.0pt x 110.20737pt.


LaTeX Warning: Marginpar on page 10 moved.


LaTeX Warning: Marginpar on page 10 moved.


LaTeX Warning: Marginpar on page 10 moved.

[10 <./md/tabla_4-1.png>]
Overfull \hbox (36.27979pt too wide) in paragraph at lines 372--372
 [] 
 []


LaTeX Warning: Marginpar on page 11 moved.

<md/tabla_silogismo.png, id=402, 914.66719pt x 377.15906pt>
File: md/tabla_silogismo.png Graphic file (type png)
<use md/tabla_silogismo.png>
Package pdftex.def Info: md/tabla_silogismo.png  used on input line 409.
(pdftex.def)             Requested size: 218.39905pt x 90.05386pt.
[11]

LaTeX Warning: Marginpar on page 12 moved.

[12 <./md/tabla_silogismo.png>] [13]
Package hyperref Info: bookmark level for unknown teorema defaults to 0 on inpu
t line 555.
 [14]) (logica(p).tex
Package hyperref Info: bookmark level for unknown problema defaults to 0 on inp
ut line 7.
 [15]
Overfull \hbox (155.84908pt too wide) in paragraph at lines 159--164
 [] 
 []

[16]) (conjuntos.tex [17] [18] [19]
<./md/venn01.png, id=573, 938.00438pt x 205.5178pt>
File: ./md/venn01.png Graphic file (type png)
<use ./md/venn01.png>
Package pdftex.def Info: ./md/venn01.png  used on input line 203.
(pdftex.def)             Requested size: 312.9803pt x 68.5737pt.

Overfull \hbox (0.9803pt too wide) in paragraph at lines 203--207
 [][] 
 []

[20 <./md/venn01.png>]
<./md/venn_union_interseccion.png, id=584, 929.72343pt x 306.39468pt>
File: ./md/venn_union_interseccion.png Graphic file (type png)
<use ./md/venn_union_interseccion.png>
Package pdftex.def Info: ./md/venn_union_interseccion.png  used on input line 2
50.
(pdftex.def)             Requested size: 284.52756pt x 93.76581pt.
) (conjuntos(p).tex) (algebra_conjuntos.tex [21 <./md/venn_union_interseccion.p
ng>]
<./md/venn_complemento.png, id=605, 950.80219pt x 211.54031pt>
File: ./md/venn_complemento.png Graphic file (type png)
<use ./md/venn_complemento.png>
Package pdftex.def Info: ./md/venn_complemento.png  used on input line 43.
(pdftex.def)             Requested size: 284.52756pt x 63.30441pt.
 [22 <./md/venn_complemento.png>]
<./md/sistema_fundamental.png, id=612, 811.53188pt x 341.77687pt>
File: ./md/sistema_fundamental.png Graphic file (type png)
<use ./md/sistema_fundamental.png>
Package pdftex.def Info: ./md/sistema_fundamental.png  used on input line 94.
(pdftex.def)             Requested size: 284.52756pt x 119.83229pt.
<./md/leyes_conjuntos.png, id=613, 764.10469pt x 243.15843pt>
File: ./md/leyes_conjuntos.png Graphic file (type png)
<use ./md/leyes_conjuntos.png>
Package pdftex.def Info: ./md/leyes_conjuntos.png  used on input line 111.
(pdftex.def)             Requested size: 312.9803pt x 99.59912pt.

Overfull \hbox (0.9803pt too wide) in paragraph at lines 111--114
 [][] 
 []

[23 <./md/sistema_fundamental.png> <./md/leyes_conjuntos.png>])
(algebra_conjuntos(p).tex) (relaciones.tex
Package hyperref Info: bookmark level for unknown axioma defaults to 0 on input
 line 27.
 [24] [25] [26]
Overfull \hbox (35.70831pt too wide) in paragraph at lines 214--215
[][][]\T1/qbk/b/n/10 Problema 1.33. [][]\T1/qbk/m/it/10 Sea $\OML/lmm/m/it/10 A
 \OT1/zplm/m/n/10 = [] \OT1/lmr/m/n/10 , \OML/lmm/m/it/10 B \OT1/zplm/m/n/10 = 
[]$ \T1/qbk/m/it/10 y $\OML/lmm/m/it/10 R \OT1/zplm/m/n/10 = [] \OT1/lmr/m/n/10
 .$ 
 []

[27] [28] [29]) (relaciones(p).tex
Overfull \hbox (5.83467pt too wide) in paragraph at lines 9--10
[][][]\T1/qbk/b/n/10 Problema 1.37. [][]\T1/qbk/m/it/10 De-ter-mi-ne cuan-do un
a re-la-cin $\OML/lmm/m/it/10 R$ \T1/qbk/m/it/10 es \T1/qbk/m/n/10 no-reflexiv
a\T1/qbk/m/it/10 .  
 []

[30] [31] [32]) [33] [34

]
Cap\'{\i }tulo 2.
(funciones.tex [35] [36]
Package hyperref Info: bookmark level for unknown proposicion defaults to 0 on 
input line 158.
<./md/IMG-04_resticcion.png, id=802, 566.5968pt x 421.3341pt>
File: ./md/IMG-04_resticcion.png Graphic file (type png)
<use ./md/IMG-04_resticcion.png>
Package pdftex.def Info: ./md/IMG-04_resticcion.png  used on input line 195.
(pdftex.def)             Requested size: 227.62204pt x 169.26357pt.
 [37]) (funciones(p).tex [38 <./md/IMG-04_resticcion.png>]
<./md/MD02_IM01.png, id=834, 933.4875pt x 258.21469pt>
File: ./md/MD02_IM01.png Graphic file (type png)
<use ./md/MD02_IM01.png>
Package pdftex.def Info: ./md/MD02_IM01.png  used on input line 54.
(pdftex.def)             Requested size: 284.52756pt x 78.70216pt.
<./md/MD02_sqrt_x-2.png, id=835, 421.575pt x 418.56375pt>
File: ./md/MD02_sqrt_x-2.png Graphic file (type png)
<use ./md/MD02_sqrt_x-2.png>
Package pdftex.def Info: ./md/MD02_sqrt_x-2.png  used on input line 63.
(pdftex.def)             Requested size: 229.25528pt x 227.62204pt.
<./md/MD02_IM02.png, id=836, 952.30782pt x 295.85532pt>
File: ./md/MD02_IM02.png Graphic file (type png)
<use ./md/MD02_IM02.png>
Package pdftex.def Info: ./md/MD02_IM02.png  used on input line 70.
(pdftex.def)             Requested size: 284.52756pt x 88.39612pt.
) (particiones.tex [39 <./md/MD02_IM01.png>] [40 <./md/MD02_sqrt_x-2.png> <./md
/MD02_IM02.png>]
<./em/puzzle-5294291_1280.jpg, id=874, 308.352pt x 205.4877pt>
File: ./em/puzzle-5294291_1280.jpg Graphic file (type jpg)
<use ./em/puzzle-5294291_1280.jpg>
Package pdftex.def Info: ./em/puzzle-5294291_1280.jpg  used on input line 33.
(pdftex.def)             Requested size: 218.39905pt x 145.54297pt.
<./em/1280px-Venn_diagram_for_A_union_B.svg.png, id=876, 1284.8pt x 840.13875pt
>
File: ./em/1280px-Venn_diagram_for_A_union_B.svg.png Graphic file (type png)
<use ./em/1280px-Venn_diagram_for_A_union_B.svg.png>
Package pdftex.def Info: ./em/1280px-Venn_diagram_for_A_union_B.svg.png  used o
n input line 42.
(pdftex.def)             Requested size: 218.39905pt x 142.80887pt.
 [41 <./em/puzzle-5294291_1280.jpg> <./em/1280px-Venn_diagram_for_A_union_B.svg
.png>] [42]
Underfull \vbox (badness 10000) has occurred while \output is active []

 [43])
(particiones(p).tex) (analisis_combinatorio.tex [44]
Overfull \hbox (5.42404pt too wide) in paragraph at lines 40--41
[] \OT1/lmr/m/n/10 ,$ \T1/qbk/m/n/10 po-de-mos iden-ti-fi-car es-te con-jun-to 
con $\OML/lmm/m/it/10 A[] \OT1/zplm/m/n/10 = []$ 
 []

[45]) (analisis_combinatorio(p).tex [46]) [47] [48

]
Cap\'{\i }tulo 3.
(numeros_enteros.tex

LaTeX Warning: Marginpar on page 49 moved.

[49]
Overfull \hbox (8.24907pt too wide) in paragraph at lines 68--73
\T1/lmtt/m/n/10 nmeros enteros positivos. Consideremos la siguiente sucesin 
 []


LaTeX Warning: Marginpar on page 50 moved.


LaTeX Warning: Marginpar on page 50 moved.

[50]) (numeros_enteros(p).tex) (teorema_fundamental_aritmetica.tex [51])
(induccion.tex [52] [53] [54] [55]
(C:\Users\julih\AppData\Local\Programs\MiKTeX\tex/latex/listings\lstlang1.sty
File: lstlang1.sty 2020/03/24 1.8d listings language file
)
Package hyperref Info: bookmark level for unknown lstlisting defaults to 0 on i
nput line 237.

[56] [57]) (induccion(p).tex [58]) [59] [60

]
Cap\'{\i }tulo 4.
(numeros_racionales.tex

Package hyperref Warning: Suppressing empty link on input line 65.

[61] [62]
Overfull \hbox (6.19936pt too wide) in paragraph at lines 196--199
[]\T1/qbk/b/n/10 Algoritmo. (Su-ma de frac-cio-nes)  \T1/lmtt/m/n/10 Para sumar
 dos fracciones 
 []

[63]) (razones_proporciones.tex [64] [65] [66]) (numeros_reales.tex
<./calculo/fig-01-01--recta_numerica.png, id=1289, 532.99126pt x 63.23625pt>
File: ./calculo/fig-01-01--recta_numerica.png Graphic file (type png)
<use ./calculo/fig-01-01--recta_numerica.png>
Package pdftex.def Info: ./calculo/fig-01-01--recta_numerica.png  used on input
 line 37.
(pdftex.def)             Requested size: 249.60095pt x 29.61392pt.
 [67]
[68 <./calculo/fig-01-01--recta_numerica.png (PNG copy)>] [69])
(funciones_reales.tex [70] [71] [72] [73] [74]) [75] [76

]
Cap\'{\i }tulo 5.
(sistemas_ecuaciones_lineales.tex
<./precalculo/IM0401.png, id=1414, 293.29575pt x 164.0529pt>
File: ./precalculo/IM0401.png Graphic file (type png)
<use ./precalculo/IM0401.png>
Package pdftex.def Info: ./precalculo/IM0401.png  used on input line 47.
(pdftex.def)             Requested size: 254.34624pt x 142.26378pt.
 [77]) (determinantes.tex
<./precalculo/IM0402.png, id=1430, 890.5772pt x 300.3722pt>
File: ./precalculo/IM0402.png Graphic file (type png)
<use ./precalculo/IM0402.png>
Package pdftex.def Info: ./precalculo/IM0402.png  used on input line 9.
(pdftex.def)             Requested size: 341.43306pt x 115.15552pt.

Overfull \hbox (29.43306pt too wide) in paragraph at lines 9--12
 [][] 
 []

[78 <./precalculo/IM0401.png> <./precalculo/IM0402.png>]) [79] [80

]
Cap\'{\i }tulo 6.
(reduccion_terminos_semejantes.tex [81]) (supresion_signos_agrupacion.tex
[82]) (multiplicacion_polinomios.tex [83]) (productos_notables.tex [84]
[85]) (sumas_diferencias_potencias.tex [86]) [87] [88

]
Cap\'{\i }tulo 7.
(division_sintetica.tex [89]) (teorema_ceros_racionales.tex [90]
Package hyperref Info: bookmark level for unknown sugerencia defaults to 0 on i
nput line 57.
 [91]
Overfull \vbox (1.0pt too high) has occurred while \output is active []


Overfull \vbox (1.0pt too high) has occurred while \output is active []

 [92])
(algoritmo_factorizacion.tex [93]
Overfull \hbox (16.8995pt too wide) in paragraph at lines 103--106
[]\T1/qbk/b/n/10 Algoritmo. (Fac-to-ri-za-cin de un di-vi-sor aso-cia-do)  \T1
/lmtt/m/n/10 Supongamos 
 []

[94]
Overfull \hbox (16.7352pt too wide) in paragraph at lines 138--139
[]\T1/lmtt/m/it/10 Dividir. \T1/lmtt/m/n/10 Use la divisin sinttica para eval
uar el polinimio 
 []


Overfull \hbox (20.24907pt too wide) in paragraph at lines 139--140
\T1/lmtt/m/n/10 Pare cuando llegue al cociente que no tenga ceros racionales.  

 []

Package hyperref Info: bookmark level for unknown corolario defaults to 0 on in
put line 199.
[95]) (criterios_evaluar_raices.tex [96]) (ecuaciones_segundo_grado.tex
<./precalculo/IM020401.png, id=1794, 663.4386pt x 328.8285pt>
File: ./precalculo/IM020401.png Graphic file (type png)
<use ./precalculo/IM020401.png>
Package pdftex.def Info: ./precalculo/IM020401.png  used on input line 11.
(pdftex.def)             Requested size: 287.03448pt x 142.26378pt.

[97] [98 <./precalculo/IM020401.png>]
<./precalculo/IM0301.png, id=1823, 2836.5975pt x 1433.1141pt>
File: ./precalculo/IM0301.png Graphic file (type png)
<use ./precalculo/IM0301.png>
Package pdftex.def Info: ./precalculo/IM0301.png  used on input line 149.
(pdftex.def)             Requested size: 281.5555pt x 142.26378pt.
 [99 <./precalculo/IM0301.png>] [100]
[101]) [102]
Cap\'{\i }tulo 8.

Overfull \hbox (20.18047pt too wide) in paragraph at lines 77--77
|[]\T1/qbk/m/it/20.74 Trigonometra y N-me-ros com-ple-
 []

(trigonometria.tex
Overfull \hbox (6.29944pt too wide) in paragraph at lines 3--3
|[]\T1/qbk/m/it/12 La geo-me-tra de los trin-gu-los: con-gruen-cia, si-mi-li-
tud
 []

<./trig/algsup3-01.png, id=1901, 198.7425pt x 206.27063pt>
File: ./trig/algsup3-01.png Graphic file (type png)
<use ./trig/algsup3-01.png>
Package pdftex.def Info: ./trig/algsup3-01.png  used on input line 12.
(pdftex.def)             Requested size: 219.31793pt x 227.62204pt.
[103

 <./trig/algsup3-01.png>]
<./trig/algsup3-02.png, id=1909, 133.24782pt x 520.19344pt>
File: ./trig/algsup3-02.png Graphic file (type png)
<use ./trig/algsup3-02.png>
Package pdftex.def Info: ./trig/algsup3-02.png  used on input line 41.
(pdftex.def)             Requested size: 56.9055pt x 222.15482pt.
<./trig/trig9446.png, id=1910, 407.27156pt x 420.06938pt>
File: ./trig/trig9446.png Graphic file (type png)
<use ./trig/trig9446.png>
Package pdftex.def Info: ./trig/trig9446.png  used on input line 69.
(pdftex.def)             Requested size: 142.26378pt x 146.73163pt.
<./trig/trig9447.png, id=1911, 679.78969pt x 328.22626pt>
File: ./trig/trig9447.png Graphic file (type png)
<use ./trig/trig9447.png>
Package pdftex.def Info: ./trig/trig9447.png  used on input line 87.
(pdftex.def)             Requested size: 142.26378pt x 68.68915pt.
<./trig/trig9448.png, id=1912, 194.97844pt x 141.52875pt>
File: ./trig/trig9448.png Graphic file (type png)
<use ./trig/trig9448.png>
Package pdftex.def Info: ./trig/trig9448.png  used on input line 98.
(pdftex.def)             Requested size: 142.26378pt x 103.26761pt.
<./trig/trig94thm.png, id=1913, 558.58687pt x 382.42876pt>
File: ./trig/trig94thm.png Graphic file (type png)
<use ./trig/trig94thm.png>
Package pdftex.def Info: ./trig/trig94thm.png  used on input line 116.
(pdftex.def)             Requested size: 142.26378pt x 97.3984pt.
 [104 <./trig/algsup3-02.png>] [105 <./trig/trig9446.png> <./trig/trig9447.png>
 <./trig/trig9448.png> <./trig/trig94thm.png>]
<./trig/trig9450.png, id=1933, 505.89pt x 277.78781pt>
File: ./trig/trig9450.png Graphic file (type png)
<use ./trig/trig9450.png>
Package pdftex.def Info: ./trig/trig9450.png  used on input line 133.
(pdftex.def)             Requested size: 142.26378pt x 78.11914pt.
<./trig/trig9451.png, id=1934, 179.16937pt x 221.32687pt>
File: ./trig/trig9451.png Graphic file (type png)
<use ./trig/trig9451.png>
Package pdftex.def Info: ./trig/trig9451.png  used on input line 145.
(pdftex.def)             Requested size: 142.26378pt x 175.748pt.
<./trig/trig_101-1.png, id=1935, 834.11626pt x 408.77719pt>
File: ./trig/trig_101-1.png Graphic file (type png)
<use ./trig/trig_101-1.png>
Package pdftex.def Info: ./trig/trig_101-1.png  used on input line 163.
(pdftex.def)             Requested size: 284.52756pt x 139.43773pt.
<./trig/trig_101-2.png, id=1936, 209.28188pt x 135.50626pt>
File: ./trig/trig_101-2.png Graphic file (type png)
<use ./trig/trig_101-2.png>
Package pdftex.def Info: ./trig/trig_101-2.png  used on input line 172.
(pdftex.def)             Requested size: 284.52756pt x 184.22607pt.
<./trig/trig_101-3.png, id=1937, 350.81062pt x 182.93344pt>
File: ./trig/trig_101-3.png Graphic file (type png)
<use ./trig/trig_101-3.png>
Package pdftex.def Info: ./trig/trig_101-3.png  used on input line 181.
(pdftex.def)             Requested size: 284.52756pt x 148.37903pt.
<./trig/trig_101-4.png, id=1938, 188.95593pt x 161.10187pt>
File: ./trig/trig_101-4.png Graphic file (type png)
<use ./trig/trig_101-4.png>
Package pdftex.def Info: ./trig/trig_101-4.png  used on input line 190.
(pdftex.def)             Requested size: 284.52756pt x 242.60599pt.
<./trig/trig_101-5.png, id=1939, 493.845pt x 111.41624pt>
File: ./trig/trig_101-5.png Graphic file (type png)
<use ./trig/trig_101-5.png>
Package pdftex.def Info: ./trig/trig_101-5.png  used on input line 199.
(pdftex.def)             Requested size: 284.52756pt x 64.19135pt.
<./trig/trig_101-tab1.png, id=1940, 581.92406pt x 420.06938pt>
File: ./trig/trig_101-tab1.png Graphic file (type png)
<use ./trig/trig_101-tab1.png>
Package pdftex.def Info: ./trig/trig_101-tab1.png  used on input line 208.
(pdftex.def)             Requested size: 227.62204pt x 164.30713pt.
<./trig/sull0610.png, id=1941, 569.12625pt x 355.3275pt>
File: ./trig/sull0610.png Graphic file (type png)
<use ./trig/sull0610.png>
Package pdftex.def Info: ./trig/sull0610.png  used on input line 231.
(pdftex.def)             Requested size: 227.86357pt x 142.26378pt.

[106 <./trig/trig9450.png> <./trig/trig9451.png>] [107 <./trig/trig_101-1.png> 
<./trig/trig_101-2.png> <./trig/trig_101-3.png>] [108 <./trig/trig_101-4.png> <
./trig/trig_101-5.png> <./trig/trig_101-tab1.png>]
<./trig/sull6112.png, id=1962, 190.46156pt x 152.06813pt>
File: ./trig/sull6112.png Graphic file (type png)
<use ./trig/sull6112.png>
Package pdftex.def Info: ./trig/sull6112.png  used on input line 264.
(pdftex.def)             Requested size: 178.18526pt x 142.26378pt.
 [109 <./trig/sull0610.png> <./trig/sull6112.png>]
<./trig/sull61t1.png, id=1978, 617.30624pt x 143.03438pt>
File: ./trig/sull61t1.png Graphic file (type png)
<use ./trig/sull61t1.png>
Package pdftex.def Info: ./trig/sull61t1.png  used on input line 304.
(pdftex.def)             Requested size: 284.52756pt x 65.92755pt.
<./trig/sull113.png, id=1979, 579.66562pt x 298.11375pt>
File: ./trig/sull113.png Graphic file (type png)
<use ./trig/sull113.png>
Package pdftex.def Info: ./trig/sull113.png  used on input line 321.
(pdftex.def)             Requested size: 284.52756pt x 146.3272pt.
<./trig/sull614.png, id=1980, 161.85469pt x 150.5625pt>
File: ./trig/sull614.png Graphic file (type png)
<use ./trig/sull614.png>
Package pdftex.def Info: ./trig/sull614.png  used on input line 337.
(pdftex.def)             Requested size: 152.94853pt x 142.26378pt.
 [110 <./trig/sull61t1.png> <./trig/sull113.png>]
<./trig/sull6115.png, id=1991, 147.55125pt x 158.09062pt>
File: ./trig/sull6115.png Graphic file (type png)
<use ./trig/sull6115.png>
Package pdftex.def Info: ./trig/sull6115.png  used on input line 345.
(pdftex.def)             Requested size: 132.78812pt x 142.26378pt.
<./trig/sull6116.png, id=1992, 205.5178pt x 162.6075pt>
File: ./trig/sull6116.png Graphic file (type png)
<use ./trig/sull6116.png>
Package pdftex.def Info: ./trig/sull6116.png  used on input line 377.
(pdftex.def)             Requested size: 179.81822pt x 142.26378pt.
 [111 <./trig/sull614.png> <./trig/sull6115.png>]
<./trig/sull6117.png, id=2006, 199.49532pt x 191.21437pt>
File: ./trig/sull6117.png Graphic file (type png)
<use ./trig/sull6117.png>
Package pdftex.def Info: ./trig/sull6117.png  used on input line 409.
(pdftex.def)             Requested size: 142.26378pt x 136.36418pt.

Overfull \hbox (4.4994pt too wide) in paragraph at lines 429--429
|[]\T1/qbk/m/it/12 Funciones tri-go-no-m-tri-cas: El en-fo-que del crcu-lo un
i-
 []

[112 <./trig/sull6116.png> <./trig/sull6117.png>]
<./trig/sull0618.png, id=2018, 440.39531pt x 282.30469pt>
File: ./trig/sull0618.png Graphic file (type png)
<use ./trig/sull0618.png>
Package pdftex.def Info: ./trig/sull0618.png  used on input line 434.
(pdftex.def)             Requested size: 284.52756pt x 182.39311pt.
<./trig/sull0619.png, id=2019, 235.63031pt x 152.82094pt>
File: ./trig/sull0619.png Graphic file (type png)
<use ./trig/sull0619.png>
Package pdftex.def Info: ./trig/sull0619.png  used on input line 466.
(pdftex.def)             Requested size: 284.52756pt x 184.53612pt.
<./trig/sull0620.png, id=2020, 875.52094pt x 199.49532pt>
File: ./trig/sull0620.png Graphic file (type png)
<use ./trig/sull0620.png>
Package pdftex.def Info: ./trig/sull0620.png  used on input line 482.
(pdftex.def)             Requested size: 284.52756pt x 64.83215pt.
 [113 <./trig/sull0618.png>]
<./trig/sull06t2.png, id=2033, 902.6222pt x 232.61906pt>
File: ./trig/sull06t2.png Graphic file (type png)
<use ./trig/sull06t2.png>
Package pdftex.def Info: ./trig/sull06t2.png  used on input line 510.
(pdftex.def)             Requested size: 312.9803pt x 80.66185pt.

Overfull \hbox (0.9803pt too wide) in paragraph at lines 510--513
 [][] 
 []

[114 <./trig/sull0619.png> <./trig/sull0620.png> <./trig/sull06t2.png>]
<./trig/sull0624.png, id=2042, 591.71063pt x 209.28188pt>
File: ./trig/sull0624.png Graphic file (type png)
<use ./trig/sull0624.png>
Package pdftex.def Info: ./trig/sull0624.png  used on input line 549.
(pdftex.def)             Requested size: 284.52756pt x 100.63617pt.
<./trig/sull06t3.png, id=2043, 619.56468pt x 200.24812pt>
File: ./trig/sull06t3.png Graphic file (type png)
<use ./trig/sull06t3.png>
Package pdftex.def Info: ./trig/sull06t3.png  used on input line 572.
(pdftex.def)             Requested size: 312.9803pt x 101.15659pt.

Overfull \hbox (0.9803pt too wide) in paragraph at lines 572--575
 [][] 
 []

<./trig/sull0627.png, id=2044, 256.70906pt x 153.57375pt>
File: ./trig/sull0627.png Graphic file (type png)
<use ./trig/sull0627.png>
Package pdftex.def Info: ./trig/sull0627.png  used on input line 586.
(pdftex.def)             Requested size: 284.52756pt x 170.2275pt.
[115 <./trig/sull0624.png> <./trig/sull06t3.png>]
<./trig/sull0712.png, id=2060, 493.845pt x 200.24812pt>
File: ./trig/sull0712.png Graphic file (type png)
<use ./trig/sull0712.png>
Package pdftex.def Info: ./trig/sull0712.png  used on input line 760.
(pdftex.def)             Requested size: 284.52756pt x 115.37094pt.
<./trig/sull0713.png, id=2061, 200.24812pt x 191.21437pt>
File: ./trig/sull0713.png Graphic file (type png)
<use ./trig/sull0713.png>
Package pdftex.def Info: ./trig/sull0713.png  used on input line 770.
(pdftex.def)             Requested size: 208.58925pt x 199.16928pt.
<./trig/sull0714.png, id=2062, 399.74344pt x 390.70969pt>
File: ./trig/sull0714.png Graphic file (type png)
<use ./trig/sull0714.png>
Package pdftex.def Info: ./trig/sull0714.png  used on input line 781.
(pdftex.def)             Requested size: 203.77495pt x 199.16928pt.
<./trig/arctan.png, id=2063, 565.8741pt x 138.7584pt>
File: ./trig/arctan.png Graphic file (type png)
<use ./trig/arctan.png>
Package pdftex.def Info: ./trig/arctan.png  used on input line 790.
(pdftex.def)             Requested size: 284.52756pt x 69.77072pt.
 [116 <./trig/sull0627.png> <./trig/sull0712.png>] [117 <./trig/sull0713.png> <
./trig/sull0714.png> <./trig/arctan.png>]
<./trig/Examples_of_Polar_Coordinates.png, id=2075, 321.2pt x 264.99pt>
File: ./trig/Examples_of_Polar_Coordinates.png Graphic file (type png)
<use ./trig/Examples_of_Polar_Coordinates.png>
Package pdftex.def Info: ./trig/Examples_of_Polar_Coordinates.png  used on inpu
t line 829.
(pdftex.def)             Requested size: 172.44069pt x 142.26378pt.
 [118 <./trig/Examples_of_Polar_Coordinates.png>]
<./trig/angulo_vision.png, id=2086, 498.36188pt x 283.0575pt>
File: ./trig/angulo_vision.png Graphic file (type png)
<use ./trig/angulo_vision.png>
Package pdftex.def Info: ./trig/angulo_vision.png  used on input line 858.
(pdftex.def)             Requested size: 284.52756pt x 161.60791pt.
)
(trigonometria_analitica.tex [119 <./trig/angulo_vision.png>]
<./trig/sull0628.png, id=2100, 456.20438pt x 152.06813pt>
File: ./trig/sull0628.png Graphic file (type png)
<use ./trig/sull0628.png>
Package pdftex.def Info: ./trig/sull0628.png  used on input line 44.
(pdftex.def)             Requested size: 312.9803pt x 104.32846pt.

Overfull \hbox (0.9803pt too wide) in paragraph at lines 44--47
 [][] 
 []

[120 <./trig/sull0628.png>]
<./trig/sull0641.png, id=2114, 230.36063pt x 213.04594pt>
File: ./trig/sull0641.png Graphic file (type png)
<use ./trig/sull0641.png>
Package pdftex.def Info: ./trig/sull0641.png  used on input line 145.
(pdftex.def)             Requested size: 246.13542pt x 227.62204pt.
<./trig/sull0642.png, id=2115, 247.67531pt x 203.25937pt>
File: ./trig/sull0642.png Graphic file (type png)
<use ./trig/sull0642.png>
Package pdftex.def Info: ./trig/sull0642.png  used on input line 163.
(pdftex.def)             Requested size: 277.37177pt x 227.62204pt.
<./trig/sull0443.png, id=2116, 240.9pt x 205.5178pt>
File: ./trig/sull0443.png Graphic file (type png)
<use ./trig/sull0443.png>
Package pdftex.def Info: ./trig/sull0443.png  used on input line 181.
(pdftex.def)             Requested size: 266.81033pt x 227.62204pt.
 [121] [122 <./trig/sull0641.png> <./trig/sull0642.png>] [123 <./trig/sull0443.
png>]) (numeros_complejos.tex [124]
Overfull \hbox (12.70297pt too wide) in paragraph at lines 58--59
[]$[] \OT1/zplm/m/n/10 + (\OML/lmm/m/it/10 x[] \OT1/zplm/m/n/10 + \OML/lmm/m/it
/10 iy[]\OT1/zplm/m/n/10 ) = (\OML/lmm/m/it/10 x \OT1/zplm/m/n/10 + \OML/lmm/m/
it/10 iy\OT1/zplm/m/n/10 ) + []$  
 []

[125] [126]

Package hyperref Warning: Token not allowed in a PDF string (Unicode):
(hyperref)                removing `math shift' on input line 117.


Package hyperref Warning: Token not allowed in a PDF string (Unicode):
(hyperref)                removing `math shift' on input line 117.

[127] [128] [129]) [130]
Cap\'{\i }tulo 9.
(fracciones_parciales.tex [131

]
LaTeX Font Info:    External font `lmex10' loaded for size
(Font)              <10.95> on input line 91.
LaTeX Font Info:    Font shape `U/msa/m/n' will be
(Font)              scaled to size 11.40997pt on input line 91.
LaTeX Font Info:    Font shape `U/msb/m/n' will be
(Font)              scaled to size 11.40997pt on input line 91.

Overfull \hbox (7.95802pt too wide) in paragraph at lines 141--141
|\T1/qbk/m/it/10.95 Caso 3. Fac-to-res cua-dr-ti-cos irre-du-ci-bles dis-tin-t
os, y li-nea-les
 []

[132]) (fracciones_parciales(p).tex [133] [134]) ([Precálculo].bbl [135]
[136

]
Cap\'{\i }tulo 10.
) [137] ([Precálculo].aux
LaTeX Info: Redefining \. on input line 20.
LaTeX Info: Redefining \% on input line 20.
)

LaTeX Warning: There were multiply-defined labels.

Package rerunfilecheck Info: File `[Precálculo].out' has not changed.
(rerunfilecheck)             Checksum: 379D29A9EBADDAB7D9ED31FFA33C276E;8661.
 ) 
Here is how much of TeX's memory you used:
 34298 strings out of 475389
 640123 string characters out of 2777000
 1130871 words of memory out of 3000000
 53192 multiletter control sequences out of 15000+600000
 642024 words of font info for 183 fonts, out of 8000000 for 9000
 1141 hyphenation exceptions out of 8191
 94i,17n,94p,573b,1961s stack positions out of 10000i,1000n,20000p,200000b,80000s
{C:/Users/julih/AppData/Local/Programs/MiKTeX/fonts/enc/dvips/lm/lm-mathsy.en
c}{C:/Users/julih/AppData/Local/Programs/MiKTeX/fonts/enc/dvips/tex-gyre/q-ec-s
c.enc}{C:/Users/julih/AppData/Local/Programs/MiKTeX/fonts/enc/dvips/lm/lm-rm.en
c}{C:/Users/julih/AppData/Local/Programs/MiKTeX/fonts/enc/dvips/lm/lm-mathit.en
c}{C:/Users/julih/AppData/Local/Programs/MiKTeX/fonts/enc/dvips/tex-gyre/q-ec.e
nc}{C:/Users/julih/AppData/Local/Programs/MiKTeX/fonts/enc/dvips/lm/lm-mathex.e
nc}{C:/Users/julih/AppData/Local/Programs/MiKTeX/fonts/enc/dvips/base/8r.enc}{C
:/Users/julih/AppData/Local/Programs/MiKTeX/fonts/enc/dvips/lm/lm-ec.enc}{C:/Us
ers/julih/AppData/Local/Programs/MiKTeX/fonts/enc/dvips/tex-gyre/q-ts1.enc}<C:/
Users/julih/AppData/Local/Programs/MiKTeX/fonts/type1/public/amsfonts/cm/cmr10.
pfb><C:/Users/julih/AppData/Local/Programs/MiKTeX/fonts/type1/public/amsfonts/e
uler/eufm10.pfb><C:/Users/julih/AppData/Local/Programs/MiKTeX/fonts/type1/publi
c/mathpazo/fplmbb.pfb><C:/Users/julih/AppData/Local/Programs/MiKTeX/fonts/type1
/public/mathpazo/fplmr.pfb><C:/Users/julih/AppData/Local/Programs/MiKTeX/fonts/
type1/public/lm/lmex10.pfb><C:/Users/julih/AppData/Local/Programs/MiKTeX/fonts/
type1/public/lm/lmmi10.pfb><C:/Users/julih/AppData/Local/Programs/MiKTeX/fonts/
type1/public/lm/lmmi6.pfb><C:/Users/julih/AppData/Local/Programs/MiKTeX/fonts/t
ype1/public/lm/lmmi8.pfb><C:/Users/julih/AppData/Local/Programs/MiKTeX/fonts/ty
pe1/public/lm/lmr10.pfb><C:/Users/julih/AppData/Local/Programs/MiKTeX/fonts/typ
e1/public/lm/lmr6.pfb><C:/Users/julih/AppData/Local/Programs/MiKTeX/fonts/type1
/public/lm/lmr8.pfb><C:/Users/julih/AppData/Local/Programs/MiKTeX/fonts/type1/p
ublic/lm/lmss17.pfb><C:/Users/julih/AppData/Local/Programs/MiKTeX/fonts/type1/p
ublic/lm/lmsy10.pfb><C:/Users/julih/AppData/Local/Programs/MiKTeX/fonts/type1/p
ublic/lm/lmsy6.pfb><C:/Users/julih/AppData/Local/Programs/MiKTeX/fonts/type1/pu
blic/lm/lmsy8.pfb><C:/Users/julih/AppData/Local/Programs/MiKTeX/fonts/type1/pub
lic/lm/lmtt10.pfb><C:/Users/julih/AppData/Local/Programs/MiKTeX/fonts/type1/pub
lic/lm/lmtt8.pfb><C:/Users/julih/AppData/Local/Programs/MiKTeX/fonts/type1/publ
ic/lm/lmtti10.pfb><C:/Users/julih/AppData/Local/Programs/MiKTeX/fonts/type1/pub
lic/amsfonts/symbols/msam10.pfb><C:/Users/julih/AppData/Local/Programs/MiKTeX/f
onts/type1/public/amsfonts/symbols/msbm10.pfb><C:/Users/julih/AppData/Local/Pro
grams/MiKTeX/fonts/type1/public/tex-gyre/qbkb.pfb><C:/Users/julih/AppData/Local
/Programs/MiKTeX/fonts/type1/public/tex-gyre/qbkbi.pfb><C:/Users/julih/AppData/
Local/Programs/MiKTeX/fonts/type1/public/tex-gyre/qbkr.pfb><C:/Users/julih/AppD
ata/Local/Programs/MiKTeX/fonts/type1/public/tex-gyre/qbkri.pfb><C:/Users/julih
/AppData/Local/Programs/MiKTeX/fonts/type1/urw/palatino/uplr8a.pfb>
Output written on [Precálculo].pdf (137 pages, 3353037 bytes).
PDF statistics:
 2795 PDF objects out of 2984 (max. 8388607)
 1551 named destinations out of 1728 (max. 500000)
 3231 words of extra memory for PDF output out of 10000 (max. 10000000)

